Base path: '/Applications/Unity/Hub/Editor/2019.4.40f1/Unity.app/Contents', plugins path '/Applications/Unity/Hub/Editor/2019.4.40f1/Unity.app/Contents/PlaybackEngines'
Cmd: initializeCompiler
Cmd: compileSnippet
  api=14 type=0 insize=1582 outsize=1546 kw= pd=UNITY_ENABLE_REFLECTION_BUFFERS UNITY_USE_DITHER_MASK_FOR_ALPHABLENDED_SHADOWS UNITY_PBS_USE_BRDF1 UNITY_SPECCUBE_BOX_PROJECTION UNITY_SPECCUBE_BLENDING UNITY_ENABLE_DETAIL_NORMALMAP SHADER_API_DESKTOP UNITY_COLORSPACE_GAMMA UNITY_LIGHT_PROBE_PROXY_VOLUME UNITY_LIGHTMAP_FULL_HDR ok=1
Cmd: compileSnippet
  api=14 type=1 insize=1582 outsize=951 kw= pd=UNITY_ENABLE_REFLECTION_BUFFERS UNITY_USE_DITHER_MASK_FOR_ALPHABLENDED_SHADOWS UNITY_PBS_USE_BRDF1 UNITY_SPECCUBE_BOX_PROJECTION UNITY_SPECCUBE_BLENDING UNITY_ENABLE_DETAIL_NORMALMAP SHADER_API_DESKTOP UNITY_COLORSPACE_GAMMA UNITY_LIGHT_PROBE_PROXY_VOLUME UNITY_LIGHTMAP_FULL_HDR ok=1
Cmd: preprocessCompute
  insize=763 outsize=775 ok=1
Cmd: compileComputeKernel
  api=14 insize=775 outsize=6092 ok=1
Cmd: translateComputeKernel
  api=14 insize=14097 outsize=26388 ok=1
Cmd: preprocessCompute
  insize=1031 outsize=1069 ok=1
Cmd: compileComputeKernel
  api=14 insize=1069 outsize=3213 ok=1
Cmd: compileComputeKernel
  api=14 insize=1069 outsize=3245 ok=1
Cmd: compileComputeKernel
  api=14 insize=1069 outsize=3276 ok=1
Cmd: translateComputeKernel
  api=14 insize=3316 outsize=3793 ok=1
Cmd: translateComputeKernel
  api=14 insize=3345 outsize=3836 ok=1
Cmd: translateComputeKernel
  api=14 insize=3379 outsize=3876 ok=1
Cmd: preprocessCompute
  insize=2839 outsize=2847 ok=1
Cmd: translateComputeKernel
  api=14 insize=4614 outsize=8000 ok=1
Cmd: preprocessCompute
  insize=313 outsize=331 ok=1
Cmd: compileComputeKernel
  api=14 insize=331 outsize=2515 ok=1
Cmd: preprocessCompute
  insize=713 outsize=759 ok=1
Cmd: compileComputeKernel
  api=14 insize=759 outsize=2546 ok=1
Cmd: compileComputeKernel
  api=14 insize=759 outsize=1319 ok=1
Cmd: compileComputeKernel
  api=14 insize=759 outsize=2584 ok=1
Cmd: translateComputeKernel
  api=14 insize=2583 outsize=2342 ok=1
Cmd: translateComputeKernel
  api=14 insize=2660 outsize=2457 ok=1
Cmd: translateComputeKernel
  api=14 insize=2713 outsize=2578 ok=1
Cmd: preprocessCompute
  insize=3365 outsize=3405 ok=1
Cmd: compileComputeKernel
  api=14 insize=3405 outsize=28413 ok=1
Cmd: translateComputeKernel
  api=14 insize=28447 outsize=59214 ok=1
Cmd: translateComputeKernel
  api=14 insize=36656 outsize=71509 ok=1
Cmd: preprocessCompute
  insize=13703 outsize=13751 ok=1
Cmd: compileComputeKernel
  api=14 insize=13751 outsize=3547 ok=1
Cmd: compileComputeKernel
  api=14 insize=13751 outsize=3991 ok=1
Cmd: compileComputeKernel
  api=14 insize=13751 outsize=4423 ok=1
Cmd: compileComputeKernel
  api=14 insize=13751 outsize=5058 ok=1
Cmd: translateComputeKernel
  api=14 insize=3908 outsize=4170 ok=1
Cmd: translateComputeKernel
  api=14 insize=4173 outsize=4396 ok=1
Cmd: translateComputeKernel
  api=14 insize=4530 outsize=5867 ok=1
Cmd: preprocessCompute
  insize=20809 outsize=20821 ok=1
Cmd: compileComputeKernel
  api=14 insize=20821 outsize=15620 ok=1
Cmd: translateComputeKernel
  api=14 insize=45733 outsize=87578 ok=1
Cmd: preprocessCompute
  insize=89322 outsize=89748 ok=1
Cmd: compileComputeKernel
  api=14 insize=89748 outsize=6230 ok=1
Cmd: compileComputeKernel
  api=14 insize=89748 outsize=4411 ok=1
Cmd: compileComputeKernel
  api=14 insize=89748 outsize=7932 ok=1
Cmd: compileComputeKernel
  api=14 insize=89748 outsize=3713 ok=1
Cmd: compileComputeKernel
  api=14 insize=89748 outsize=4269 ok=1
Cmd: compileComputeKernel
  api=14 insize=89748 outsize=5703 ok=1
Cmd: compileComputeKernel
  api=14 insize=89748 outsize=5636 ok=1
Cmd: compileComputeKernel
  api=14 insize=89748 outsize=5596 ok=1
Cmd: compileComputeKernel
  api=14 insize=89748 outsize=5681 ok=1
Cmd: compileComputeKernel
  api=14 insize=89748 outsize=5633 ok=1
Cmd: compileComputeKernel
  api=14 insize=89748 outsize=7196 ok=1
Cmd: compileComputeKernel
  api=14 insize=89748 outsize=5908 ok=1
Cmd: compileComputeKernel
  api=14 insize=89748 outsize=6140 ok=1
Cmd: compileComputeKernel
  api=14 insize=89748 outsize=5599 ok=1
Cmd: compileComputeKernel
  api=14 insize=89748 outsize=6199 ok=1
Cmd: compileComputeKernel
  api=14 insize=89748 outsize=7363 ok=1
Cmd: compileComputeKernel
  api=14 insize=89748 outsize=7363 ok=1
Cmd: compileComputeKernel
  api=14 insize=89748 outsize=7395 ok=1
Cmd: compileComputeKernel
  api=14 insize=89748 outsize=7541 ok=1
Cmd: compileComputeKernel
  api=14 insize=89748 outsize=5684 ok=1
Cmd: compileComputeKernel
  api=14 insize=89748 outsize=5533 ok=1
Cmd: compileComputeKernel
  api=14 insize=89748 outsize=5594 ok=1
Cmd: compileComputeKernel
  api=14 insize=89748 outsize=3677 ok=1
Cmd: compileComputeKernel
  api=14 insize=89748 outsize=9433 ok=1
Cmd: translateComputeKernel
  api=14 insize=4759 outsize=4468 ok=1
Cmd: translateComputeKernel
  api=14 insize=16260 outsize=28764 ok=1
Cmd: translateComputeKernel
  api=14 insize=6331 outsize=8266 ok=1
Cmd: translateComputeKernel
  api=14 insize=6331 outsize=8264 ok=1
Cmd: translateComputeKernel
  api=14 insize=6328 outsize=8350 ok=1
Cmd: translateComputeKernel
  api=14 insize=6328 outsize=8268 ok=1
Cmd: translateComputeKernel
  api=14 insize=6329 outsize=8352 ok=1
Cmd: translateComputeKernel
  api=14 insize=6329 outsize=8270 ok=1
Cmd: translateComputeKernel
  api=14 insize=6413 outsize=8530 ok=1
Cmd: translateComputeKernel
  api=14 insize=4606 outsize=4400 ok=1
Cmd: translateComputeKernel
  api=14 insize=4606 outsize=4400 ok=1
Cmd: translateComputeKernel
  api=14 insize=6436 outsize=8573 ok=1
Cmd: translateComputeKernel
  api=14 insize=6359 outsize=8369 ok=1
Cmd: translateComputeKernel
  api=14 insize=6365 outsize=8410 ok=1
Cmd: translateComputeKernel
  api=14 insize=6365 outsize=8328 ok=1
Cmd: translateComputeKernel
  api=14 insize=6459 outsize=8683 ok=1
Cmd: translateComputeKernel
  api=14 insize=6459 outsize=8601 ok=1
Cmd: translateComputeKernel
  api=14 insize=6373 outsize=8361 ok=1
Cmd: translateComputeKernel
  api=14 insize=7858 outsize=11826 ok=1
Cmd: translateComputeKernel
  api=14 insize=7858 outsize=11701 ok=1
Cmd: translateComputeKernel
  api=14 insize=6532 outsize=8766 ok=1
Cmd: translateComputeKernel
  api=14 insize=6355 outsize=8407 ok=1
Cmd: translateComputeKernel
  api=14 insize=6355 outsize=8325 ok=1
Cmd: translateComputeKernel
  api=14 insize=6355 outsize=8408 ok=1
Cmd: translateComputeKernel
  api=14 insize=6328 outsize=8350 ok=1
Cmd: translateComputeKernel
  api=14 insize=6441 outsize=8516 ok=1
Cmd: translateComputeKernel
  api=14 insize=6331 outsize=8266 ok=1
Cmd: translateComputeKernel
  api=14 insize=6424 outsize=8572 ok=1
Cmd: translateComputeKernel
  api=14 insize=6331 outsize=8348 ok=1
Cmd: translateComputeKernel
  api=14 insize=6532 outsize=9104 ok=1
Cmd: translateComputeKernel
  api=14 insize=8025 outsize=12490 ok=1
Cmd: translateComputeKernel
  api=14 insize=8025 outsize=12494 ok=1
Cmd: translateComputeKernel
  api=14 insize=8057 outsize=12662 ok=1
Cmd: translateComputeKernel
  api=14 insize=8054 outsize=12549 ok=1
Cmd: translateComputeKernel
  api=14 insize=8204 outsize=12880 ok=1
Cmd: preprocessCompute
  insize=451 outsize=467 ok=1
Cmd: compileComputeKernel
  api=14 insize=467 outsize=4237 ok=1
Cmd: translateComputeKernel
  api=14 insize=5429 outsize=8672 ok=1
Cmd: preprocessCompute
  insize=15342 outsize=15390 ok=1
Cmd: compileComputeKernel
  api=14 insize=15390 outsize=4507 ok=1
Cmd: compileComputeKernel
  api=14 insize=15390 outsize=4533 ok=1
Cmd: compileComputeKernel
  api=14 insize=15390 outsize=5117 ok=1
Cmd: translateComputeKernel
  api=14 insize=4605 outsize=8177 ok=1
Cmd: translateComputeKernel
  api=14 insize=4580 outsize=8089 ok=1
Cmd: translateComputeKernel
  api=14 insize=4229 outsize=6292 ok=1
Cmd: translateComputeKernel
  api=14 insize=4216 outsize=6258 ok=1
Cmd: translateComputeKernel
  api=14 insize=4633 outsize=8133 ok=1
Cmd: translateComputeKernel
  api=14 insize=5286 outsize=9751 ok=1
Cmd: preprocessCompute
  insize=67315 outsize=67361 ok=1
Cmd: compileComputeKernel
  api=14 insize=67361 outsize=15376 ok=1
Cmd: compileComputeKernel
  api=14 insize=67361 outsize=15083 ok=1
Cmd: compileComputeKernel
  api=14 insize=67361 outsize=10833 ok=1
Cmd: translateComputeKernel
  api=14 insize=14797 outsize=27672 ok=1
Cmd: translateComputeKernel
  api=14 insize=15792 outsize=32842 ok=1
Cmd: translateComputeKernel
  api=14 insize=12081 outsize=23697 ok=1
Cmd: preprocessCompute
  insize=4575 outsize=4587 ok=1
Cmd: compileComputeKernel
  api=14 insize=4587 outsize=5160 ok=1
Cmd: preprocessCompute
  insize=18743 outsize=18755 ok=1
Cmd: compileComputeKernel
  api=14 insize=18755 outsize=8956 ok=1
Cmd: translateComputeKernel
  api=14 insize=8990 outsize=16025 ok=1
Cmd: preprocessCompute
  insize=76403 outsize=76423 ok=1
Cmd: compileComputeKernel
  api=14 insize=76423 outsize=14304 ok=1
Cmd: translateComputeKernel
  api=14 insize=4356 outsize=7197 ok=1
Cmd: translateComputeKernel
  api=14 insize=2726 outsize=2802 ok=1
Cmd: translateComputeKernel
  api=14 insize=17427 outsize=33690 ok=1
Cmd: preprocessCompute
  insize=451 outsize=467 ok=1
Cmd: compileComputeKernel
  api=14 insize=467 outsize=4161 ok=1
Cmd: translateComputeKernel
  api=14 insize=5313 outsize=8161 ok=1
Cmd: preprocessCompute
  insize=13347 outsize=13363 ok=1
Cmd: compileComputeKernel
  api=14 insize=13363 outsize=5423 ok=1
Cmd: translateComputeKernel
  api=14 insize=5387 outsize=8779 ok=1
Cmd: preprocessCompute
  insize=1031 outsize=1069 ok=1
Cmd: compileComputeKernel
  api=14 insize=1069 outsize=3213 ok=1
Cmd: compileComputeKernel
  api=14 insize=1069 outsize=3243 ok=1
Cmd: compileComputeKernel
  api=14 insize=1069 outsize=3364 ok=1
Cmd: translateComputeKernel
  api=14 insize=3316 outsize=3793 ok=1
Cmd: translateComputeKernel
  api=14 insize=3348 outsize=3839 ok=1
Cmd: translateComputeKernel
  api=14 insize=3350 outsize=3842 ok=1
Cmd: translateComputeKernel
  api=14 insize=3714 outsize=4389 ok=1
Cmd: preprocessCompute
  insize=3157 outsize=3167 ok=1
Cmd: compileComputeKernel
  api=14 insize=3167 outsize=2167 ok=1
Cmd: translateComputeKernel
  api=14 insize=3610 outsize=5129 ok=1
Cmd: preprocessCompute
  insize=764 outsize=776 ok=1
Cmd: compileComputeKernel
  api=14 insize=776 outsize=4491 ok=1
Cmd: translateComputeKernel
  api=14 insize=6092 outsize=9979 ok=1
Cmd: preprocessCompute
  insize=10837 outsize=11209 ok=1
Cmd: compileComputeKernel
  api=14 insize=11209 outsize=2512 ok=1
Cmd: compileComputeKernel
  api=14 insize=11209 outsize=2415 ok=1
Cmd: compileComputeKernel
  api=14 insize=11209 outsize=2772 ok=1
Cmd: compileComputeKernel
  api=14 insize=11209 outsize=1205 ok=1
Cmd: compileComputeKernel
  api=14 insize=11209 outsize=2456 ok=1
Cmd: compileComputeKernel
  api=14 insize=11209 outsize=1774 ok=1
Cmd: compileComputeKernel
  api=14 insize=11209 outsize=2527 ok=1
Cmd: compileComputeKernel
  api=14 insize=11209 outsize=1157 ok=1
Cmd: compileComputeKernel
  api=14 insize=11209 outsize=2512 ok=1
Cmd: compileComputeKernel
  api=14 insize=11209 outsize=3112 ok=1
Cmd: compileComputeKernel
  api=14 insize=11209 outsize=2998 ok=1
Cmd: compileComputeKernel
  api=14 insize=11209 outsize=3264 ok=1
Cmd: compileComputeKernel
  api=14 insize=11209 outsize=3086 ok=1
Cmd: compileComputeKernel
  api=14 insize=11209 outsize=3103 ok=1
Cmd: compileComputeKernel
  api=14 insize=11209 outsize=3205 ok=1
Cmd: compileComputeKernel
  api=14 insize=11209 outsize=3036 ok=1
Cmd: compileComputeKernel
  api=14 insize=11209 outsize=3024 ok=1
Cmd: compileComputeKernel
  api=14 insize=11209 outsize=3046 ok=1
Cmd: compileComputeKernel
  api=14 insize=11209 outsize=3336 ok=1
Cmd: compileComputeKernel
  api=14 insize=11209 outsize=3368 ok=1
Cmd: compileComputeKernel
  api=14 insize=11209 outsize=3545 ok=1
Cmd: compileComputeKernel
  api=14 insize=11209 outsize=3027 ok=1
Cmd: compileComputeKernel
  api=14 insize=11209 outsize=3027 ok=1
Cmd: compileComputeKernel
  api=14 insize=11209 outsize=3101 ok=1
Cmd: compileComputeKernel
  api=14 insize=11209 outsize=3604 ok=1
Cmd: translateComputeKernel
  api=14 insize=1410 outsize=1226 ok=1
Cmd: translateComputeKernel
  api=14 insize=2670 outsize=2451 ok=1
Cmd: translateComputeKernel
  api=14 insize=3067 outsize=2969 ok=1
Cmd: translateComputeKernel
  api=14 insize=2760 outsize=2556 ok=1
Cmd: translateComputeKernel
  api=14 insize=2636 outsize=2373 ok=1
Cmd: translateComputeKernel
  api=14 insize=2696 outsize=2488 ok=1
Cmd: translateComputeKernel
  api=14 insize=2697 outsize=2515 ok=1
Cmd: translateComputeKernel
  api=14 insize=1628 outsize=1533 ok=1
Cmd: translateComputeKernel
  api=14 insize=1628 outsize=1531 ok=1
Cmd: translateComputeKernel
  api=14 insize=1636 outsize=1511 ok=1
Cmd: translateComputeKernel
  api=14 insize=1619 outsize=1508 ok=1
Cmd: translateComputeKernel
  api=14 insize=2644 outsize=2416 ok=1
Cmd: translateComputeKernel
  api=14 insize=3193 outsize=3464 ok=1
Cmd: translateComputeKernel
  api=14 insize=3199 outsize=3640 ok=1
Cmd: translateComputeKernel
  api=14 insize=3105 outsize=3107 ok=1
Cmd: translateComputeKernel
  api=14 insize=3326 outsize=3839 ok=1
Cmd: translateComputeKernel
  api=14 insize=3270 outsize=3591 ok=1
Cmd: translateComputeKernel
  api=14 insize=3270 outsize=3591 ok=1
Cmd: translateComputeKernel
  api=14 insize=3293 outsize=3611 ok=1
Cmd: translateComputeKernel
  api=14 insize=3153 outsize=3655 ok=1
Cmd: translateComputeKernel
  api=14 insize=3313 outsize=3820 ok=1
Cmd: translateComputeKernel
  api=14 insize=3167 outsize=3648 ok=1
Cmd: translateComputeKernel
  api=14 insize=3149 outsize=3611 ok=1
Cmd: translateComputeKernel
  api=14 insize=3185 outsize=3460 ok=1
Cmd: translateComputeKernel
  api=14 insize=3122 outsize=3576 ok=1
Cmd: translateComputeKernel
  api=14 insize=3177 outsize=3649 ok=1
Cmd: translateComputeKernel
  api=14 insize=3166 outsize=3634 ok=1
Cmd: translateComputeKernel
  api=14 insize=3434 outsize=4066 ok=1
Cmd: translateComputeKernel
  api=14 insize=3235 outsize=3738 ok=1
Cmd: translateComputeKernel
  api=14 insize=3506 outsize=4131 ok=1
Cmd: translateComputeKernel
  api=14 insize=3302 outsize=3627 ok=1
Cmd: translateComputeKernel
  api=14 insize=3281 outsize=3632 ok=1
Cmd: translateComputeKernel
  api=14 insize=3218 outsize=3722 ok=1
Cmd: translateComputeKernel
  api=14 insize=3220 outsize=3565 ok=1
Cmd: preprocessCompute
  insize=4481 outsize=4497 ok=1
Cmd: compileComputeKernel
  api=14 insize=4497 outsize=2873 ok=1
Cmd: translateComputeKernel
  api=14 insize=3166 outsize=4066 ok=1
Cmd: preprocessCompute
  insize=1896 outsize=1900 ok=1
Cmd: compileComputeKernel
  api=14 insize=1900 outsize=4694 ok=1
Cmd: translateComputeKernel
  api=14 insize=4694 outsize=8060 ok=1
Cmd: compileSnippet
  api=14 type=0 insize=5029 outsize=2525 kw= pd=UNITY_ENABLE_REFLECTION_BUFFERS UNITY_USE_DITHER_MASK_FOR_ALPHABLENDED_SHADOWS UNITY_PBS_USE_BRDF1 UNITY_SPECCUBE_BOX_PROJECTION UNITY_SPECCUBE_BLENDING UNITY_ENABLE_DETAIL_NORMALMAP SHADER_API_DESKTOP UNITY_COLORSPACE_GAMMA UNITY_LIGHT_PROBE_PROXY_VOLUME UNITY_LIGHTMAP_FULL_HDR ok=1
Cmd: compileSnippet
  api=14 type=1 insize=5029 outsize=6410 kw= pd=UNITY_ENABLE_REFLECTION_BUFFERS UNITY_USE_DITHER_MASK_FOR_ALPHABLENDED_SHADOWS UNITY_PBS_USE_BRDF1 UNITY_SPECCUBE_BOX_PROJECTION UNITY_SPECCUBE_BLENDING UNITY_ENABLE_DETAIL_NORMALMAP SHADER_API_DESKTOP UNITY_COLORSPACE_GAMMA UNITY_LIGHT_PROBE_PROXY_VOLUME UNITY_LIGHTMAP_FULL_HDR ok=1
Cmd: compileSnippet
  api=14 type=0 insize=5029 outsize=2525 kw= pd=UNITY_ENABLE_REFLECTION_BUFFERS UNITY_USE_DITHER_MASK_FOR_ALPHABLENDED_SHADOWS UNITY_PBS_USE_BRDF1 UNITY_SPECCUBE_BOX_PROJECTION UNITY_SPECCUBE_BLENDING UNITY_ENABLE_DETAIL_NORMALMAP SHADER_API_DESKTOP UNITY_COLORSPACE_GAMMA UNITY_LIGHT_PROBE_PROXY_VOLUME UNITY_LIGHTMAP_FULL_HDR ok=1
Cmd: compileSnippet
  api=14 type=1 insize=5029 outsize=6410 kw= pd=UNITY_ENABLE_REFLECTION_BUFFERS UNITY_USE_DITHER_MASK_FOR_ALPHABLENDED_SHADOWS UNITY_PBS_USE_BRDF1 UNITY_SPECCUBE_BOX_PROJECTION UNITY_SPECCUBE_BLENDING UNITY_ENABLE_DETAIL_NORMALMAP SHADER_API_DESKTOP UNITY_COLORSPACE_GAMMA UNITY_LIGHT_PROBE_PROXY_VOLUME UNITY_LIGHTMAP_FULL_HDR ok=1
Cmd: compileSnippet
  api=14 type=0 insize=7853 outsize=2525 kw= pd=UNITY_ENABLE_REFLECTION_BUFFERS UNITY_USE_DITHER_MASK_FOR_ALPHABLENDED_SHADOWS UNITY_PBS_USE_BRDF1 UNITY_SPECCUBE_BOX_PROJECTION UNITY_SPECCUBE_BLENDING UNITY_ENABLE_DETAIL_NORMALMAP SHADER_API_DESKTOP UNITY_COLORSPACE_GAMMA UNITY_LIGHT_PROBE_PROXY_VOLUME UNITY_LIGHTMAP_FULL_HDR ok=1
Cmd: compileSnippet
  api=14 type=1 insize=7853 outsize=8690 kw= pd=UNITY_ENABLE_REFLECTION_BUFFERS UNITY_USE_DITHER_MASK_FOR_ALPHABLENDED_SHADOWS UNITY_PBS_USE_BRDF1 UNITY_SPECCUBE_BOX_PROJECTION UNITY_SPECCUBE_BLENDING UNITY_ENABLE_DETAIL_NORMALMAP SHADER_API_DESKTOP UNITY_COLORSPACE_GAMMA UNITY_LIGHT_PROBE_PROXY_VOLUME UNITY_LIGHTMAP_FULL_HDR ok=1
Cmd: compileSnippet
  api=14 type=0 insize=7853 outsize=2525 kw= pd=UNITY_ENABLE_REFLECTION_BUFFERS UNITY_USE_DITHER_MASK_FOR_ALPHABLENDED_SHADOWS UNITY_PBS_USE_BRDF1 UNITY_SPECCUBE_BOX_PROJECTION UNITY_SPECCUBE_BLENDING UNITY_ENABLE_DETAIL_NORMALMAP SHADER_API_DESKTOP UNITY_COLORSPACE_GAMMA UNITY_LIGHT_PROBE_PROXY_VOLUME UNITY_LIGHTMAP_FULL_HDR ok=1
Cmd: compileSnippet
  api=14 type=1 insize=7853 outsize=8690 kw= pd=UNITY_ENABLE_REFLECTION_BUFFERS UNITY_USE_DITHER_MASK_FOR_ALPHABLENDED_SHADOWS UNITY_PBS_USE_BRDF1 UNITY_SPECCUBE_BOX_PROJECTION UNITY_SPECCUBE_BLENDING UNITY_ENABLE_DETAIL_NORMALMAP SHADER_API_DESKTOP UNITY_COLORSPACE_GAMMA UNITY_LIGHT_PROBE_PROXY_VOLUME UNITY_LIGHTMAP_FULL_HDR ok=1
Cmd: compileSnippet
  api=14 type=0 insize=1341 outsize=1657 kw= pd=UNITY_ENABLE_REFLECTION_BUFFERS UNITY_USE_DITHER_MASK_FOR_ALPHABLENDED_SHADOWS UNITY_PBS_USE_BRDF1 UNITY_SPECCUBE_BOX_PROJECTION UNITY_SPECCUBE_BLENDING UNITY_ENABLE_DETAIL_NORMALMAP SHADER_API_DESKTOP UNITY_COLORSPACE_GAMMA UNITY_LIGHT_PROBE_PROXY_VOLUME UNITY_LIGHTMAP_FULL_HDR ok=1
Cmd: compileSnippet
  api=14 type=1 insize=1341 outsize=920 kw= pd=UNITY_ENABLE_REFLECTION_BUFFERS UNITY_USE_DITHER_MASK_FOR_ALPHABLENDED_SHADOWS UNITY_PBS_USE_BRDF1 UNITY_SPECCUBE_BOX_PROJECTION UNITY_SPECCUBE_BLENDING UNITY_ENABLE_DETAIL_NORMALMAP SHADER_API_DESKTOP UNITY_COLORSPACE_GAMMA UNITY_LIGHT_PROBE_PROXY_VOLUME UNITY_LIGHTMAP_FULL_HDR ok=1
Cmd: compileSnippet
  api=14 type=0 insize=1341 outsize=1657 kw= pd=UNITY_ENABLE_REFLECTION_BUFFERS UNITY_USE_DITHER_MASK_FOR_ALPHABLENDED_SHADOWS UNITY_PBS_USE_BRDF1 UNITY_SPECCUBE_BOX_PROJECTION UNITY_SPECCUBE_BLENDING UNITY_ENABLE_DETAIL_NORMALMAP SHADER_API_DESKTOP UNITY_COLORSPACE_GAMMA UNITY_LIGHT_PROBE_PROXY_VOLUME UNITY_LIGHTMAP_FULL_HDR ok=1
Cmd: compileSnippet
  api=14 type=1 insize=1341 outsize=920 kw= pd=UNITY_ENABLE_REFLECTION_BUFFERS UNITY_USE_DITHER_MASK_FOR_ALPHABLENDED_SHADOWS UNITY_PBS_USE_BRDF1 UNITY_SPECCUBE_BOX_PROJECTION UNITY_SPECCUBE_BLENDING UNITY_ENABLE_DETAIL_NORMALMAP SHADER_API_DESKTOP UNITY_COLORSPACE_GAMMA UNITY_LIGHT_PROBE_PROXY_VOLUME UNITY_LIGHTMAP_FULL_HDR ok=1
Cmd: compileSnippet
  api=14 type=0 insize=1878 outsize=2441 kw= pd=UNITY_ENABLE_REFLECTION_BUFFERS UNITY_USE_DITHER_MASK_FOR_ALPHABLENDED_SHADOWS UNITY_PBS_USE_BRDF1 UNITY_SPECCUBE_BOX_PROJECTION UNITY_SPECCUBE_BLENDING UNITY_ENABLE_DETAIL_NORMALMAP SHADER_API_DESKTOP UNITY_COLORSPACE_GAMMA UNITY_LIGHT_PROBE_PROXY_VOLUME UNITY_LIGHTMAP_FULL_HDR ok=1
Cmd: compileSnippet
  api=14 type=1 insize=1878 outsize=1828 kw= pd=UNITY_ENABLE_REFLECTION_BUFFERS UNITY_USE_DITHER_MASK_FOR_ALPHABLENDED_SHADOWS UNITY_PBS_USE_BRDF1 UNITY_SPECCUBE_BOX_PROJECTION UNITY_SPECCUBE_BLENDING UNITY_ENABLE_DETAIL_NORMALMAP SHADER_API_DESKTOP UNITY_COLORSPACE_GAMMA UNITY_LIGHT_PROBE_PROXY_VOLUME UNITY_LIGHTMAP_FULL_HDR ok=1
Cmd: compileSnippet
  api=14 type=0 insize=1878 outsize=2441 kw= pd=UNITY_ENABLE_REFLECTION_BUFFERS UNITY_USE_DITHER_MASK_FOR_ALPHABLENDED_SHADOWS UNITY_PBS_USE_BRDF1 UNITY_SPECCUBE_BOX_PROJECTION UNITY_SPECCUBE_BLENDING UNITY_ENABLE_DETAIL_NORMALMAP SHADER_API_DESKTOP UNITY_COLORSPACE_GAMMA UNITY_LIGHT_PROBE_PROXY_VOLUME UNITY_LIGHTMAP_FULL_HDR ok=1
Cmd: compileSnippet
  api=14 type=1 insize=1878 outsize=1828 kw= pd=UNITY_ENABLE_REFLECTION_BUFFERS UNITY_USE_DITHER_MASK_FOR_ALPHABLENDED_SHADOWS UNITY_PBS_USE_BRDF1 UNITY_SPECCUBE_BOX_PROJECTION UNITY_SPECCUBE_BLENDING UNITY_ENABLE_DETAIL_NORMALMAP SHADER_API_DESKTOP UNITY_COLORSPACE_GAMMA UNITY_LIGHT_PROBE_PROXY_VOLUME UNITY_LIGHTMAP_FULL_HDR ok=1
Cmd: compileSnippet
  api=14 type=0 insize=1842 outsize=2441 kw= pd=UNITY_ENABLE_REFLECTION_BUFFERS UNITY_USE_DITHER_MASK_FOR_ALPHABLENDED_SHADOWS UNITY_PBS_USE_BRDF1 UNITY_SPECCUBE_BOX_PROJECTION UNITY_SPECCUBE_BLENDING UNITY_ENABLE_DETAIL_NORMALMAP SHADER_API_DESKTOP UNITY_COLORSPACE_GAMMA UNITY_LIGHT_PROBE_PROXY_VOLUME UNITY_LIGHTMAP_FULL_HDR ok=1
Cmd: compileSnippet
  api=14 type=1 insize=1842 outsize=1834 kw= pd=UNITY_ENABLE_REFLECTION_BUFFERS UNITY_USE_DITHER_MASK_FOR_ALPHABLENDED_SHADOWS UNITY_PBS_USE_BRDF1 UNITY_SPECCUBE_BOX_PROJECTION UNITY_SPECCUBE_BLENDING UNITY_ENABLE_DETAIL_NORMALMAP SHADER_API_DESKTOP UNITY_COLORSPACE_GAMMA UNITY_LIGHT_PROBE_PROXY_VOLUME UNITY_LIGHTMAP_FULL_HDR ok=1
Cmd: compileSnippet
  api=14 type=0 insize=1842 outsize=2441 kw= pd=UNITY_ENABLE_REFLECTION_BUFFERS UNITY_USE_DITHER_MASK_FOR_ALPHABLENDED_SHADOWS UNITY_PBS_USE_BRDF1 UNITY_SPECCUBE_BOX_PROJECTION UNITY_SPECCUBE_BLENDING UNITY_ENABLE_DETAIL_NORMALMAP SHADER_API_DESKTOP UNITY_COLORSPACE_GAMMA UNITY_LIGHT_PROBE_PROXY_VOLUME UNITY_LIGHTMAP_FULL_HDR ok=1
Cmd: compileSnippet
  api=14 type=1 insize=1842 outsize=1834 kw= pd=UNITY_ENABLE_REFLECTION_BUFFERS UNITY_USE_DITHER_MASK_FOR_ALPHABLENDED_SHADOWS UNITY_PBS_USE_BRDF1 UNITY_SPECCUBE_BOX_PROJECTION UNITY_SPECCUBE_BLENDING UNITY_ENABLE_DETAIL_NORMALMAP SHADER_API_DESKTOP UNITY_COLORSPACE_GAMMA UNITY_LIGHT_PROBE_PROXY_VOLUME UNITY_LIGHTMAP_FULL_HDR ok=1
Cmd: compileSnippet
  api=14 type=0 insize=1701 outsize=2478 kw= pd=UNITY_ENABLE_REFLECTION_BUFFERS UNITY_USE_DITHER_MASK_FOR_ALPHABLENDED_SHADOWS UNITY_PBS_USE_BRDF1 UNITY_SPECCUBE_BOX_PROJECTION UNITY_SPECCUBE_BLENDING UNITY_ENABLE_DETAIL_NORMALMAP SHADER_API_DESKTOP UNITY_COLORSPACE_GAMMA UNITY_LIGHT_PROBE_PROXY_VOLUME UNITY_LIGHTMAP_FULL_HDR ok=1
Cmd: compileSnippet
  api=14 type=1 insize=1701 outsize=1246 kw= pd=UNITY_ENABLE_REFLECTION_BUFFERS UNITY_USE_DITHER_MASK_FOR_ALPHABLENDED_SHADOWS UNITY_PBS_USE_BRDF1 UNITY_SPECCUBE_BOX_PROJECTION UNITY_SPECCUBE_BLENDING UNITY_ENABLE_DETAIL_NORMALMAP SHADER_API_DESKTOP UNITY_COLORSPACE_GAMMA UNITY_LIGHT_PROBE_PROXY_VOLUME UNITY_LIGHTMAP_FULL_HDR ok=1
Cmd: compileSnippet
  api=14 type=0 insize=1701 outsize=2478 kw= pd=UNITY_ENABLE_REFLECTION_BUFFERS UNITY_USE_DITHER_MASK_FOR_ALPHABLENDED_SHADOWS UNITY_PBS_USE_BRDF1 UNITY_SPECCUBE_BOX_PROJECTION UNITY_SPECCUBE_BLENDING UNITY_ENABLE_DETAIL_NORMALMAP SHADER_API_DESKTOP UNITY_COLORSPACE_GAMMA UNITY_LIGHT_PROBE_PROXY_VOLUME UNITY_LIGHTMAP_FULL_HDR ok=1
Cmd: compileSnippet
  api=14 type=1 insize=1701 outsize=1246 kw= pd=UNITY_ENABLE_REFLECTION_BUFFERS UNITY_USE_DITHER_MASK_FOR_ALPHABLENDED_SHADOWS UNITY_PBS_USE_BRDF1 UNITY_SPECCUBE_BOX_PROJECTION UNITY_SPECCUBE_BLENDING UNITY_ENABLE_DETAIL_NORMALMAP SHADER_API_DESKTOP UNITY_COLORSPACE_GAMMA UNITY_LIGHT_PROBE_PROXY_VOLUME UNITY_LIGHTMAP_FULL_HDR ok=1
Cmd: compileSnippet
  api=14 type=0 insize=4140 outsize=3151 kw= pd=UNITY_ENABLE_REFLECTION_BUFFERS UNITY_USE_DITHER_MASK_FOR_ALPHABLENDED_SHADOWS UNITY_PBS_USE_BRDF1 UNITY_SPECCUBE_BOX_PROJECTION UNITY_SPECCUBE_BLENDING UNITY_ENABLE_DETAIL_NORMALMAP SHADER_API_DESKTOP UNITY_COLORSPACE_GAMMA UNITY_LIGHT_PROBE_PROXY_VOLUME UNITY_LIGHTMAP_FULL_HDR ok=1
Cmd: compileSnippet
  api=14 type=1 insize=4140 outsize=2835 kw= pd=UNITY_ENABLE_REFLECTION_BUFFERS UNITY_USE_DITHER_MASK_FOR_ALPHABLENDED_SHADOWS UNITY_PBS_USE_BRDF1 UNITY_SPECCUBE_BOX_PROJECTION UNITY_SPECCUBE_BLENDING UNITY_ENABLE_DETAIL_NORMALMAP SHADER_API_DESKTOP UNITY_COLORSPACE_GAMMA UNITY_LIGHT_PROBE_PROXY_VOLUME UNITY_LIGHTMAP_FULL_HDR ok=1
Cmd: compileSnippet
  api=14 type=0 insize=16577 outsize=9629 kw=_SUNDISK_NONE pd=UNITY_ENABLE_REFLECTION_BUFFERS UNITY_USE_DITHER_MASK_FOR_ALPHABLENDED_SHADOWS UNITY_PBS_USE_BRDF1 UNITY_SPECCUBE_BOX_PROJECTION UNITY_SPECCUBE_BLENDING UNITY_ENABLE_DETAIL_NORMALMAP SHADER_API_DESKTOP UNITY_COLORSPACE_GAMMA UNITY_LIGHT_PROBE_PROXY_VOLUME UNITY_LIGHTMAP_FULL_HDR ok=1
Cmd: compileSnippet
  api=14 type=1 insize=16577 outsize=1019 kw=_SUNDISK_NONE pd=UNITY_ENABLE_REFLECTION_BUFFERS UNITY_USE_DITHER_MASK_FOR_ALPHABLENDED_SHADOWS UNITY_PBS_USE_BRDF1 UNITY_SPECCUBE_BOX_PROJECTION UNITY_SPECCUBE_BLENDING UNITY_ENABLE_DETAIL_NORMALMAP SHADER_API_DESKTOP UNITY_COLORSPACE_GAMMA UNITY_LIGHT_PROBE_PROXY_VOLUME UNITY_LIGHTMAP_FULL_HDR ok=1
Cmd: compileSnippet
  api=14 type=0 insize=16577 outsize=10165 kw=_SUNDISK_SIMPLE pd=UNITY_ENABLE_REFLECTION_BUFFERS UNITY_USE_DITHER_MASK_FOR_ALPHABLENDED_SHADOWS UNITY_PBS_USE_BRDF1 UNITY_SPECCUBE_BOX_PROJECTION UNITY_SPECCUBE_BLENDING UNITY_ENABLE_DETAIL_NORMALMAP SHADER_API_DESKTOP UNITY_COLORSPACE_GAMMA UNITY_LIGHT_PROBE_PROXY_VOLUME UNITY_LIGHTMAP_FULL_HDR ok=1
Cmd: compileSnippet
  api=14 type=1 insize=16577 outsize=1879 kw=_SUNDISK_SIMPLE pd=UNITY_ENABLE_REFLECTION_BUFFERS UNITY_USE_DITHER_MASK_FOR_ALPHABLENDED_SHADOWS UNITY_PBS_USE_BRDF1 UNITY_SPECCUBE_BOX_PROJECTION UNITY_SPECCUBE_BLENDING UNITY_ENABLE_DETAIL_NORMALMAP SHADER_API_DESKTOP UNITY_COLORSPACE_GAMMA UNITY_LIGHT_PROBE_PROXY_VOLUME UNITY_LIGHTMAP_FULL_HDR ok=1
Cmd: preprocessCompute
  insize=763 outsize=775 ok=1
Cmd: translateComputeKernel
  api=14 insize=6092 outsize=9953 ok=1
Cmd: preprocessCompute
  insize=1031 outsize=1069 ok=1
Cmd: compileComputeKernel
  api=14 insize=1069 outsize=3217 ok=1
Cmd: compileComputeKernel
  api=14 insize=1069 outsize=3276 ok=1
Cmd: translateComputeKernel
  api=14 insize=3320 outsize=3796 ok=1
Cmd: translateComputeKernel
  api=14 insize=3348 outsize=3839 ok=1
Cmd: preprocessCompute
  insize=2839 outsize=2847 ok=1
Cmd: compileComputeKernel
  api=14 insize=2847 outsize=4634 ok=1
Cmd: translateComputeKernel
  api=14 insize=4634 outsize=8122 ok=1
Cmd: preprocessCompute
  insize=313 outsize=331 ok=1
Cmd: compileComputeKernel
  api=14 insize=331 outsize=2414 ok=1
Cmd: translateComputeKernel
  api=14 insize=2514 outsize=2358 ok=1
Cmd: translateComputeKernel
  api=14 insize=2599 outsize=2532 ok=1
Cmd: preprocessCompute
  insize=713 outsize=759 ok=1
Cmd: compileComputeKernel
  api=14 insize=759 outsize=1166 ok=1
Cmd: compileComputeKernel
  api=14 insize=759 outsize=1319 ok=1
Cmd: compileComputeKernel
  api=14 insize=759 outsize=2545 ok=1
Cmd: translateComputeKernel
  api=14 insize=1442 outsize=1304 ok=1
Cmd: translateComputeKernel
  api=14 insize=1841 outsize=1817 ok=1
Cmd: translateComputeKernel
  api=14 insize=2620 outsize=2410 ok=1
Cmd: translateComputeKernel
  api=14 insize=2619 outsize=2396 ok=1
Cmd: preprocessCompute
  insize=3365 outsize=3405 ok=1
Cmd: compileComputeKernel
  api=14 insize=3405 outsize=23869 ok=1
Cmd: compileComputeKernel
  api=14 insize=3405 outsize=4864 ok=1
Cmd: compileComputeKernel
  api=14 insize=3405 outsize=4864 ok=1
Cmd: compileComputeKernel
  api=14 insize=3405 outsize=5525 ok=1
Cmd: compileComputeKernel
  api=14 insize=3405 outsize=3180 ok=1
Cmd: compileComputeKernel
  api=14 insize=3405 outsize=3577 ok=1
Cmd: compileComputeKernel
  api=14 insize=3405 outsize=3513 ok=1
Cmd: compileComputeKernel
  api=14 insize=3405 outsize=6967 ok=1
Cmd: compileComputeKernel
  api=14 insize=3405 outsize=18160 ok=1
Cmd: translateComputeKernel
  api=14 insize=23980 outsize=49651 ok=1
Cmd: translateComputeKernel
  api=14 insize=4898 outsize=7494 ok=1
Cmd: translateComputeKernel
  api=14 insize=4898 outsize=7477 ok=1
Cmd: translateComputeKernel
  api=14 insize=5559 outsize=9311 ok=1
Cmd: translateComputeKernel
  api=14 insize=3346 outsize=3824 ok=1
Cmd: translateComputeKernel
  api=14 insize=3750 outsize=4825 ok=1
Cmd: translateComputeKernel
  api=14 insize=3686 outsize=4707 ok=1
Cmd: translateComputeKernel
  api=14 insize=18610 outsize=35625 ok=1
Cmd: preprocessCompute
  insize=13703 outsize=13751 ok=1
Cmd: compileComputeKernel
  api=14 insize=13751 outsize=3606 ok=1
Cmd: compileComputeKernel
  api=14 insize=13751 outsize=4059 ok=1
Cmd: compileComputeKernel
  api=14 insize=13751 outsize=3308 ok=1
Cmd: translateComputeKernel
  api=14 insize=3449 outsize=3293 ok=1
Cmd: translateComputeKernel
  api=14 insize=4173 outsize=4396 ok=1
Cmd: translateComputeKernel
  api=14 insize=4261 outsize=4706 ok=1
Cmd: translateComputeKernel
  api=14 insize=4530 outsize=5867 ok=1
Cmd: translateComputeKernel
  api=14 insize=4193 outsize=5404 ok=1
Cmd: preprocessCompute
  insize=20809 outsize=20821 ok=1
Cmd: compileComputeKernel
  api=14 insize=20821 outsize=51193 ok=1
Cmd: translateComputeKernel
  api=14 insize=51193 outsize=97197 ok=1
Cmd: preprocessCompute
  insize=89322 outsize=89748 ok=1
Cmd: compileComputeKernel
  api=14 insize=89748 outsize=5262 ok=1
Cmd: compileComputeKernel
  api=14 insize=89748 outsize=5207 ok=1
Cmd: compileComputeKernel
  api=14 insize=89748 outsize=4411 ok=1
Cmd: compileComputeKernel
  api=14 insize=89748 outsize=7932 ok=1
Cmd: compileComputeKernel
  api=14 insize=89748 outsize=3713 ok=1
Cmd: compileComputeKernel
  api=14 insize=89748 outsize=4305 ok=1
Cmd: compileComputeKernel
  api=14 insize=89748 outsize=6113 ok=1
Cmd: compileComputeKernel
  api=14 insize=89748 outsize=5599 ok=1
Cmd: compileComputeKernel
  api=14 insize=89748 outsize=5597 ok=1
Cmd: compileComputeKernel
  api=14 insize=89748 outsize=3765 ok=1
Cmd: compileComputeKernel
  api=14 insize=89748 outsize=5695 ok=1
Cmd: compileComputeKernel
  api=14 insize=89748 outsize=5633 ok=1
Cmd: compileComputeKernel
  api=14 insize=89748 outsize=5859 ok=1
Cmd: compileComputeKernel
  api=14 insize=89748 outsize=5709 ok=1
Cmd: compileComputeKernel
  api=14 insize=89748 outsize=5713 ok=1
Cmd: compileComputeKernel
  api=14 insize=89748 outsize=5696 ok=1
Cmd: compileComputeKernel
  api=14 insize=89748 outsize=5800 ok=1
Cmd: compileComputeKernel
  api=14 insize=89748 outsize=7363 ok=1
Cmd: compileComputeKernel
  api=14 insize=89748 outsize=7803 ok=1
Cmd: compileComputeKernel
  api=14 insize=89748 outsize=7395 ok=1
Cmd: compileComputeKernel
  api=14 insize=89748 outsize=7397 ok=1
Cmd: compileComputeKernel
  api=14 insize=89748 outsize=7542 ok=1
Cmd: compileComputeKernel
  api=14 insize=89748 outsize=5790 ok=1
Cmd: compileComputeKernel
  api=14 insize=89748 outsize=5654 ok=1
Cmd: compileComputeKernel
  api=14 insize=89748 outsize=3677 ok=1
Cmd: compileComputeKernel
  api=14 insize=89748 outsize=9785 ok=1
Cmd: translateComputeKernel
  api=14 insize=4759 outsize=4468 ok=1
Cmd: translateComputeKernel
  api=14 insize=16080 outsize=28320 ok=1
Cmd: translateComputeKernel
  api=14 insize=6331 outsize=8266 ok=1
Cmd: translateComputeKernel
  api=14 insize=6328 outsize=8268 ok=1
Cmd: translateComputeKernel
  api=14 insize=6329 outsize=8352 ok=1
Cmd: translateComputeKernel
  api=14 insize=6329 outsize=8270 ok=1
Cmd: translateComputeKernel
  api=14 insize=6329 outsize=8351 ok=1
Cmd: translateComputeKernel
  api=14 insize=6329 outsize=8269 ok=1
Cmd: translateComputeKernel
  api=14 insize=6354 outsize=8363 ok=1
Cmd: translateComputeKernel
  api=14 insize=6564 outsize=8837 ok=1
Cmd: translateComputeKernel
  api=14 insize=6427 outsize=8521 ok=1
Cmd: translateComputeKernel
  api=14 insize=6365 outsize=8410 ok=1
Cmd: translateComputeKernel
  api=14 insize=6365 outsize=8328 ok=1
Cmd: translateComputeKernel
  api=14 insize=6459 outsize=8683 ok=1
Cmd: translateComputeKernel
  api=14 insize=6373 outsize=8443 ok=1
Cmd: translateComputeKernel
  api=14 insize=6355 outsize=8325 ok=1
Cmd: translateComputeKernel
  api=14 insize=6355 outsize=8408 ok=1
Cmd: translateComputeKernel
  api=14 insize=6355 outsize=8326 ok=1
Cmd: translateComputeKernel
  api=14 insize=6640 outsize=9015 ok=1
Cmd: translateComputeKernel
  api=14 insize=6672 outsize=8994 ok=1
Cmd: translateComputeKernel
  api=14 insize=6441 outsize=8597 ok=1
Cmd: translateComputeKernel
  api=14 insize=6424 outsize=8572 ok=1
Cmd: translateComputeKernel
  api=14 insize=6424 outsize=8490 ok=1
Cmd: translateComputeKernel
  api=14 insize=6331 outsize=8348 ok=1
Cmd: translateComputeKernel
  api=14 insize=6331 outsize=8266 ok=1
Cmd: translateComputeKernel
  api=14 insize=6428 outsize=8575 ok=1
Cmd: translateComputeKernel
  api=14 insize=6428 outsize=8493 ok=1
Cmd: translateComputeKernel
  api=14 insize=6532 outsize=9104 ok=1
Cmd: translateComputeKernel
  api=14 insize=4364 outsize=3947 ok=1
Cmd: translateComputeKernel
  api=14 insize=4364 outsize=3957 ok=1
Cmd: translateComputeKernel
  api=14 insize=4585 outsize=4791 ok=1
Cmd: translateComputeKernel
  api=14 insize=4608 outsize=4824 ok=1
Cmd: translateComputeKernel
  api=14 insize=8029 outsize=12493 ok=1
Cmd: translateComputeKernel
  api=14 insize=8025 outsize=12600 ok=1
Cmd: translateComputeKernel
  api=14 insize=8025 outsize=12494 ok=1
Cmd: translateComputeKernel
  api=14 insize=8110 outsize=12697 ok=1
Cmd: translateComputeKernel
  api=14 insize=8059 outsize=12555 ok=1
Cmd: translateComputeKernel
  api=14 insize=8203 outsize=12880 ok=1
Cmd: translateComputeKernel
  api=14 insize=6416 outsize=8574 ok=1
Cmd: translateComputeKernel
  api=14 insize=6416 outsize=8492 ok=1
Cmd: translateComputeKernel
  api=14 insize=6385 outsize=8621 ok=1
Cmd: translateComputeKernel
  api=14 insize=6266 outsize=8361 ok=1
Cmd: translateComputeKernel
  api=14 insize=3951 outsize=3165 ok=1
Cmd: translateComputeKernel
  api=14 insize=5265 outsize=6048 ok=1
Cmd: preprocessCompute
  insize=451 outsize=467 ok=1
Cmd: compileComputeKernel
  api=14 insize=467 outsize=4237 ok=1
Cmd: translateComputeKernel
  api=14 insize=5261 outsize=8358 ok=1
Cmd: preprocessCompute
  insize=15342 outsize=15390 ok=1
Cmd: compileComputeKernel
  api=14 insize=15390 outsize=4087 ok=1
Cmd: compileComputeKernel
  api=14 insize=15390 outsize=4532 ok=1
Cmd: compileComputeKernel
  api=14 insize=15390 outsize=4508 ok=1
Cmd: translateComputeKernel
  api=14 insize=4605 outsize=8177 ok=1
Cmd: translateComputeKernel
  api=14 insize=4229 outsize=6292 ok=1
Cmd: translateComputeKernel
  api=14 insize=4216 outsize=6258 ok=1
Cmd: translateComputeKernel
  api=14 insize=4164 outsize=6174 ok=1
Cmd: translateComputeKernel
  api=14 insize=4620 outsize=6944 ok=1
Cmd: preprocessCompute
  insize=67315 outsize=67361 ok=1
Cmd: compileComputeKernel
  api=14 insize=67361 outsize=15376 ok=1
Cmd: compileComputeKernel
  api=14 insize=67361 outsize=15727 ok=1
Cmd: translateComputeKernel
  api=14 insize=14797 outsize=27672 ok=1
Cmd: translateComputeKernel
  api=14 insize=15148 outsize=31696 ok=1
Cmd: translateComputeKernel
  api=14 insize=11215 outsize=20673 ok=1
Cmd: translateComputeKernel
  api=14 insize=11221 outsize=20541 ok=1
Cmd: preprocessCompute
  insize=4575 outsize=4587 ok=1
Cmd: compileComputeKernel
  api=14 insize=4587 outsize=5416 ok=1
Cmd: translateComputeKernel
  api=14 insize=5076 outsize=6303 ok=1
Cmd: preprocessCompute
  insize=18743 outsize=18755 ok=1
Cmd: compileComputeKernel
  api=14 insize=18755 outsize=8956 ok=1
Cmd: translateComputeKernel
  api=14 insize=8990 outsize=16025 ok=1
Cmd: preprocessCompute
  insize=76403 outsize=76423 ok=1
Cmd: compileComputeKernel
  api=14 insize=76423 outsize=4356 ok=1
Cmd: compileComputeKernel
  api=14 insize=76423 outsize=2587 ok=1
Cmd: compileComputeKernel
  api=14 insize=76423 outsize=17427 ok=1
Cmd: translateComputeKernel
  api=14 insize=4356 outsize=7197 ok=1
Cmd: translateComputeKernel
  api=14 insize=2726 outsize=2802 ok=1
Cmd: translateComputeKernel
  api=14 insize=17427 outsize=33690 ok=1
Cmd: preprocessCompute
  insize=451 outsize=467 ok=1
Cmd: compileComputeKernel
  api=14 insize=467 outsize=5059 ok=1
Cmd: translateComputeKernel
  api=14 insize=5313 outsize=8161 ok=1
Cmd: preprocessCompute
  insize=13347 outsize=13363 ok=1
Cmd: compileComputeKernel
  api=14 insize=13363 outsize=5423 ok=1
Cmd: translateComputeKernel
  api=14 insize=5387 outsize=8779 ok=1
Cmd: preprocessCompute
  insize=1031 outsize=1069 ok=1
Cmd: compileComputeKernel
  api=14 insize=1069 outsize=3653 ok=1
Cmd: compileComputeKernel
  api=14 insize=1069 outsize=3245 ok=1
Cmd: compileComputeKernel
  api=14 insize=1069 outsize=3644 ok=1
Cmd: translateComputeKernel
  api=14 insize=3320 outsize=3796 ok=1
Cmd: translateComputeKernel
  api=14 insize=3401 outsize=3940 ok=1
Cmd: translateComputeKernel
  api=14 insize=3379 outsize=3876 ok=1
Cmd: preprocessCompute
  insize=3157 outsize=3167 ok=1
Cmd: compileComputeKernel
  api=14 insize=3167 outsize=2167 ok=1
Cmd: translateComputeKernel
  api=14 insize=2296 outsize=2246 ok=1
Cmd: preprocessCompute
  insize=764 outsize=776 ok=1
Cmd: compileComputeKernel
  api=14 insize=776 outsize=4491 ok=1
Cmd: translateComputeKernel
  api=14 insize=11601 outsize=21284 ok=1
Cmd: preprocessCompute
  insize=10837 outsize=11209 ok=1
Cmd: compileComputeKernel
  api=14 insize=11209 outsize=1157 ok=1
Cmd: compileComputeKernel
  api=14 insize=11209 outsize=2415 ok=1
Cmd: compileComputeKernel
  api=14 insize=11209 outsize=2522 ok=1
Cmd: compileComputeKernel
  api=14 insize=11209 outsize=2690 ok=1
Cmd: compileComputeKernel
  api=14 insize=11209 outsize=2597 ok=1
Cmd: compileComputeKernel
  api=14 insize=11209 outsize=2821 ok=1
Cmd: compileComputeKernel
  api=14 insize=11209 outsize=2622 ok=1
Cmd: compileComputeKernel
  api=14 insize=11209 outsize=2417 ok=1
Cmd: compileComputeKernel
  api=14 insize=11209 outsize=1157 ok=1
Cmd: compileComputeKernel
  api=14 insize=11209 outsize=2449 ok=1
Cmd: compileComputeKernel
  api=14 insize=11209 outsize=3009 ok=1
Cmd: compileComputeKernel
  api=14 insize=11209 outsize=3636 ok=1
Cmd: compileComputeKernel
  api=14 insize=11209 outsize=3109 ok=1
Cmd: compileComputeKernel
  api=14 insize=11209 outsize=3132 ok=1
Cmd: compileComputeKernel
  api=14 insize=11209 outsize=3114 ok=1
Cmd: compileComputeKernel
  api=14 insize=11209 outsize=3076 ok=1
Cmd: compileComputeKernel
  api=14 insize=11209 outsize=3028 ok=1
Cmd: compileComputeKernel
  api=14 insize=11209 outsize=3046 ok=1
Cmd: compileComputeKernel
  api=14 insize=11209 outsize=3273 ok=1
Cmd: compileComputeKernel
  api=14 insize=11209 outsize=3345 ok=1
Cmd: compileComputeKernel
  api=14 insize=11209 outsize=3545 ok=1
Cmd: compileComputeKernel
  api=14 insize=11209 outsize=3027 ok=1
Cmd: compileComputeKernel
  api=14 insize=11209 outsize=2964 ok=1
Cmd: compileComputeKernel
  api=14 insize=11209 outsize=2996 ok=1
Cmd: translateComputeKernel
  api=14 insize=2612 outsize=2334 ok=1
Cmd: translateComputeKernel
  api=14 insize=2610 outsize=2340 ok=1
Cmd: translateComputeKernel
  api=14 insize=1404 outsize=1230 ok=1
Cmd: translateComputeKernel
  api=14 insize=2873 outsize=2740 ok=1
Cmd: translateComputeKernel
  api=14 insize=2636 outsize=2374 ok=1
Cmd: translateComputeKernel
  api=14 insize=2664 outsize=2411 ok=1
Cmd: translateComputeKernel
  api=14 insize=2697 outsize=2515 ok=1
Cmd: translateComputeKernel
  api=14 insize=2782 outsize=2627 ok=1
Cmd: translateComputeKernel
  api=14 insize=2786 outsize=2616 ok=1
Cmd: translateComputeKernel
  api=14 insize=2672 outsize=2447 ok=1
Cmd: translateComputeKernel
  api=14 insize=2644 outsize=2416 ok=1
Cmd: translateComputeKernel
  api=14 insize=3193 outsize=3464 ok=1
Cmd: translateComputeKernel
  api=14 insize=3199 outsize=3640 ok=1
Cmd: translateComputeKernel
  api=14 insize=3389 outsize=3751 ok=1
Cmd: translateComputeKernel
  api=14 insize=3358 outsize=3889 ok=1
Cmd: translateComputeKernel
  api=14 insize=3264 outsize=3584 ok=1
Cmd: translateComputeKernel
  api=14 insize=3273 outsize=3794 ok=1
Cmd: translateComputeKernel
  api=14 insize=3212 outsize=3500 ok=1
Cmd: translateComputeKernel
  api=14 insize=3217 outsize=3675 ok=1
Cmd: translateComputeKernel
  api=14 insize=3497 outsize=3967 ok=1
Cmd: translateComputeKernel
  api=14 insize=3235 outsize=3738 ok=1
Cmd: translateComputeKernel
  api=14 insize=3235 outsize=3737 ok=1
Cmd: translateComputeKernel
  api=14 insize=3239 outsize=3727 ok=1
Cmd: translateComputeKernel
  api=14 insize=3281 outsize=3632 ok=1
Cmd: translateComputeKernel
  api=14 insize=3285 outsize=3635 ok=1
Cmd: translateComputeKernel
  api=14 insize=3311 outsize=3654 ok=1
Cmd: preprocessCompute
  insize=4481 outsize=4497 ok=1
Cmd: compileComputeKernel
  api=14 insize=4497 outsize=2873 ok=1
Cmd: translateComputeKernel
  api=14 insize=2931 outsize=3347 ok=1
Cmd: translateComputeKernel
  api=14 insize=3232 outsize=4158 ok=1
Cmd: preprocessCompute
  insize=1896 outsize=1900 ok=1
Cmd: translateComputeKernel
  api=14 insize=4694 outsize=8060 ok=1
Cmd: compileSnippet
  api=14 type=0 insize=1582 outsize=1546 kw= pd=UNITY_NO_DXT5nm UNITY_ENABLE_REFLECTION_BUFFERS UNITY_NO_SCREENSPACE_SHADOWS UNITY_PBS_USE_BRDF2 SHADER_API_DESKTOP UNITY_HARDWARE_TIER3 UNITY_COLORSPACE_GAMMA UNITY_LIGHTMAP_DLDR_ENCODING ok=1
Cmd: compileSnippet
  api=14 type=1 insize=1582 outsize=951 kw= pd=UNITY_NO_DXT5nm UNITY_ENABLE_REFLECTION_BUFFERS UNITY_NO_SCREENSPACE_SHADOWS UNITY_PBS_USE_BRDF2 SHADER_API_DESKTOP UNITY_HARDWARE_TIER3 UNITY_COLORSPACE_GAMMA UNITY_LIGHTMAP_DLDR_ENCODING ok=1
Cmd: compileSnippet
  api=14 type=0 insize=5029 outsize=2525 kw= pd=UNITY_NO_DXT5nm UNITY_ENABLE_REFLECTION_BUFFERS UNITY_NO_SCREENSPACE_SHADOWS UNITY_PBS_USE_BRDF2 SHADER_API_DESKTOP UNITY_HARDWARE_TIER3 UNITY_COLORSPACE_GAMMA UNITY_LIGHTMAP_DLDR_ENCODING ok=1
Cmd: compileSnippet
  api=14 type=1 insize=5029 outsize=6410 kw= pd=UNITY_NO_DXT5nm UNITY_ENABLE_REFLECTION_BUFFERS UNITY_NO_SCREENSPACE_SHADOWS UNITY_PBS_USE_BRDF2 SHADER_API_DESKTOP UNITY_HARDWARE_TIER3 UNITY_COLORSPACE_GAMMA UNITY_LIGHTMAP_DLDR_ENCODING ok=1
Cmd: compileSnippet
  api=14 type=0 insize=5029 outsize=2525 kw= pd=UNITY_NO_DXT5nm UNITY_ENABLE_REFLECTION_BUFFERS UNITY_NO_SCREENSPACE_SHADOWS UNITY_PBS_USE_BRDF2 SHADER_API_DESKTOP UNITY_HARDWARE_TIER3 UNITY_COLORSPACE_GAMMA UNITY_LIGHTMAP_DLDR_ENCODING ok=1
Cmd: compileSnippet
  api=14 type=1 insize=5029 outsize=6410 kw= pd=UNITY_NO_DXT5nm UNITY_ENABLE_REFLECTION_BUFFERS UNITY_NO_SCREENSPACE_SHADOWS UNITY_PBS_USE_BRDF2 SHADER_API_DESKTOP UNITY_HARDWARE_TIER3 UNITY_COLORSPACE_GAMMA UNITY_LIGHTMAP_DLDR_ENCODING ok=1
Cmd: compileSnippet
  api=14 type=0 insize=7853 outsize=2525 kw= pd=UNITY_NO_DXT5nm UNITY_ENABLE_REFLECTION_BUFFERS UNITY_NO_SCREENSPACE_SHADOWS UNITY_PBS_USE_BRDF2 SHADER_API_DESKTOP UNITY_HARDWARE_TIER3 UNITY_COLORSPACE_GAMMA UNITY_LIGHTMAP_DLDR_ENCODING ok=1
Cmd: compileSnippet
  api=14 type=1 insize=7853 outsize=8690 kw= pd=UNITY_NO_DXT5nm UNITY_ENABLE_REFLECTION_BUFFERS UNITY_NO_SCREENSPACE_SHADOWS UNITY_PBS_USE_BRDF2 SHADER_API_DESKTOP UNITY_HARDWARE_TIER3 UNITY_COLORSPACE_GAMMA UNITY_LIGHTMAP_DLDR_ENCODING ok=1
Cmd: compileSnippet
  api=14 type=0 insize=7853 outsize=2525 kw= pd=UNITY_NO_DXT5nm UNITY_ENABLE_REFLECTION_BUFFERS UNITY_NO_SCREENSPACE_SHADOWS UNITY_PBS_USE_BRDF2 SHADER_API_DESKTOP UNITY_HARDWARE_TIER3 UNITY_COLORSPACE_GAMMA UNITY_LIGHTMAP_DLDR_ENCODING ok=1
Cmd: compileSnippet
  api=14 type=1 insize=7853 outsize=8690 kw= pd=UNITY_NO_DXT5nm UNITY_ENABLE_REFLECTION_BUFFERS UNITY_NO_SCREENSPACE_SHADOWS UNITY_PBS_USE_BRDF2 SHADER_API_DESKTOP UNITY_HARDWARE_TIER3 UNITY_COLORSPACE_GAMMA UNITY_LIGHTMAP_DLDR_ENCODING ok=1
Cmd: compileSnippet
  api=14 type=0 insize=1341 outsize=1657 kw= pd=UNITY_NO_DXT5nm UNITY_ENABLE_REFLECTION_BUFFERS UNITY_NO_SCREENSPACE_SHADOWS UNITY_PBS_USE_BRDF2 SHADER_API_DESKTOP UNITY_HARDWARE_TIER3 UNITY_COLORSPACE_GAMMA UNITY_LIGHTMAP_DLDR_ENCODING ok=1
Cmd: compileSnippet
  api=14 type=1 insize=1341 outsize=920 kw= pd=UNITY_NO_DXT5nm UNITY_ENABLE_REFLECTION_BUFFERS UNITY_NO_SCREENSPACE_SHADOWS UNITY_PBS_USE_BRDF2 SHADER_API_DESKTOP UNITY_HARDWARE_TIER3 UNITY_COLORSPACE_GAMMA UNITY_LIGHTMAP_DLDR_ENCODING ok=1
Cmd: compileSnippet
  api=14 type=0 insize=1341 outsize=1657 kw= pd=UNITY_NO_DXT5nm UNITY_ENABLE_REFLECTION_BUFFERS UNITY_NO_SCREENSPACE_SHADOWS UNITY_PBS_USE_BRDF2 SHADER_API_DESKTOP UNITY_HARDWARE_TIER3 UNITY_COLORSPACE_GAMMA UNITY_LIGHTMAP_DLDR_ENCODING ok=1
Cmd: compileSnippet
  api=14 type=1 insize=1341 outsize=920 kw= pd=UNITY_NO_DXT5nm UNITY_ENABLE_REFLECTION_BUFFERS UNITY_NO_SCREENSPACE_SHADOWS UNITY_PBS_USE_BRDF2 SHADER_API_DESKTOP UNITY_HARDWARE_TIER3 UNITY_COLORSPACE_GAMMA UNITY_LIGHTMAP_DLDR_ENCODING ok=1
Cmd: compileSnippet
  api=14 type=0 insize=1878 outsize=2441 kw= pd=UNITY_NO_DXT5nm UNITY_ENABLE_REFLECTION_BUFFERS UNITY_NO_SCREENSPACE_SHADOWS UNITY_PBS_USE_BRDF2 SHADER_API_DESKTOP UNITY_HARDWARE_TIER3 UNITY_COLORSPACE_GAMMA UNITY_LIGHTMAP_DLDR_ENCODING ok=1
Cmd: compileSnippet
  api=14 type=1 insize=1878 outsize=1828 kw= pd=UNITY_NO_DXT5nm UNITY_ENABLE_REFLECTION_BUFFERS UNITY_NO_SCREENSPACE_SHADOWS UNITY_PBS_USE_BRDF2 SHADER_API_DESKTOP UNITY_HARDWARE_TIER3 UNITY_COLORSPACE_GAMMA UNITY_LIGHTMAP_DLDR_ENCODING ok=1
Cmd: compileSnippet
  api=14 type=0 insize=1878 outsize=2441 kw= pd=UNITY_NO_DXT5nm UNITY_ENABLE_REFLECTION_BUFFERS UNITY_NO_SCREENSPACE_SHADOWS UNITY_PBS_USE_BRDF2 SHADER_API_DESKTOP UNITY_HARDWARE_TIER3 UNITY_COLORSPACE_GAMMA UNITY_LIGHTMAP_DLDR_ENCODING ok=1
Cmd: compileSnippet
  api=14 type=1 insize=1878 outsize=1828 kw= pd=UNITY_NO_DXT5nm UNITY_ENABLE_REFLECTION_BUFFERS UNITY_NO_SCREENSPACE_SHADOWS UNITY_PBS_USE_BRDF2 SHADER_API_DESKTOP UNITY_HARDWARE_TIER3 UNITY_COLORSPACE_GAMMA UNITY_LIGHTMAP_DLDR_ENCODING ok=1
Cmd: compileSnippet
  api=14 type=0 insize=1842 outsize=2441 kw= pd=UNITY_NO_DXT5nm UNITY_ENABLE_REFLECTION_BUFFERS UNITY_NO_SCREENSPACE_SHADOWS UNITY_PBS_USE_BRDF2 SHADER_API_DESKTOP UNITY_HARDWARE_TIER3 UNITY_COLORSPACE_GAMMA UNITY_LIGHTMAP_DLDR_ENCODING ok=1
Cmd: compileSnippet
  api=14 type=1 insize=1842 outsize=1834 kw= pd=UNITY_NO_DXT5nm UNITY_ENABLE_REFLECTION_BUFFERS UNITY_NO_SCREENSPACE_SHADOWS UNITY_PBS_USE_BRDF2 SHADER_API_DESKTOP UNITY_HARDWARE_TIER3 UNITY_COLORSPACE_GAMMA UNITY_LIGHTMAP_DLDR_ENCODING ok=1
Cmd: compileSnippet
  api=14 type=0 insize=1842 outsize=2441 kw= pd=UNITY_NO_DXT5nm UNITY_ENABLE_REFLECTION_BUFFERS UNITY_NO_SCREENSPACE_SHADOWS UNITY_PBS_USE_BRDF2 SHADER_API_DESKTOP UNITY_HARDWARE_TIER3 UNITY_COLORSPACE_GAMMA UNITY_LIGHTMAP_DLDR_ENCODING ok=1
Cmd: compileSnippet
  api=14 type=1 insize=1842 outsize=1834 kw= pd=UNITY_NO_DXT5nm UNITY_ENABLE_REFLECTION_BUFFERS UNITY_NO_SCREENSPACE_SHADOWS UNITY_PBS_USE_BRDF2 SHADER_API_DESKTOP UNITY_HARDWARE_TIER3 UNITY_COLORSPACE_GAMMA UNITY_LIGHTMAP_DLDR_ENCODING ok=1
Cmd: compileSnippet
  api=14 type=0 insize=1701 outsize=2478 kw= pd=UNITY_NO_DXT5nm UNITY_ENABLE_REFLECTION_BUFFERS UNITY_NO_SCREENSPACE_SHADOWS UNITY_PBS_USE_BRDF2 SHADER_API_DESKTOP UNITY_HARDWARE_TIER3 UNITY_COLORSPACE_GAMMA UNITY_LIGHTMAP_DLDR_ENCODING ok=1
Cmd: compileSnippet
  api=14 type=1 insize=1701 outsize=1246 kw= pd=UNITY_NO_DXT5nm UNITY_ENABLE_REFLECTION_BUFFERS UNITY_NO_SCREENSPACE_SHADOWS UNITY_PBS_USE_BRDF2 SHADER_API_DESKTOP UNITY_HARDWARE_TIER3 UNITY_COLORSPACE_GAMMA UNITY_LIGHTMAP_DLDR_ENCODING ok=1
Cmd: compileSnippet
  api=14 type=0 insize=1701 outsize=2478 kw= pd=UNITY_NO_DXT5nm UNITY_ENABLE_REFLECTION_BUFFERS UNITY_NO_SCREENSPACE_SHADOWS UNITY_PBS_USE_BRDF2 SHADER_API_DESKTOP UNITY_HARDWARE_TIER3 UNITY_COLORSPACE_GAMMA UNITY_LIGHTMAP_DLDR_ENCODING ok=1
Cmd: compileSnippet
  api=14 type=1 insize=1701 outsize=1246 kw= pd=UNITY_NO_DXT5nm UNITY_ENABLE_REFLECTION_BUFFERS UNITY_NO_SCREENSPACE_SHADOWS UNITY_PBS_USE_BRDF2 SHADER_API_DESKTOP UNITY_HARDWARE_TIER3 UNITY_COLORSPACE_GAMMA UNITY_LIGHTMAP_DLDR_ENCODING ok=1
Cmd: compileSnippet
  api=14 type=0 insize=4140 outsize=3151 kw= pd=UNITY_NO_DXT5nm UNITY_ENABLE_REFLECTION_BUFFERS UNITY_NO_SCREENSPACE_SHADOWS UNITY_PBS_USE_BRDF2 SHADER_API_DESKTOP UNITY_HARDWARE_TIER3 UNITY_COLORSPACE_GAMMA UNITY_LIGHTMAP_DLDR_ENCODING ok=1
Cmd: compileSnippet
  api=14 type=1 insize=4140 outsize=2835 kw= pd=UNITY_NO_DXT5nm UNITY_ENABLE_REFLECTION_BUFFERS UNITY_NO_SCREENSPACE_SHADOWS UNITY_PBS_USE_BRDF2 SHADER_API_DESKTOP UNITY_HARDWARE_TIER3 UNITY_COLORSPACE_GAMMA UNITY_LIGHTMAP_DLDR_ENCODING ok=1
Cmd: compileSnippet
  api=14 type=0 insize=1302 outsize=2957 kw=UNITY_PASS_SHADOWCASTER SHADOWS_DEPTH pd=UNITY_NO_DXT5nm UNITY_ENABLE_REFLECTION_BUFFERS UNITY_NO_SCREENSPACE_SHADOWS UNITY_PBS_USE_BRDF2 SHADER_API_DESKTOP UNITY_HARDWARE_TIER3 UNITY_COLORSPACE_GAMMA UNITY_LIGHTMAP_DLDR_ENCODING ok=1
Cmd: compileSnippet
  api=14 type=1 insize=1302 outsize=539 kw=UNITY_PASS_SHADOWCASTER SHADOWS_DEPTH pd=UNITY_NO_DXT5nm UNITY_ENABLE_REFLECTION_BUFFERS UNITY_NO_SCREENSPACE_SHADOWS UNITY_PBS_USE_BRDF2 SHADER_API_DESKTOP UNITY_HARDWARE_TIER3 UNITY_COLORSPACE_GAMMA UNITY_LIGHTMAP_DLDR_ENCODING ok=1
Cmd: compileSnippet
  api=14 type=0 insize=1602 outsize=3918 kw=UNITY_PASS_FORWARDBASE DIRECTIONAL LIGHTPROBE_SH pd=UNITY_NO_DXT5nm UNITY_ENABLE_REFLECTION_BUFFERS UNITY_NO_SCREENSPACE_SHADOWS UNITY_PBS_USE_BRDF2 SHADER_API_DESKTOP UNITY_HARDWARE_TIER3 UNITY_COLORSPACE_GAMMA UNITY_LIGHTMAP_DLDR_ENCODING ok=1
Cmd: compileSnippet
  api=14 type=1 insize=1602 outsize=5880 kw=UNITY_PASS_FORWARDBASE DIRECTIONAL LIGHTPROBE_SH pd=UNITY_NO_DXT5nm UNITY_ENABLE_REFLECTION_BUFFERS UNITY_NO_SCREENSPACE_SHADOWS UNITY_PBS_USE_BRDF2 SHADER_API_DESKTOP UNITY_HARDWARE_TIER3 UNITY_COLORSPACE_GAMMA UNITY_LIGHTMAP_DLDR_ENCODING ok=1
Cmd: compileSnippet
  api=14 type=0 insize=1460 outsize=3576 kw=UNITY_PASS_FORWARDADD DIRECTIONAL pd=UNITY_NO_DXT5nm UNITY_ENABLE_REFLECTION_BUFFERS UNITY_NO_SCREENSPACE_SHADOWS UNITY_PBS_USE_BRDF2 SHADER_API_DESKTOP UNITY_HARDWARE_TIER3 UNITY_COLORSPACE_GAMMA UNITY_LIGHTMAP_DLDR_ENCODING ok=1
Cmd: compileSnippet
  api=14 type=1 insize=1460 outsize=3150 kw=UNITY_PASS_FORWARDADD DIRECTIONAL pd=UNITY_NO_DXT5nm UNITY_ENABLE_REFLECTION_BUFFERS UNITY_NO_SCREENSPACE_SHADOWS UNITY_PBS_USE_BRDF2 SHADER_API_DESKTOP UNITY_HARDWARE_TIER3 UNITY_COLORSPACE_GAMMA UNITY_LIGHTMAP_DLDR_ENCODING ok=1
Cmd: preprocess
  insize=7643 outsize=2454 ok=1
Cmd: preprocess
  insize=3499 outsize=1246 ok=1
Cmd: preprocess
  insize=12000 outsize=4583 ok=1
Cmd: preprocess
  insize=3524 outsize=2639 ok=1
Cmd: preprocess
  insize=4355 outsize=3656 ok=1
Cmd: preprocess
  insize=3497 outsize=1293 ok=1
Cmd: preprocess
  insize=10600 outsize=3936 ok=1
Cmd: preprocess
  insize=3071 outsize=2724 ok=1
Cmd: preprocess
  insize=7822 outsize=2720 ok=1
Cmd: preprocess
  insize=10585 outsize=3927 ok=1
Cmd: preprocess
  insize=3549 outsize=1653 ok=1
Cmd: preprocess
  insize=7674 outsize=2466 ok=1
Cmd: preprocess
  insize=2673 outsize=1175 ok=1
Cmd: compileSnippet
  api=14 type=0 insize=5648 outsize=7453 kw=OUTLINE_ON UNDERLAY_ON pd=UNITY_NO_DXT5nm UNITY_ENABLE_REFLECTION_BUFFERS UNITY_NO_SCREENSPACE_SHADOWS UNITY_PBS_USE_BRDF2 SHADER_API_DESKTOP UNITY_HARDWARE_TIER3 UNITY_COLORSPACE_GAMMA UNITY_LIGHTMAP_DLDR_ENCODING ok=1
Cmd: compileSnippet
  api=14 type=1 insize=5648 outsize=1957 kw=OUTLINE_ON UNDERLAY_ON pd=UNITY_NO_DXT5nm UNITY_ENABLE_REFLECTION_BUFFERS UNITY_NO_SCREENSPACE_SHADOWS UNITY_PBS_USE_BRDF2 SHADER_API_DESKTOP UNITY_HARDWARE_TIER3 UNITY_COLORSPACE_GAMMA UNITY_LIGHTMAP_DLDR_ENCODING ok=1
Cmd: compileSnippet
  api=14 type=0 insize=5648 outsize=6089 kw=OUTLINE_ON pd=UNITY_NO_DXT5nm UNITY_ENABLE_REFLECTION_BUFFERS UNITY_NO_SCREENSPACE_SHADOWS UNITY_PBS_USE_BRDF2 SHADER_API_DESKTOP UNITY_HARDWARE_TIER3 UNITY_COLORSPACE_GAMMA UNITY_LIGHTMAP_DLDR_ENCODING ok=1
Cmd: compileSnippet
  api=14 type=1 insize=5648 outsize=1222 kw=OUTLINE_ON pd=UNITY_NO_DXT5nm UNITY_ENABLE_REFLECTION_BUFFERS UNITY_NO_SCREENSPACE_SHADOWS UNITY_PBS_USE_BRDF2 SHADER_API_DESKTOP UNITY_HARDWARE_TIER3 UNITY_COLORSPACE_GAMMA UNITY_LIGHTMAP_DLDR_ENCODING ok=1
Cmd: compileSnippet
  api=14 type=0 insize=5648 outsize=6089 kw= pd=UNITY_NO_DXT5nm UNITY_ENABLE_REFLECTION_BUFFERS UNITY_NO_SCREENSPACE_SHADOWS UNITY_PBS_USE_BRDF2 SHADER_API_DESKTOP UNITY_HARDWARE_TIER3 UNITY_COLORSPACE_GAMMA UNITY_LIGHTMAP_DLDR_ENCODING ok=1
Cmd: compileSnippet
  api=14 type=1 insize=5648 outsize=1052 kw= pd=UNITY_NO_DXT5nm UNITY_ENABLE_REFLECTION_BUFFERS UNITY_NO_SCREENSPACE_SHADOWS UNITY_PBS_USE_BRDF2 SHADER_API_DESKTOP UNITY_HARDWARE_TIER3 UNITY_COLORSPACE_GAMMA UNITY_LIGHTMAP_DLDR_ENCODING ok=1
Cmd: compileSnippet
  api=14 type=0 insize=7108 outsize=6312 kw= pd=UNITY_NO_DXT5nm UNITY_ENABLE_REFLECTION_BUFFERS UNITY_NO_SCREENSPACE_SHADOWS UNITY_PBS_USE_BRDF2 SHADER_API_DESKTOP UNITY_HARDWARE_TIER3 UNITY_COLORSPACE_GAMMA UNITY_LIGHTMAP_DLDR_ENCODING ok=1
Cmd: compileSnippet
  api=14 type=1 insize=7108 outsize=3405 kw= pd=UNITY_NO_DXT5nm UNITY_ENABLE_REFLECTION_BUFFERS UNITY_NO_SCREENSPACE_SHADOWS UNITY_PBS_USE_BRDF2 SHADER_API_DESKTOP UNITY_HARDWARE_TIER3 UNITY_COLORSPACE_GAMMA UNITY_LIGHTMAP_DLDR_ENCODING ok=1
