Base path: 'C:/Users/Tairo Kageyama/Documents/UnityFile/2019.4.40f1/Editor/Data', plugins path 'C:/Users/Tairo Kageyama/Documents/UnityFile/2019.4.40f1/Editor/Data/PlaybackEngines'
Cmd: initializeCompiler
Cmd: compileComputeKernel
  api=4 insize=775 outsize=2787 ok=1
Cmd: compileComputeKernel
  api=4 insize=1069 outsize=1465 ok=1
Cmd: compileComputeKernel
  api=4 insize=1069 outsize=1528 ok=1
Cmd: compileComputeKernel
  api=4 insize=1069 outsize=1792 ok=1
Cmd: compileComputeKernel
  api=4 insize=331 outsize=859 ok=1
Cmd: compileComputeKernel
  api=4 insize=759 outsize=638 ok=1
Cmd: compileComputeKernel
  api=4 insize=3405 outsize=3172 ok=1
Cmd: compileComputeKernel
  api=4 insize=3405 outsize=3833 ok=1
Cmd: compileComputeKernel
  api=4 insize=3405 outsize=15993 ok=1
Cmd: compileComputeKernel
  api=4 insize=13751 outsize=1198 ok=1
Cmd: compileComputeKernel
  api=4 insize=13751 outsize=1364 ok=1
Cmd: compileComputeKernel
  api=4 insize=89748 outsize=3854 ok=1
Cmd: compileComputeKernel
  api=4 insize=89748 outsize=2634 ok=1
Cmd: compileComputeKernel
  api=4 insize=89748 outsize=1647 ok=1
Cmd: compileComputeKernel
  api=4 insize=89748 outsize=3375 ok=1
Cmd: compileComputeKernel
  api=4 insize=89748 outsize=1554 ok=1
Cmd: compileComputeKernel
  api=4 insize=89748 outsize=3471 ok=1
Cmd: compileComputeKernel
  api=4 insize=89748 outsize=3399 ok=1
Cmd: compileComputeKernel
  api=4 insize=89748 outsize=3485 ok=1
Cmd: compileComputeKernel
  api=4 insize=89748 outsize=3472 ok=1
Cmd: compileComputeKernel
  api=4 insize=89748 outsize=1580 ok=1
Cmd: compileComputeKernel
  api=4 insize=89748 outsize=5039 ok=1
Cmd: compileComputeKernel
  api=4 insize=89748 outsize=5071 ok=1
Cmd: compileComputeKernel
  api=4 insize=89748 outsize=5218 ok=1
Cmd: compileComputeKernel
  api=4 insize=89748 outsize=3429 ok=1
Cmd: compileComputeKernel
  api=4 insize=89748 outsize=3310 ok=1
Cmd: compileComputeKernel
  api=4 insize=89748 outsize=2302 ok=1
Cmd: compileComputeKernel
  api=4 insize=89748 outsize=4831 ok=1
Cmd: compileComputeKernel
  api=4 insize=467 outsize=2137 ok=1
Cmd: compileComputeKernel
  api=4 insize=15390 outsize=2916 ok=1
Cmd: compileComputeKernel
  api=4 insize=67361 outsize=2764 ok=1
Cmd: compileComputeKernel
  api=4 insize=67361 outsize=12299 ok=1
Cmd: compileComputeKernel
  api=4 insize=18755 outsize=7656 ok=1
Cmd: compileComputeKernel
  api=4 insize=76423 outsize=2756 ok=1
Cmd: compileComputeKernel
  api=4 insize=467 outsize=2975 ok=1
Cmd: compileComputeKernel
  api=4 insize=13363 outsize=3719 ok=1
Cmd: compileComputeKernel
  api=4 insize=1069 outsize=1792 ok=1
Cmd: compileComputeKernel
  api=4 insize=776 outsize=6364 ok=1
Cmd: compileComputeKernel
  api=4 insize=11209 outsize=772 ok=1
Cmd: compileComputeKernel
  api=4 insize=11209 outsize=701 ok=1
Cmd: compileComputeKernel
  api=4 insize=11209 outsize=857 ok=1
Cmd: compileComputeKernel
  api=4 insize=11209 outsize=847 ok=1
Cmd: compileComputeKernel
  api=4 insize=11209 outsize=677 ok=1
Cmd: compileComputeKernel
  api=4 insize=11209 outsize=786 ok=1
Cmd: compileComputeKernel
  api=4 insize=11209 outsize=1229 ok=1
Cmd: compileComputeKernel
  api=4 insize=11209 outsize=1547 ok=1
Cmd: compileComputeKernel
  api=4 insize=11209 outsize=1369 ok=1
Cmd: compileComputeKernel
  api=4 insize=11209 outsize=1465 ok=1
Cmd: compileComputeKernel
  api=4 insize=11209 outsize=1288 ok=1
Cmd: compileComputeKernel
  api=4 insize=11209 outsize=1387 ok=1
Cmd: compileComputeKernel
  api=4 insize=11209 outsize=1334 ok=1
Cmd: compileComputeKernel
  api=4 insize=11209 outsize=1828 ok=1
Cmd: compileComputeKernel
  api=4 insize=11209 outsize=1380 ok=1
Cmd: compileComputeKernel
  api=4 insize=11209 outsize=1319 ok=1
Cmd: compileComputeKernel
  api=4 insize=4497 outsize=1650 ok=1
Cmd: shutdown
