Base path: 'C:/Users/Tairo Kageyama/Documents/UnityFile/2019.4.40f1/Editor/Data', plugins path 'C:/Users/Tairo Kageyama/Documents/UnityFile/2019.4.40f1/Editor/Data/PlaybackEngines'
Cmd: initializeCompiler
Cmd: compileComputeKernel
  api=4 insize=1069 outsize=1499 ok=1
Cmd: compileComputeKernel
  api=4 insize=759 outsize=910 ok=1
Cmd: compileComputeKernel
  api=4 insize=759 outsize=805 ok=1
Cmd: compileComputeKernel
  api=4 insize=3405 outsize=3172 ok=1
Cmd: compileComputeKernel
  api=4 insize=3405 outsize=3833 ok=1
Cmd: compileComputeKernel
  api=4 insize=3405 outsize=1572 ok=1
Cmd: compileComputeKernel
  api=4 insize=3405 outsize=1969 ok=1
Cmd: compileComputeKernel
  api=4 insize=3405 outsize=1905 ok=1
Cmd: compileComputeKernel
  api=4 insize=3405 outsize=5359 ok=1
Cmd: compileComputeKernel
  api=4 insize=3405 outsize=15720 ok=1
Cmd: compileComputeKernel
  api=4 insize=13751 outsize=1840 ok=1
Cmd: compileComputeKernel
  api=4 insize=13751 outsize=1579 ok=1
Cmd: compileComputeKernel
  api=4 insize=20821 outsize=13948 ok=1
Cmd: compileComputeKernel
  api=4 insize=89748 outsize=1532 ok=1
Cmd: compileComputeKernel
  api=4 insize=89748 outsize=3447 ok=1
Cmd: compileComputeKernel
  api=4 insize=89748 outsize=1689 ok=1
Cmd: compileComputeKernel
  api=4 insize=89748 outsize=1667 ok=1
Cmd: compileComputeKernel
  api=4 insize=89748 outsize=3375 ok=1
Cmd: compileComputeKernel
  api=4 insize=89748 outsize=3398 ok=1
Cmd: compileComputeKernel
  api=4 insize=89748 outsize=3409 ok=1
Cmd: compileComputeKernel
  api=4 insize=89748 outsize=3399 ok=1
Cmd: compileComputeKernel
  api=4 insize=89748 outsize=3485 ok=1
Cmd: compileComputeKernel
  api=4 insize=89748 outsize=3375 ok=1
Cmd: compileComputeKernel
  api=4 insize=89748 outsize=3576 ok=1
Cmd: compileComputeKernel
  api=4 insize=89748 outsize=5039 ok=1
Cmd: compileComputeKernel
  api=4 insize=89748 outsize=5068 ok=1
Cmd: compileComputeKernel
  api=4 insize=89748 outsize=3414 ok=1
Cmd: compileComputeKernel
  api=4 insize=89748 outsize=3429 ok=1
Cmd: compileComputeKernel
  api=4 insize=89748 outsize=1650 ok=1
Cmd: compileComputeKernel
  api=4 insize=89748 outsize=1754 ok=1
Cmd: compileComputeKernel
  api=4 insize=89748 outsize=3114 ok=1
Cmd: compileComputeKernel
  api=4 insize=89748 outsize=4765 ok=1
Cmd: compileComputeKernel
  api=4 insize=15390 outsize=2884 ok=1
Cmd: compileComputeKernel
  api=4 insize=15390 outsize=3526 ok=1
Cmd: compileComputeKernel
  api=4 insize=67361 outsize=10976 ok=1
Cmd: compileComputeKernel
  api=4 insize=67361 outsize=10639 ok=1
Cmd: compileComputeKernel
  api=4 insize=67361 outsize=9121 ok=1
Cmd: compileComputeKernel
  api=4 insize=18755 outsize=14017 ok=1
Cmd: compileComputeKernel
  api=4 insize=76423 outsize=5741 ok=1
Cmd: compileComputeKernel
  api=4 insize=467 outsize=2233 ok=1
Cmd: compileComputeKernel
  api=4 insize=13363 outsize=11279 ok=1
Cmd: compileComputeKernel
  api=4 insize=1069 outsize=1494 ok=1
Cmd: compileComputeKernel
  api=4 insize=11209 outsize=770 ok=1
Cmd: compileComputeKernel
  api=4 insize=11209 outsize=1157 ok=1
Cmd: compileComputeKernel
  api=4 insize=11209 outsize=759 ok=1
Cmd: compileComputeKernel
  api=4 insize=11209 outsize=787 ok=1
Cmd: compileComputeKernel
  api=4 insize=11209 outsize=1710 ok=1
Cmd: compileComputeKernel
  api=4 insize=11209 outsize=1277 ok=1
Cmd: compileComputeKernel
  api=4 insize=11209 outsize=1796 ok=1
Cmd: compileComputeKernel
  api=4 insize=11209 outsize=1369 ok=1
Cmd: compileComputeKernel
  api=4 insize=11209 outsize=1300 ok=1
Cmd: compileComputeKernel
  api=4 insize=11209 outsize=1296 ok=1
Cmd: compileComputeKernel
  api=4 insize=11209 outsize=1221 ok=1
Cmd: compileComputeKernel
  api=4 insize=11209 outsize=1533 ok=1
Cmd: compileComputeKernel
  api=4 insize=11209 outsize=1334 ok=1
Cmd: compileComputeKernel
  api=4 insize=11209 outsize=1264 ok=1
Cmd: compileComputeKernel
  api=4 insize=11209 outsize=1384 ok=1
Cmd: compileComputeKernel
  api=4 insize=4497 outsize=1684 ok=1
Cmd: shutdown
