Base path: '/Applications/Unity/Hub/Editor/2019.4.40f1/Unity.app/Contents', plugins path '/Applications/Unity/Hub/Editor/2019.4.40f1/Unity.app/Contents/PlaybackEngines'
Cmd: initializeCompiler
Cmd: compileComputeKernel
  api=14 insize=775 outsize=14064 ok=1
Cmd: compileComputeKernel
  api=14 insize=1069 outsize=3213 ok=1
Cmd: compileComputeKernel
  api=14 insize=1069 outsize=3250 ok=1
Cmd: compileComputeKernel
  api=14 insize=1069 outsize=3617 ok=1
Cmd: translateComputeKernel
  api=14 insize=3316 outsize=3793 ok=1
Cmd: compileComputeKernel
  api=14 insize=331 outsize=1156 ok=1
Cmd: translateComputeKernel
  api=14 insize=1302 outsize=1229 ok=1
Cmd: compileComputeKernel
  api=14 insize=759 outsize=2422 ok=1
Cmd: compileComputeKernel
  api=14 insize=759 outsize=2745 ok=1
Cmd: compileComputeKernel
  api=14 insize=759 outsize=2517 ok=1
Cmd: translateComputeKernel
  api=14 insize=2672 outsize=2491 ok=1
Cmd: translateComputeKernel
  api=14 insize=1538 outsize=1447 ok=1
Cmd: translateComputeKernel
  api=14 insize=2710 outsize=2582 ok=1
Cmd: compileComputeKernel
  api=14 insize=3405 outsize=28798 ok=1
Cmd: translateComputeKernel
  api=14 insize=23980 outsize=49651 ok=1
Cmd: translateComputeKernel
  api=14 insize=32164 outsize=60506 ok=1
Cmd: compileComputeKernel
  api=14 insize=13751 outsize=3246 ok=1
Cmd: compileComputeKernel
  api=14 insize=13751 outsize=4099 ok=1
Cmd: compileComputeKernel
  api=14 insize=13751 outsize=3860 ok=1
Cmd: translateComputeKernel
  api=14 insize=3513 outsize=3480 ok=1
Cmd: translateComputeKernel
  api=14 insize=3862 outsize=4282 ok=1
Cmd: translateComputeKernel
  api=14 insize=3897 outsize=4591 ok=1
Cmd: translateComputeKernel
  api=14 insize=15654 outsize=30077 ok=1
Cmd: compileComputeKernel
  api=14 insize=89748 outsize=4094 ok=1
Cmd: compileComputeKernel
  api=14 insize=89748 outsize=15623 ok=1
Cmd: compileComputeKernel
  api=14 insize=89748 outsize=4465 ok=1
Cmd: compileComputeKernel
  api=14 insize=89748 outsize=5739 ok=1
Cmd: compileComputeKernel
  api=14 insize=89748 outsize=5597 ok=1
Cmd: compileComputeKernel
  api=14 insize=89748 outsize=3765 ok=1
Cmd: compileComputeKernel
  api=14 insize=89748 outsize=5704 ok=1
Cmd: compileComputeKernel
  api=14 insize=89748 outsize=5757 ok=1
Cmd: compileComputeKernel
  api=14 insize=89748 outsize=5623 ok=1
Cmd: compileComputeKernel
  api=14 insize=89748 outsize=6089 ok=1
Cmd: compileComputeKernel
  api=14 insize=89748 outsize=5709 ok=1
Cmd: compileComputeKernel
  api=14 insize=89748 outsize=5599 ok=1
Cmd: compileComputeKernel
  api=14 insize=89748 outsize=3588 ok=1
Cmd: compileComputeKernel
  api=14 insize=89748 outsize=3804 ok=1
Cmd: compileComputeKernel
  api=14 insize=89748 outsize=7367 ok=1
Cmd: compileComputeKernel
  api=14 insize=89748 outsize=7803 ok=1
Cmd: compileComputeKernel
  api=14 insize=89748 outsize=7392 ok=1
Cmd: compileComputeKernel
  api=14 insize=89748 outsize=7541 ok=1
Cmd: compileComputeKernel
  api=14 insize=89748 outsize=8932 ok=1
Cmd: compileComputeKernel
  api=14 insize=89748 outsize=5706 ok=1
Cmd: compileComputeKernel
  api=14 insize=89748 outsize=4152 ok=1
Cmd: compileComputeKernel
  api=14 insize=89748 outsize=5602 ok=1
Cmd: compileComputeKernel
  api=14 insize=89748 outsize=5862 ok=1
Cmd: compileComputeKernel
  api=14 insize=89748 outsize=4430 ok=1
Cmd: translateComputeKernel
  api=14 insize=4664 outsize=4303 ok=1
Cmd: translateComputeKernel
  api=14 insize=16080 outsize=28320 ok=1
Cmd: translateComputeKernel
  api=14 insize=6354 outsize=8363 ok=1
Cmd: translateComputeKernel
  api=14 insize=6427 outsize=8521 ok=1
Cmd: translateComputeKernel
  api=14 insize=6791 outsize=9153 ok=1
Cmd: translateComputeKernel
  api=14 insize=6441 outsize=8597 ok=1
Cmd: translateComputeKernel
  api=14 insize=6445 outsize=8506 ok=1
Cmd: translateComputeKernel
  api=14 insize=6363 outsize=8406 ok=1
Cmd: translateComputeKernel
  api=14 insize=6372 outsize=8430 ok=1
Cmd: translateComputeKernel
  api=14 insize=4364 outsize=3957 ok=1
Cmd: translateComputeKernel
  api=14 insize=7390 outsize=11483 ok=1
Cmd: translateComputeKernel
  api=14 insize=8025 outsize=12604 ok=1
Cmd: translateComputeKernel
  api=14 insize=8110 outsize=12697 ok=1
Cmd: translateComputeKernel
  api=14 insize=8054 outsize=12659 ok=1
Cmd: translateComputeKernel
  api=14 insize=8203 outsize=12990 ok=1
Cmd: translateComputeKernel
  api=14 insize=8204 outsize=12881 ok=1
Cmd: translateComputeKernel
  api=14 insize=6542 outsize=9251 ok=1
Cmd: translateComputeKernel
  api=14 insize=6542 outsize=9251 ok=1
Cmd: translateComputeKernel
  api=14 insize=6265 outsize=8360 ok=1
Cmd: translateComputeKernel
  api=14 insize=4596 outsize=4434 ok=1
Cmd: translateComputeKernel
  api=14 insize=5144 outsize=5550 ok=1
Cmd: translateComputeKernel
  api=14 insize=4928 outsize=4980 ok=1
Cmd: translateComputeKernel
  api=14 insize=5050 outsize=5153 ok=1
Cmd: translateComputeKernel
  api=14 insize=10103 outsize=18245 ok=1
Cmd: translateComputeKernel
  api=14 insize=7407 outsize=10694 ok=1
Cmd: compileComputeKernel
  api=14 insize=467 outsize=7805 ok=1
Cmd: translateComputeKernel
  api=14 insize=4347 outsize=5805 ok=1
Cmd: compileComputeKernel
  api=14 insize=15390 outsize=4532 ok=1
Cmd: compileComputeKernel
  api=14 insize=15390 outsize=4560 ok=1
Cmd: translateComputeKernel
  api=14 insize=4228 outsize=6375 ok=1
Cmd: translateComputeKernel
  api=14 insize=4580 outsize=8005 ok=1
Cmd: translateComputeKernel
  api=14 insize=4620 outsize=6944 ok=1
Cmd: compileComputeKernel
  api=14 insize=67361 outsize=4460 ok=1
Cmd: compileComputeKernel
  api=14 insize=67361 outsize=18519 ok=1
Cmd: translateComputeKernel
  api=14 insize=7537 outsize=13347 ok=1
Cmd: translateComputeKernel
  api=14 insize=12387 outsize=24092 ok=1
Cmd: compileComputeKernel
  api=14 insize=4587 outsize=5008 ok=1
Cmd: translateComputeKernel
  api=14 insize=5228 outsize=6615 ok=1
Cmd: compileComputeKernel
  api=14 insize=76423 outsize=15079 ok=1
Cmd: translateComputeKernel
  api=14 insize=9908 outsize=17864 ok=1
Cmd: compileComputeKernel
  api=14 insize=467 outsize=5059 ok=1
Cmd: translateComputeKernel
  api=14 insize=5197 outsize=8168 ok=1
Cmd: compileComputeKernel
  api=14 insize=13363 outsize=12799 ok=1
Cmd: translateComputeKernel
  api=14 insize=5423 outsize=8836 ok=1
Cmd: compileComputeKernel
  api=14 insize=1069 outsize=3368 ok=1
Cmd: compileComputeKernel
  api=14 insize=1069 outsize=3617 ok=1
Cmd: translateComputeKernel
  api=14 insize=3756 outsize=4576 ok=1
Cmd: translateComputeKernel
  api=14 insize=3462 outsize=4031 ok=1
Cmd: compileComputeKernel
  api=14 insize=3167 outsize=3171 ok=1
Cmd: translateComputeKernel
  api=14 insize=2296 outsize=2246 ok=1
Cmd: translateComputeKernel
  api=14 insize=11601 outsize=21284 ok=1
Cmd: compileComputeKernel
  api=14 insize=11209 outsize=2414 ok=1
Cmd: compileComputeKernel
  api=14 insize=11209 outsize=2510 ok=1
Cmd: compileComputeKernel
  api=14 insize=11209 outsize=2690 ok=1
Cmd: compileComputeKernel
  api=14 insize=11209 outsize=2571 ok=1
Cmd: compileComputeKernel
  api=14 insize=11209 outsize=2726 ok=1
Cmd: compileComputeKernel
  api=14 insize=11209 outsize=2853 ok=1
Cmd: compileComputeKernel
  api=14 insize=11209 outsize=2626 ok=1
Cmd: compileComputeKernel
  api=14 insize=11209 outsize=1157 ok=1
Cmd: compileComputeKernel
  api=14 insize=11209 outsize=2544 ok=1
Cmd: compileComputeKernel
  api=14 insize=11209 outsize=3061 ok=1
Cmd: compileComputeKernel
  api=14 insize=11209 outsize=3287 ok=1
Cmd: compileComputeKernel
  api=14 insize=11209 outsize=3109 ok=1
Cmd: compileComputeKernel
  api=14 insize=11209 outsize=3069 ok=1
Cmd: compileComputeKernel
  api=14 insize=11209 outsize=3091 ok=1
Cmd: compileComputeKernel
  api=14 insize=11209 outsize=3076 ok=1
Cmd: compileComputeKernel
  api=14 insize=11209 outsize=3028 ok=1
Cmd: compileComputeKernel
  api=14 insize=11209 outsize=3086 ok=1
Cmd: compileComputeKernel
  api=14 insize=11209 outsize=3137 ok=1
Cmd: compileComputeKernel
  api=14 insize=11209 outsize=3305 ok=1
Cmd: compileComputeKernel
  api=14 insize=11209 outsize=3505 ok=1
Cmd: compileComputeKernel
  api=14 insize=11209 outsize=3057 ok=1
Cmd: compileComputeKernel
  api=14 insize=11209 outsize=3061 ok=1
Cmd: compileComputeKernel
  api=14 insize=11209 outsize=3564 ok=1
Cmd: translateComputeKernel
  api=14 insize=2612 outsize=2336 ok=1
Cmd: translateComputeKernel
  api=14 insize=1404 outsize=1230 ok=1
Cmd: translateComputeKernel
  api=14 insize=2717 outsize=2473 ok=1
Cmd: translateComputeKernel
  api=14 insize=1458 outsize=1300 ok=1
Cmd: translateComputeKernel
  api=14 insize=2664 outsize=2411 ok=1
Cmd: translateComputeKernel
  api=14 insize=2651 outsize=2383 ok=1
Cmd: translateComputeKernel
  api=14 insize=2757 outsize=2656 ok=1
Cmd: translateComputeKernel
  api=14 insize=2981 outsize=2956 ok=1
Cmd: translateComputeKernel
  api=14 insize=2722 outsize=2499 ok=1
Cmd: translateComputeKernel
  api=14 insize=2491 outsize=2682 ok=1
Cmd: translateComputeKernel
  api=14 insize=2612 outsize=2336 ok=1
Cmd: translateComputeKernel
  api=14 insize=1410 outsize=1226 ok=1
Cmd: translateComputeKernel
  api=14 insize=3212 outsize=3288 ok=1
Cmd: translateComputeKernel
  api=14 insize=3170 outsize=3606 ok=1
Cmd: translateComputeKernel
  api=14 insize=3222 outsize=3502 ok=1
Cmd: translateComputeKernel
  api=14 insize=3389 outsize=3751 ok=1
Cmd: translateComputeKernel
  api=14 insize=3421 outsize=3805 ok=1
Cmd: translateComputeKernel
  api=14 insize=3230 outsize=3711 ok=1
Cmd: translateComputeKernel
  api=14 insize=3216 outsize=3543 ok=1
Cmd: translateComputeKernel
  api=14 insize=3207 outsize=3674 ok=1
Cmd: translateComputeKernel
  api=14 insize=3189 outsize=3637 ok=1
Cmd: translateComputeKernel
  api=14 insize=3162 outsize=3602 ok=1
Cmd: translateComputeKernel
  api=14 insize=3217 outsize=3675 ok=1
Cmd: translateComputeKernel
  api=14 insize=3206 outsize=3660 ok=1
Cmd: translateComputeKernel
  api=14 insize=3474 outsize=4092 ok=1
Cmd: translateComputeKernel
  api=14 insize=3298 outsize=3638 ok=1
Cmd: translateComputeKernel
  api=14 insize=3529 outsize=4010 ok=1
Cmd: translateComputeKernel
  api=14 insize=3298 outsize=3637 ok=1
Cmd: translateComputeKernel
  api=14 insize=3235 outsize=3737 ok=1
Cmd: translateComputeKernel
  api=14 insize=3706 outsize=4376 ok=1
Cmd: translateComputeKernel
  api=14 insize=3281 outsize=3632 ok=1
Cmd: translateComputeKernel
  api=14 insize=3188 outsize=3458 ok=1
Cmd: translateComputeKernel
  api=14 insize=3220 outsize=3565 ok=1
Cmd: compileComputeKernel
  api=14 insize=4497 outsize=3174 ok=1
Cmd: translateComputeKernel
  api=14 insize=2931 outsize=3337 ok=1
Cmd: compileComputeKernel
  api=14 insize=1900 outsize=4694 ok=1
