Base path: 'C:/Users/Tairo Kageyama/Documents/UnityFile/2019.4.40f1/Editor/Data', plugins path 'C:/Users/Tairo Kageyama/Documents/UnityFile/2019.4.40f1/Editor/Data/PlaybackEngines'
Cmd: initializeCompiler
Cmd: compileComputeKernel
  api=4 insize=1069 outsize=1465 ok=1
Cmd: compileComputeKernel
  api=4 insize=331 outsize=775 ok=1
Cmd: compileComputeKernel
  api=4 insize=759 outsize=1005 ok=1
Cmd: compileComputeKernel
  api=4 insize=759 outsize=872 ok=1
Cmd: compileComputeKernel
  api=4 insize=3405 outsize=24465 ok=1
Cmd: compileComputeKernel
  api=4 insize=13751 outsize=1558 ok=1
Cmd: compileComputeKernel
  api=4 insize=13751 outsize=1585 ok=1
Cmd: compileComputeKernel
  api=4 insize=20821 outsize=14148 ok=1
Cmd: compileComputeKernel
  api=4 insize=89748 outsize=2922 ok=1
Cmd: compileComputeKernel
  api=4 insize=89748 outsize=2631 ok=1
Cmd: compileComputeKernel
  api=4 insize=89748 outsize=2482 ok=1
Cmd: compileComputeKernel
  api=4 insize=89748 outsize=2041 ok=1
Cmd: compileComputeKernel
  api=4 insize=89748 outsize=3685 ok=1
Cmd: compileComputeKernel
  api=4 insize=89748 outsize=3372 ok=1
Cmd: compileComputeKernel
  api=4 insize=89748 outsize=3608 ok=1
Cmd: compileComputeKernel
  api=4 insize=89748 outsize=3447 ok=1
Cmd: compileComputeKernel
  api=4 insize=89748 outsize=3865 ok=1
Cmd: compileComputeKernel
  api=4 insize=89748 outsize=3375 ok=1
Cmd: compileComputeKernel
  api=4 insize=89748 outsize=3475 ok=1
Cmd: compileComputeKernel
  api=4 insize=89748 outsize=5039 ok=1
Cmd: compileComputeKernel
  api=4 insize=89748 outsize=5076 ok=1
Cmd: compileComputeKernel
  api=4 insize=89748 outsize=5217 ok=1
Cmd: compileComputeKernel
  api=4 insize=89748 outsize=3574 ok=1
Cmd: compileComputeKernel
  api=4 insize=89748 outsize=1650 ok=1
Cmd: compileComputeKernel
  api=4 insize=89748 outsize=1754 ok=1
Cmd: compileComputeKernel
  api=4 insize=89748 outsize=1927 ok=1
Cmd: compileComputeKernel
  api=4 insize=89748 outsize=4893 ok=1
Cmd: compileComputeKernel
  api=4 insize=467 outsize=3207 ok=1
Cmd: compileComputeKernel
  api=4 insize=15390 outsize=2916 ok=1
Cmd: compileComputeKernel
  api=4 insize=67361 outsize=5799 ok=1
Cmd: compileComputeKernel
  api=4 insize=67361 outsize=10573 ok=1
Cmd: compileComputeKernel
  api=4 insize=4587 outsize=3836 ok=1
Cmd: compileComputeKernel
  api=4 insize=76423 outsize=5651 ok=1
Cmd: compileComputeKernel
  api=4 insize=467 outsize=2137 ok=1
Cmd: compileComputeKernel
  api=4 insize=13363 outsize=11359 ok=1
Cmd: compileComputeKernel
  api=4 insize=1069 outsize=1469 ok=1
Cmd: compileComputeKernel
  api=4 insize=776 outsize=4420 ok=1
Cmd: compileComputeKernel
  api=4 insize=11209 outsize=629 ok=1
Cmd: compileComputeKernel
  api=4 insize=11209 outsize=1023 ok=1
Cmd: compileComputeKernel
  api=4 insize=11209 outsize=716 ok=1
Cmd: compileComputeKernel
  api=4 insize=11209 outsize=1018 ok=1
Cmd: compileComputeKernel
  api=4 insize=11209 outsize=855 ok=1
Cmd: compileComputeKernel
  api=4 insize=11209 outsize=772 ok=1
Cmd: compileComputeKernel
  api=4 insize=11209 outsize=1292 ok=1
Cmd: compileComputeKernel
  api=4 insize=11209 outsize=1520 ok=1
Cmd: compileComputeKernel
  api=4 insize=11209 outsize=1340 ok=1
Cmd: compileComputeKernel
  api=4 insize=11209 outsize=1359 ok=1
Cmd: compileComputeKernel
  api=4 insize=11209 outsize=1284 ok=1
Cmd: compileComputeKernel
  api=4 insize=11209 outsize=1596 ok=1
Cmd: compileComputeKernel
  api=4 insize=11209 outsize=1397 ok=1
Cmd: compileComputeKernel
  api=4 insize=11209 outsize=1287 ok=1
Cmd: compileComputeKernel
  api=4 insize=11209 outsize=1264 ok=1
Cmd: compileComputeKernel
  api=4 insize=11209 outsize=1256 ok=1
Cmd: compileComputeKernel
  api=4 insize=4497 outsize=1449 ok=1
Cmd: shutdown
