Base path: 'C:/Users/Tairo Kageyama/Documents/UnityFile/2019.4.40f1/Editor/Data', plugins path 'C:/Users/Tairo Kageyama/Documents/UnityFile/2019.4.40f1/Editor/Data/PlaybackEngines'
Cmd: initializeCompiler
Cmd: compileComputeKernel
  api=4 insize=775 outsize=11445 ok=1
Cmd: compileComputeKernel
  api=4 insize=1069 outsize=1905 ok=1
Cmd: compileComputeKernel
  api=4 insize=1069 outsize=1813 ok=1
Cmd: compileComputeKernel
  api=4 insize=2847 outsize=3574 ok=1
Cmd: compileComputeKernel
  api=4 insize=759 outsize=854 ok=1
Cmd: compileComputeKernel
  api=4 insize=759 outsize=1035 ok=1
Cmd: compileComputeKernel
  api=4 insize=3405 outsize=27245 ok=1
Cmd: compileComputeKernel
  api=4 insize=89748 outsize=2795 ok=1
Cmd: compileComputeKernel
  api=4 insize=89748 outsize=2187 ok=1
Cmd: compileComputeKernel
  api=4 insize=89748 outsize=1489 ok=1
Cmd: compileComputeKernel
  api=4 insize=89748 outsize=1689 ok=1
Cmd: compileComputeKernel
  api=4 insize=89748 outsize=1495 ok=1
Cmd: compileComputeKernel
  api=4 insize=89748 outsize=3375 ok=1
Cmd: compileComputeKernel
  api=4 insize=89748 outsize=3457 ok=1
Cmd: compileComputeKernel
  api=4 insize=89748 outsize=3462 ok=1
Cmd: compileComputeKernel
  api=4 insize=89748 outsize=3372 ok=1
Cmd: compileComputeKernel
  api=4 insize=89748 outsize=3916 ok=1
Cmd: compileComputeKernel
  api=4 insize=89748 outsize=3975 ok=1
Cmd: compileComputeKernel
  api=4 insize=89748 outsize=5039 ok=1
Cmd: compileComputeKernel
  api=4 insize=89748 outsize=5068 ok=1
Cmd: compileComputeKernel
  api=4 insize=89748 outsize=3460 ok=1
Cmd: compileComputeKernel
  api=4 insize=89748 outsize=3429 ok=1
Cmd: compileComputeKernel
  api=4 insize=89748 outsize=2270 ok=1
Cmd: compileComputeKernel
  api=4 insize=89748 outsize=3102 ok=1
Cmd: compileComputeKernel
  api=4 insize=89748 outsize=2194 ok=1
Cmd: compileComputeKernel
  api=4 insize=15390 outsize=2246 ok=1
Cmd: compileComputeKernel
  api=4 insize=15390 outsize=2917 ok=1
Cmd: compileComputeKernel
  api=4 insize=67361 outsize=23716 ok=1
Cmd: compileComputeKernel
  api=4 insize=67361 outsize=9121 ok=1
Cmd: compileComputeKernel
  api=4 insize=76423 outsize=7888 ok=1
Cmd: compileComputeKernel
  api=4 insize=13363 outsize=10970 ok=1
Cmd: compileComputeKernel
  api=4 insize=1069 outsize=1465 ok=1
Cmd: compileComputeKernel
  api=4 insize=776 outsize=10704 ok=1
Cmd: compileComputeKernel
  api=4 insize=11209 outsize=677 ok=1
Cmd: compileComputeKernel
  api=4 insize=11209 outsize=855 ok=1
Cmd: compileComputeKernel
  api=4 insize=11209 outsize=1081 ok=1
Cmd: compileComputeKernel
  api=4 insize=11209 outsize=629 ok=1
Cmd: compileComputeKernel
  api=4 insize=11209 outsize=1269 ok=1
Cmd: compileComputeKernel
  api=4 insize=11209 outsize=1547 ok=1
Cmd: compileComputeKernel
  api=4 insize=11209 outsize=1392 ok=1
Cmd: compileComputeKernel
  api=4 insize=11209 outsize=1442 ok=1
Cmd: compileComputeKernel
  api=4 insize=11209 outsize=1248 ok=1
Cmd: compileComputeKernel
  api=4 insize=11209 outsize=1387 ok=1
Cmd: compileComputeKernel
  api=4 insize=11209 outsize=1565 ok=1
Cmd: compileComputeKernel
  api=4 insize=11209 outsize=1765 ok=1
Cmd: compileComputeKernel
  api=4 insize=11209 outsize=1357 ok=1
Cmd: compileComputeKernel
  api=4 insize=11209 outsize=1321 ok=1
Cmd: compileComputeKernel
  api=4 insize=4497 outsize=1684 ok=1
Cmd: shutdown
