Base path: '/Applications/Unity/Hub/Editor/2019.4.40f1/Unity.app/Contents', plugins path '/Applications/Unity/Hub/Editor/2019.4.40f1/Unity.app/Contents/PlaybackEngines'
Cmd: initializeCompiler
Cmd: compileComputeKernel
  api=14 insize=775 outsize=9376 ok=1
Cmd: translateComputeKernel
  api=14 insize=16216 outsize=32178 ok=1
Cmd: compileComputeKernel
  api=14 insize=1069 outsize=3368 ok=1
Cmd: compileComputeKernel
  api=14 insize=1069 outsize=3243 ok=1
Cmd: translateComputeKernel
  api=14 insize=3401 outsize=3940 ok=1
Cmd: translateComputeKernel
  api=14 insize=3350 outsize=3842 ok=1
Cmd: translateComputeKernel
  api=14 insize=3735 outsize=4414 ok=1
Cmd: translateComputeKernel
  api=14 insize=4614 outsize=8000 ok=1
Cmd: compileComputeKernel
  api=14 insize=331 outsize=2504 ok=1
Cmd: translateComputeKernel
  api=14 insize=2568 outsize=2449 ok=1
Cmd: compileComputeKernel
  api=14 insize=759 outsize=2650 ok=1
Cmd: compileComputeKernel
  api=14 insize=759 outsize=2594 ok=1
Cmd: compileComputeKernel
  api=14 insize=759 outsize=2612 ok=1
Cmd: translateComputeKernel
  api=14 insize=2643 outsize=2453 ok=1
Cmd: translateComputeKernel
  api=14 insize=2620 outsize=2410 ok=1
Cmd: translateComputeKernel
  api=14 insize=2969 outsize=2929 ok=1
Cmd: compileComputeKernel
  api=14 insize=3405 outsize=36306 ok=1
Cmd: compileComputeKernel
  api=14 insize=3405 outsize=36622 ok=1
Cmd: translateComputeKernel
  api=14 insize=36340 outsize=72135 ok=1
Cmd: compileComputeKernel
  api=14 insize=13751 outsize=3075 ok=1
Cmd: compileComputeKernel
  api=14 insize=13751 outsize=3976 ok=1
Cmd: compileComputeKernel
  api=14 insize=13751 outsize=4162 ok=1
Cmd: translateComputeKernel
  api=14 insize=3849 outsize=4270 ok=1
Cmd: compileComputeKernel
  api=14 insize=20821 outsize=15680 ok=1
Cmd: compileComputeKernel
  api=14 insize=89748 outsize=5262 ok=1
Cmd: compileComputeKernel
  api=14 insize=89748 outsize=5855 ok=1
Cmd: compileComputeKernel
  api=14 insize=89748 outsize=3858 ok=1
Cmd: compileComputeKernel
  api=14 insize=89748 outsize=3713 ok=1
Cmd: compileComputeKernel
  api=14 insize=89748 outsize=3913 ok=1
Cmd: compileComputeKernel
  api=14 insize=89748 outsize=3655 ok=1
Cmd: compileComputeKernel
  api=14 insize=89748 outsize=6310 ok=1
Cmd: compileComputeKernel
  api=14 insize=89748 outsize=5622 ok=1
Cmd: compileComputeKernel
  api=14 insize=89748 outsize=3765 ok=1
Cmd: compileComputeKernel
  api=14 insize=89748 outsize=5695 ok=1
Cmd: compileComputeKernel
  api=14 insize=89748 outsize=5671 ok=1
Cmd: compileComputeKernel
  api=14 insize=89748 outsize=5623 ok=1
Cmd: compileComputeKernel
  api=14 insize=89748 outsize=5709 ok=1
Cmd: compileComputeKernel
  api=14 insize=89748 outsize=5713 ok=1
Cmd: compileComputeKernel
  api=14 insize=89748 outsize=5696 ok=1
Cmd: compileComputeKernel
  api=14 insize=89748 outsize=5699 ok=1
Cmd: compileComputeKernel
  api=14 insize=89748 outsize=3773 ok=1
Cmd: compileComputeKernel
  api=14 insize=89748 outsize=7363 ok=1
Cmd: compileComputeKernel
  api=14 insize=89748 outsize=7518 ok=1
Cmd: compileComputeKernel
  api=14 insize=89748 outsize=7397 ok=1
Cmd: compileComputeKernel
  api=14 insize=89748 outsize=7542 ok=1
Cmd: compileComputeKernel
  api=14 insize=89748 outsize=5653 ok=1
Cmd: compileComputeKernel
  api=14 insize=89748 outsize=5533 ok=1
Cmd: compileComputeKernel
  api=14 insize=89748 outsize=4274 ok=1
Cmd: compileComputeKernel
  api=14 insize=89748 outsize=3147 ok=1
Cmd: compileComputeKernel
  api=14 insize=89748 outsize=5862 ok=1
Cmd: compileComputeKernel
  api=14 insize=89748 outsize=4394 ok=1
Cmd: compileComputeKernel
  api=14 insize=89748 outsize=7189 ok=1
Cmd: translateComputeKernel
  api=14 insize=6728 outsize=9647 ok=1
Cmd: translateComputeKernel
  api=14 insize=4578 outsize=4520 ok=1
Cmd: translateComputeKernel
  api=14 insize=8635 outsize=12351 ok=1
Cmd: translateComputeKernel
  api=14 insize=4523 outsize=4462 ok=1
Cmd: translateComputeKernel
  api=14 insize=6406 outsize=7796 ok=1
Cmd: translateComputeKernel
  api=14 insize=6368 outsize=8411 ok=1
Cmd: translateComputeKernel
  api=14 insize=6413 outsize=8448 ok=1
Cmd: translateComputeKernel
  api=14 insize=6436 outsize=8491 ok=1
Cmd: translateComputeKernel
  api=14 insize=6640 outsize=8933 ok=1
Cmd: translateComputeKernel
  api=14 insize=6424 outsize=8490 ok=1
Cmd: translateComputeKernel
  api=14 insize=4585 outsize=4791 ok=1
Cmd: translateComputeKernel
  api=14 insize=8029 outsize=12603 ok=1
Cmd: translateComputeKernel
  api=14 insize=8465 outsize=13548 ok=1
Cmd: translateComputeKernel
  api=14 insize=8057 outsize=12552 ok=1
Cmd: translateComputeKernel
  api=14 insize=8059 outsize=12555 ok=1
Cmd: translateComputeKernel
  api=14 insize=8204 outsize=12990 ok=1
Cmd: translateComputeKernel
  api=14 insize=6416 outsize=8492 ok=1
Cmd: translateComputeKernel
  api=14 insize=9524 outsize=15808 ok=1
Cmd: translateComputeKernel
  api=14 insize=6385 outsize=8621 ok=1
Cmd: translateComputeKernel
  api=14 insize=6265 outsize=8376 ok=1
Cmd: translateComputeKernel
  api=14 insize=6386 outsize=8607 ok=1
Cmd: translateComputeKernel
  api=14 insize=5144 outsize=5608 ok=1
Cmd: translateComputeKernel
  api=14 insize=4453 outsize=4154 ok=1
Cmd: translateComputeKernel
  api=14 insize=5050 outsize=5153 ok=1
Cmd: translateComputeKernel
  api=14 insize=6588 outsize=8670 ok=1
Cmd: translateComputeKernel
  api=14 insize=3951 outsize=3165 ok=1
Cmd: translateComputeKernel
  api=14 insize=3951 outsize=3165 ok=1
Cmd: translateComputeKernel
  api=14 insize=5265 outsize=6048 ok=1
Cmd: translateComputeKernel
  api=14 insize=4894 outsize=5577 ok=1
Cmd: translateComputeKernel
  api=14 insize=6594 outsize=8932 ok=1
Cmd: translateComputeKernel
  api=14 insize=6594 outsize=8865 ok=1
Cmd: translateComputeKernel
  api=14 insize=5082 outsize=5593 ok=1
Cmd: translateComputeKernel
  api=14 insize=7962 outsize=11403 ok=1
Cmd: compileComputeKernel
  api=14 insize=467 outsize=5231 ok=1
Cmd: translateComputeKernel
  api=14 insize=5261 outsize=8358 ok=1
Cmd: compileComputeKernel
  api=14 insize=15390 outsize=4532 ok=1
Cmd: compileComputeKernel
  api=14 insize=15390 outsize=4088 ok=1
Cmd: compileComputeKernel
  api=14 insize=15390 outsize=4508 ok=1
Cmd: translateComputeKernel
  api=14 insize=4163 outsize=6257 ok=1
Cmd: translateComputeKernel
  api=14 insize=4229 outsize=6292 ok=1
Cmd: compileComputeKernel
  api=14 insize=67361 outsize=14732 ok=1
Cmd: compileComputeKernel
  api=14 insize=67361 outsize=12233 ok=1
Cmd: compileComputeKernel
  api=14 insize=67361 outsize=12223 ok=1
Cmd: compileComputeKernel
  api=14 insize=67361 outsize=10833 ok=1
Cmd: translateComputeKernel
  api=14 insize=4494 outsize=6334 ok=1
Cmd: translateComputeKernel
  api=14 insize=7945 outsize=14249 ok=1
Cmd: translateComputeKernel
  api=14 insize=18528 outsize=37971 ok=1
Cmd: translateComputeKernel
  api=14 insize=12257 outsize=23875 ok=1
Cmd: compileComputeKernel
  api=14 insize=4587 outsize=5416 ok=1
Cmd: compileComputeKernel
  api=14 insize=18755 outsize=8956 ok=1
Cmd: translateComputeKernel
  api=14 insize=19261 outsize=36958 ok=1
Cmd: compileComputeKernel
  api=14 insize=76423 outsize=4356 ok=1
Cmd: compileComputeKernel
  api=14 insize=76423 outsize=2587 ok=1
Cmd: compileComputeKernel
  api=14 insize=76423 outsize=17427 ok=1
Cmd: translateComputeKernel
  api=14 insize=9488 outsize=18300 ok=1
Cmd: compileComputeKernel
  api=14 insize=467 outsize=4999 ok=1
Cmd: translateComputeKernel
  api=14 insize=5257 outsize=8320 ok=1
Cmd: compileComputeKernel
  api=14 insize=13363 outsize=12562 ok=1
Cmd: translateComputeKernel
  api=14 insize=12799 outsize=23955 ok=1
Cmd: compileComputeKernel
  api=14 insize=1069 outsize=3213 ok=1
Cmd: compileComputeKernel
  api=14 insize=1069 outsize=3247 ok=1
Cmd: translateComputeKernel
  api=14 insize=3401 outsize=3940 ok=1
Cmd: translateComputeKernel
  api=14 insize=3687 outsize=4317 ok=1
Cmd: translateComputeKernel
  api=14 insize=3646 outsize=5188 ok=1
Cmd: compileComputeKernel
  api=14 insize=776 outsize=11509 ok=1
Cmd: compileComputeKernel
  api=14 insize=11209 outsize=2512 ok=1
Cmd: compileComputeKernel
  api=14 insize=11209 outsize=1151 ok=1
Cmd: compileComputeKernel
  api=14 insize=11209 outsize=1362 ok=1
Cmd: compileComputeKernel
  api=14 insize=11209 outsize=2536 ok=1
Cmd: compileComputeKernel
  api=14 insize=11209 outsize=2502 ok=1
Cmd: compileComputeKernel
  api=14 insize=11209 outsize=2527 ok=1
Cmd: compileComputeKernel
  api=14 insize=11209 outsize=2238 ok=1
Cmd: compileComputeKernel
  api=14 insize=11209 outsize=2512 ok=1
Cmd: compileComputeKernel
  api=14 insize=11209 outsize=1374 ok=1
Cmd: compileComputeKernel
  api=14 insize=11209 outsize=3032 ok=1
Cmd: compileComputeKernel
  api=14 insize=11209 outsize=3636 ok=1
Cmd: compileComputeKernel
  api=14 insize=11209 outsize=3260 ok=1
Cmd: compileComputeKernel
  api=14 insize=11209 outsize=3103 ok=1
Cmd: compileComputeKernel
  api=14 insize=11209 outsize=3182 ok=1
Cmd: compileComputeKernel
  api=14 insize=11209 outsize=3051 ok=1
Cmd: compileComputeKernel
  api=14 insize=11209 outsize=3109 ok=1
Cmd: compileComputeKernel
  api=14 insize=11209 outsize=3336 ok=1
Cmd: compileComputeKernel
  api=14 insize=11209 outsize=3368 ok=1
Cmd: compileComputeKernel
  api=14 insize=11209 outsize=3568 ok=1
Cmd: compileComputeKernel
  api=14 insize=11209 outsize=3027 ok=1
Cmd: compileComputeKernel
  api=14 insize=11209 outsize=3027 ok=1
Cmd: compileComputeKernel
  api=14 insize=11209 outsize=3059 ok=1
Cmd: translateComputeKernel
  api=14 insize=2672 outsize=2447 ok=1
Cmd: translateComputeKernel
  api=14 insize=2610 outsize=2340 ok=1
Cmd: translateComputeKernel
  api=14 insize=2813 outsize=2601 ok=1
Cmd: translateComputeKernel
  api=14 insize=2777 outsize=2600 ok=1
Cmd: translateComputeKernel
  api=14 insize=2820 outsize=2687 ok=1
Cmd: translateComputeKernel
  api=14 insize=2696 outsize=2489 ok=1
Cmd: translateComputeKernel
  api=14 insize=2724 outsize=2530 ok=1
Cmd: translateComputeKernel
  api=14 insize=1579 outsize=1583 ok=1
Cmd: translateComputeKernel
  api=14 insize=2027 outsize=2133 ok=1
Cmd: translateComputeKernel
  api=14 insize=2091 outsize=2211 ok=1
Cmd: translateComputeKernel
  api=14 insize=2782 outsize=2626 ok=1
Cmd: translateComputeKernel
  api=14 insize=2726 outsize=2489 ok=1
Cmd: translateComputeKernel
  api=14 insize=1410 outsize=1226 ok=1
Cmd: translateComputeKernel
  api=14 insize=2717 outsize=2487 ok=1
Cmd: translateComputeKernel
  api=14 insize=2672 outsize=2447 ok=1
Cmd: translateComputeKernel
  api=14 insize=2781 outsize=2617 ok=1
Cmd: translateComputeKernel
  api=14 insize=3272 outsize=3478 ok=1
Cmd: translateComputeKernel
  api=14 insize=3130 outsize=3580 ok=1
Cmd: translateComputeKernel
  api=14 insize=3763 outsize=4545 ok=1
Cmd: translateComputeKernel
  api=14 insize=3366 outsize=3865 ok=1
Cmd: translateComputeKernel
  api=14 insize=3398 outsize=3915 ok=1
Cmd: translateComputeKernel
  api=14 insize=3207 outsize=3695 ok=1
Cmd: translateComputeKernel
  api=14 insize=3264 outsize=3584 ok=1
Cmd: translateComputeKernel
  api=14 insize=3241 outsize=3714 ok=1
Cmd: translateComputeKernel
  api=14 insize=3336 outsize=3698 ok=1
Cmd: translateComputeKernel
  api=14 insize=3273 outsize=3794 ok=1
Cmd: translateComputeKernel
  api=14 insize=3212 outsize=3499 ok=1
Cmd: translateComputeKernel
  api=14 insize=3212 outsize=3500 ok=1
Cmd: translateComputeKernel
  api=14 insize=3149 outsize=3612 ok=1
Cmd: translateComputeKernel
  api=14 insize=3298 outsize=3637 ok=1
Cmd: translateComputeKernel
  api=14 insize=3729 outsize=4279 ok=1
Cmd: translateComputeKernel
  api=14 insize=3279 outsize=3753 ok=1
Cmd: translateComputeKernel
  api=14 insize=3165 outsize=3600 ok=1
Cmd: translateComputeKernel
  api=14 insize=3165 outsize=3600 ok=1
Cmd: translateComputeKernel
  api=14 insize=3285 outsize=3635 ok=1
Cmd: translateComputeKernel
  api=14 insize=3157 outsize=3654 ok=1
Cmd: translateComputeKernel
  api=14 insize=3765 outsize=4556 ok=1
Cmd: compileComputeKernel
  api=14 insize=4497 outsize=3078 ok=1
Cmd: translateComputeKernel
  api=14 insize=3078 outsize=3670 ok=1
