Base path: 'C:/Users/Tairo Kageyama/Documents/UnityFile/2019.4.40f1/Editor/Data', plugins path 'C:/Users/Tairo Kageyama/Documents/UnityFile/2019.4.40f1/Editor/Data/PlaybackEngines'
Cmd: initializeCompiler
Cmd: compileComputeKernel
  api=4 insize=1069 outsize=1465 ok=1
Cmd: compileComputeKernel
  api=4 insize=331 outsize=622 ok=1
Cmd: compileComputeKernel
  api=4 insize=759 outsize=695 ok=1
Cmd: compileComputeKernel
  api=4 insize=759 outsize=844 ok=1
Cmd: compileComputeKernel
  api=4 insize=3405 outsize=35914 ok=1
Cmd: compileComputeKernel
  api=4 insize=13751 outsize=1099 ok=1
Cmd: compileComputeKernel
  api=4 insize=13751 outsize=2631 ok=1
Cmd: compileComputeKernel
  api=4 insize=89748 outsize=2795 ok=1
Cmd: compileComputeKernel
  api=4 insize=89748 outsize=2187 ok=1
Cmd: compileComputeKernel
  api=4 insize=89748 outsize=1634 ok=1
Cmd: compileComputeKernel
  api=4 insize=89748 outsize=1461 ok=1
Cmd: compileComputeKernel
  api=4 insize=89748 outsize=1407 ok=1
Cmd: compileComputeKernel
  api=4 insize=89748 outsize=3335 ok=1
Cmd: compileComputeKernel
  api=4 insize=89748 outsize=3372 ok=1
Cmd: compileComputeKernel
  api=4 insize=89748 outsize=1541 ok=1
Cmd: compileComputeKernel
  api=4 insize=89748 outsize=3409 ok=1
Cmd: compileComputeKernel
  api=4 insize=89748 outsize=3635 ok=1
Cmd: compileComputeKernel
  api=4 insize=89748 outsize=3485 ok=1
Cmd: compileComputeKernel
  api=4 insize=89748 outsize=3468 ok=1
Cmd: compileComputeKernel
  api=4 insize=89748 outsize=3576 ok=1
Cmd: compileComputeKernel
  api=4 insize=89748 outsize=5479 ok=1
Cmd: compileComputeKernel
  api=4 insize=89748 outsize=5073 ok=1
Cmd: compileComputeKernel
  api=4 insize=89748 outsize=3414 ok=1
Cmd: compileComputeKernel
  api=4 insize=89748 outsize=3309 ok=1
Cmd: compileComputeKernel
  api=4 insize=89748 outsize=2270 ok=1
Cmd: compileComputeKernel
  api=4 insize=89748 outsize=3755 ok=1
Cmd: compileComputeKernel
  api=4 insize=89748 outsize=2170 ok=1
Cmd: compileComputeKernel
  api=4 insize=467 outsize=3039 ok=1
Cmd: compileComputeKernel
  api=4 insize=15390 outsize=2274 ok=1
Cmd: compileComputeKernel
  api=4 insize=15390 outsize=2884 ok=1
Cmd: compileComputeKernel
  api=4 insize=67361 outsize=14035 ok=1
Cmd: compileComputeKernel
  api=4 insize=18755 outsize=48328 ok=1
Cmd: compileComputeKernel
  api=4 insize=13363 outsize=10489 ok=1
Cmd: compileComputeKernel
  api=4 insize=1069 outsize=1465 ok=1
Cmd: compileComputeKernel
  api=4 insize=1069 outsize=1813 ok=1
Cmd: compileComputeKernel
  api=4 insize=776 outsize=9765 ok=1
Cmd: compileComputeKernel
  api=4 insize=11209 outsize=629 ok=1
Cmd: compileComputeKernel
  api=4 insize=11209 outsize=834 ok=1
Cmd: compileComputeKernel
  api=4 insize=11209 outsize=796 ok=1
Cmd: compileComputeKernel
  api=4 insize=11209 outsize=986 ok=1
Cmd: compileComputeKernel
  api=4 insize=11209 outsize=1218 ok=1
Cmd: compileComputeKernel
  api=4 insize=11209 outsize=838 ok=1
Cmd: compileComputeKernel
  api=4 insize=11209 outsize=1829 ok=1
Cmd: compileComputeKernel
  api=4 insize=11209 outsize=1796 ok=1
Cmd: compileComputeKernel
  api=4 insize=11209 outsize=1346 ok=1
Cmd: compileComputeKernel
  api=4 insize=11209 outsize=1374 ok=1
Cmd: compileComputeKernel
  api=4 insize=11209 outsize=1288 ok=1
Cmd: compileComputeKernel
  api=4 insize=11209 outsize=1369 ok=1
Cmd: compileComputeKernel
  api=4 insize=11209 outsize=1397 ok=1
Cmd: compileComputeKernel
  api=4 insize=11209 outsize=1805 ok=1
Cmd: compileComputeKernel
  api=4 insize=11209 outsize=1224 ok=1
Cmd: compileComputeKernel
  api=4 insize=11209 outsize=1361 ok=1
Cmd: compileComputeKernel
  api=4 insize=4497 outsize=1750 ok=1
Cmd: shutdown
