Base path: 'C:/Users/Tairo Kageyama/Documents/UnityFile/2019.4.40f1/Editor/Data', plugins path 'C:/Users/Tairo Kageyama/Documents/UnityFile/2019.4.40f1/Editor/Data/PlaybackEngines'
Cmd: initializeCompiler
Cmd: compileComputeKernel
  api=4 insize=775 outsize=6812 ok=1
Cmd: compileComputeKernel
  api=4 insize=1069 outsize=1465 ok=1
Cmd: compileComputeKernel
  api=4 insize=1069 outsize=1616 ok=1
Cmd: compileComputeKernel
  api=4 insize=331 outsize=628 ok=1
Cmd: compileComputeKernel
  api=4 insize=759 outsize=777 ok=1
Cmd: compileComputeKernel
  api=4 insize=759 outsize=753 ok=1
Cmd: compileComputeKernel
  api=4 insize=3405 outsize=22258 ok=1
Cmd: compileComputeKernel
  api=4 insize=13751 outsize=1046 ok=1
Cmd: compileComputeKernel
  api=4 insize=89748 outsize=3818 ok=1
Cmd: compileComputeKernel
  api=4 insize=89748 outsize=1634 ok=1
Cmd: compileComputeKernel
  api=4 insize=89748 outsize=1489 ok=1
Cmd: compileComputeKernel
  api=4 insize=89748 outsize=1335 ok=1
Cmd: compileComputeKernel
  api=4 insize=89748 outsize=3271 ok=1
Cmd: compileComputeKernel
  api=4 insize=89748 outsize=3373 ok=1
Cmd: compileComputeKernel
  api=4 insize=89748 outsize=1541 ok=1
Cmd: compileComputeKernel
  api=4 insize=89748 outsize=3553 ok=1
Cmd: compileComputeKernel
  api=4 insize=89748 outsize=3399 ok=1
Cmd: compileComputeKernel
  api=4 insize=89748 outsize=3916 ok=1
Cmd: compileComputeKernel
  api=4 insize=89748 outsize=3407 ok=1
Cmd: compileComputeKernel
  api=4 insize=89748 outsize=4419 ok=1
Cmd: compileComputeKernel
  api=4 insize=89748 outsize=5039 ok=1
Cmd: compileComputeKernel
  api=4 insize=89748 outsize=5073 ok=1
Cmd: compileComputeKernel
  api=4 insize=89748 outsize=3460 ok=1
Cmd: compileComputeKernel
  api=4 insize=89748 outsize=3309 ok=1
Cmd: compileComputeKernel
  api=4 insize=89748 outsize=1453 ok=1
Cmd: compileComputeKernel
  api=4 insize=89748 outsize=7097 ok=1
Cmd: compileComputeKernel
  api=4 insize=15390 outsize=2859 ok=1
Cmd: compileComputeKernel
  api=4 insize=67361 outsize=13075 ok=1
Cmd: compileComputeKernel
  api=4 insize=18755 outsize=13985 ok=1
Cmd: compileComputeKernel
  api=4 insize=76423 outsize=7768 ok=1
Cmd: compileComputeKernel
  api=4 insize=467 outsize=3035 ok=1
Cmd: compileComputeKernel
  api=4 insize=13363 outsize=3683 ok=1
Cmd: compileComputeKernel
  api=4 insize=1069 outsize=1905 ok=1
Cmd: compileComputeKernel
  api=4 insize=776 outsize=2787 ok=1
Cmd: compileComputeKernel
  api=4 insize=11209 outsize=677 ok=1
Cmd: compileComputeKernel
  api=4 insize=11209 outsize=877 ok=1
Cmd: compileComputeKernel
  api=4 insize=11209 outsize=854 ok=1
Cmd: compileComputeKernel
  api=4 insize=11209 outsize=882 ok=1
Cmd: compileComputeKernel
  api=4 insize=11209 outsize=881 ok=1
Cmd: compileComputeKernel
  api=4 insize=11209 outsize=1298 ok=1
Cmd: compileComputeKernel
  api=4 insize=11209 outsize=1484 ok=1
Cmd: compileComputeKernel
  api=4 insize=11209 outsize=1392 ok=1
Cmd: compileComputeKernel
  api=4 insize=11209 outsize=1465 ok=1
Cmd: compileComputeKernel
  api=4 insize=11209 outsize=1248 ok=1
Cmd: compileComputeKernel
  api=4 insize=11209 outsize=1324 ok=1
Cmd: compileComputeKernel
  api=4 insize=11209 outsize=1628 ok=1
Cmd: compileComputeKernel
  api=4 insize=11209 outsize=1401 ok=1
Cmd: compileComputeKernel
  api=4 insize=11209 outsize=1317 ok=1
Cmd: compileComputeKernel
  api=4 insize=11209 outsize=1296 ok=1
Cmd: compileComputeKernel
  api=4 insize=4497 outsize=1449 ok=1
Cmd: shutdown
