Base path: '/Applications/Unity/Hub/Editor/2019.4.40f1/Unity.app/Contents', plugins path '/Applications/Unity/Hub/Editor/2019.4.40f1/Unity.app/Contents/PlaybackEngines'
Cmd: initializeCompiler
Cmd: compileComputeKernel
  api=14 insize=775 outsize=4491 ok=1
Cmd: translateComputeKernel
  api=14 insize=9376 outsize=17862 ok=1
Cmd: compileComputeKernel
  api=14 insize=1069 outsize=3653 ok=1
Cmd: compileComputeKernel
  api=14 insize=1069 outsize=3359 ok=1
Cmd: compileComputeKernel
  api=14 insize=1069 outsize=3644 ok=1
Cmd: translateComputeKernel
  api=14 insize=3316 outsize=3797 ok=1
Cmd: translateComputeKernel
  api=14 insize=3348 outsize=3839 ok=1
Cmd: translateComputeKernel
  api=14 insize=3346 outsize=3838 ok=1
Cmd: compileComputeKernel
  api=14 insize=2847 outsize=4634 ok=1
Cmd: compileComputeKernel
  api=14 insize=331 outsize=2509 ok=1
Cmd: translateComputeKernel
  api=14 insize=1308 outsize=1263 ok=1
Cmd: compileComputeKernel
  api=14 insize=759 outsize=2517 ok=1
Cmd: compileComputeKernel
  api=14 insize=759 outsize=2493 ok=1
Cmd: compileComputeKernel
  api=14 insize=759 outsize=2875 ok=1
Cmd: translateComputeKernel
  api=14 insize=2811 outsize=2651 ok=1
Cmd: translateComputeKernel
  api=14 insize=2720 outsize=2580 ok=1
Cmd: compileComputeKernel
  api=14 insize=3405 outsize=23946 ok=1
Cmd: compileComputeKernel
  api=14 insize=3405 outsize=4864 ok=1
Cmd: compileComputeKernel
  api=14 insize=3405 outsize=5525 ok=1
Cmd: compileComputeKernel
  api=14 insize=3405 outsize=3180 ok=1
Cmd: compileComputeKernel
  api=14 insize=3405 outsize=3513 ok=1
Cmd: compileComputeKernel
  api=14 insize=3405 outsize=18545 ok=1
Cmd: translateComputeKernel
  api=14 insize=26595 outsize=54413 ok=1
Cmd: translateComputeKernel
  api=14 insize=3346 outsize=3824 ok=1
Cmd: translateComputeKernel
  api=14 insize=3686 outsize=4707 ok=1
Cmd: translateComputeKernel
  api=14 insize=18610 outsize=35625 ok=1
Cmd: compileComputeKernel
  api=14 insize=13751 outsize=3094 ok=1
Cmd: compileComputeKernel
  api=14 insize=13751 outsize=3523 ok=1
Cmd: compileComputeKernel
  api=14 insize=13751 outsize=4162 ok=1
Cmd: translateComputeKernel
  api=14 insize=3441 outsize=3306 ok=1
Cmd: translateComputeKernel
  api=14 insize=4165 outsize=4451 ok=1
Cmd: compileComputeKernel
  api=14 insize=20821 outsize=19776 ok=1
Cmd: translateComputeKernel
  api=14 insize=19810 outsize=37799 ok=1
Cmd: compileComputeKernel
  api=14 insize=89748 outsize=6266 ok=1
Cmd: compileComputeKernel
  api=14 insize=89748 outsize=3803 ok=1
Cmd: compileComputeKernel
  api=14 insize=89748 outsize=4703 ok=1
Cmd: compileComputeKernel
  api=14 insize=89748 outsize=4706 ok=1
Cmd: compileComputeKernel
  api=14 insize=89748 outsize=3913 ok=1
Cmd: compileComputeKernel
  api=14 insize=89748 outsize=3719 ok=1
Cmd: compileComputeKernel
  api=14 insize=89748 outsize=6310 ok=1
Cmd: compileComputeKernel
  api=14 insize=89748 outsize=5599 ok=1
Cmd: compileComputeKernel
  api=14 insize=89748 outsize=5597 ok=1
Cmd: compileComputeKernel
  api=14 insize=89748 outsize=5832 ok=1
Cmd: compileComputeKernel
  api=14 insize=89748 outsize=5633 ok=1
Cmd: compileComputeKernel
  api=14 insize=89748 outsize=5671 ok=1
Cmd: compileComputeKernel
  api=14 insize=89748 outsize=5596 ok=1
Cmd: compileComputeKernel
  api=14 insize=89748 outsize=5940 ok=1
Cmd: compileComputeKernel
  api=14 insize=89748 outsize=5599 ok=1
Cmd: compileComputeKernel
  api=14 insize=89748 outsize=5631 ok=1
Cmd: compileComputeKernel
  api=14 insize=89748 outsize=3588 ok=1
Cmd: compileComputeKernel
  api=14 insize=89748 outsize=6643 ok=1
Cmd: compileComputeKernel
  api=14 insize=89748 outsize=7803 ok=1
Cmd: compileComputeKernel
  api=14 insize=89748 outsize=7518 ok=1
Cmd: compileComputeKernel
  api=14 insize=89748 outsize=7397 ok=1
Cmd: compileComputeKernel
  api=14 insize=89748 outsize=7542 ok=1
Cmd: compileComputeKernel
  api=14 insize=89748 outsize=5790 ok=1
Cmd: compileComputeKernel
  api=14 insize=89748 outsize=5653 ok=1
Cmd: compileComputeKernel
  api=14 insize=89748 outsize=3878 ok=1
Cmd: compileComputeKernel
  api=14 insize=89748 outsize=3677 ok=1
Cmd: compileComputeKernel
  api=14 insize=89748 outsize=9785 ok=1
Cmd: translateComputeKernel
  api=14 insize=4759 outsize=4468 ok=1
Cmd: translateComputeKernel
  api=14 insize=5813 outsize=6892 ok=1
Cmd: translateComputeKernel
  api=14 insize=4578 outsize=4520 ok=1
Cmd: translateComputeKernel
  api=14 insize=5630 outsize=6326 ok=1
Cmd: translateComputeKernel
  api=14 insize=5510 outsize=6137 ok=1
Cmd: translateComputeKernel
  api=14 insize=4460 outsize=4244 ok=1
Cmd: translateComputeKernel
  api=14 insize=5201 outsize=5911 ok=1
Cmd: translateComputeKernel
  api=14 insize=4695 outsize=4822 ok=1
Cmd: translateComputeKernel
  api=14 insize=6368 outsize=8329 ok=1
Cmd: translateComputeKernel
  api=14 insize=6329 outsize=8269 ok=1
Cmd: translateComputeKernel
  api=14 insize=6373 outsize=8443 ok=1
Cmd: translateComputeKernel
  api=14 insize=6532 outsize=8684 ok=1
Cmd: translateComputeKernel
  api=14 insize=6328 outsize=8268 ok=1
Cmd: translateComputeKernel
  api=14 insize=6672 outsize=8994 ok=1
Cmd: translateComputeKernel
  api=14 insize=6331 outsize=8348 ok=1
Cmd: translateComputeKernel
  api=14 insize=6532 outsize=9179 ok=1
Cmd: translateComputeKernel
  api=14 insize=8029 outsize=12493 ok=1
Cmd: translateComputeKernel
  api=14 insize=8465 outsize=13658 ok=1
Cmd: translateComputeKernel
  api=14 insize=8059 outsize=12665 ok=1
Cmd: compileComputeKernel
  api=14 insize=467 outsize=5231 ok=1
Cmd: translateComputeKernel
  api=14 insize=5385 outsize=8479 ok=1
Cmd: compileComputeKernel
  api=14 insize=15390 outsize=4087 ok=1
Cmd: compileComputeKernel
  api=14 insize=15390 outsize=4532 ok=1
Cmd: compileComputeKernel
  api=14 insize=15390 outsize=4023 ok=1
Cmd: compileComputeKernel
  api=14 insize=15390 outsize=5286 ok=1
Cmd: translateComputeKernel
  api=14 insize=4228 outsize=6291 ok=1
Cmd: translateComputeKernel
  api=14 insize=4606 outsize=8098 ok=1
Cmd: compileComputeKernel
  api=14 insize=67361 outsize=15587 ok=1
Cmd: compileComputeKernel
  api=14 insize=67361 outsize=12353 ok=1
Cmd: compileComputeKernel
  api=14 insize=67361 outsize=11321 ok=1
Cmd: compileComputeKernel
  api=14 insize=67361 outsize=11159 ok=1
Cmd: translateComputeKernel
  api=14 insize=30573 outsize=58267 ok=1
Cmd: translateComputeKernel
  api=14 insize=10867 outsize=20104 ok=1
Cmd: compileComputeKernel
  api=14 insize=4587 outsize=5864 ok=1
Cmd: translateComputeKernel
  api=14 insize=5076 outsize=6303 ok=1
Cmd: translateComputeKernel
  api=14 insize=50184 outsize=94712 ok=1
Cmd: compileComputeKernel
  api=14 insize=76423 outsize=7035 ok=1
Cmd: translateComputeKernel
  api=14 insize=15079 outsize=27986 ok=1
Cmd: compileComputeKernel
  api=14 insize=467 outsize=7461 ok=1
Cmd: translateComputeKernel
  api=14 insize=4367 outsize=5772 ok=1
Cmd: compileComputeKernel
  api=14 insize=13363 outsize=12719 ok=1
Cmd: translateComputeKernel
  api=14 insize=12562 outsize=23474 ok=1
Cmd: compileComputeKernel
  api=14 insize=1069 outsize=3213 ok=1
Cmd: compileComputeKernel
  api=14 insize=1069 outsize=3245 ok=1
Cmd: translateComputeKernel
  api=14 insize=3316 outsize=3797 ok=1
Cmd: translateComputeKernel
  api=14 insize=3467 outsize=4052 ok=1
Cmd: compileComputeKernel
  api=14 insize=3167 outsize=2167 ok=1
Cmd: compileComputeKernel
  api=14 insize=776 outsize=9580 ok=1
Cmd: compileComputeKernel
  api=14 insize=11209 outsize=2417 ok=1
Cmd: compileComputeKernel
  api=14 insize=11209 outsize=2677 ok=1
Cmd: compileComputeKernel
  api=14 insize=11209 outsize=2595 ok=1
Cmd: compileComputeKernel
  api=14 insize=11209 outsize=1205 ok=1
Cmd: compileComputeKernel
  api=14 insize=11209 outsize=2597 ok=1
Cmd: compileComputeKernel
  api=14 insize=11209 outsize=2758 ok=1
Cmd: compileComputeKernel
  api=14 insize=11209 outsize=1375 ok=1
Cmd: compileComputeKernel
  api=14 insize=11209 outsize=1383 ok=1
Cmd: compileComputeKernel
  api=14 insize=11209 outsize=2526 ok=1
Cmd: compileComputeKernel
  api=14 insize=11209 outsize=2357 ok=1
Cmd: compileComputeKernel
  api=14 insize=11209 outsize=3061 ok=1
Cmd: compileComputeKernel
  api=14 insize=11209 outsize=3224 ok=1
Cmd: compileComputeKernel
  api=14 insize=11209 outsize=3046 ok=1
Cmd: compileComputeKernel
  api=14 insize=11209 outsize=3040 ok=1
Cmd: compileComputeKernel
  api=14 insize=11209 outsize=3099 ok=1
Cmd: compileComputeKernel
  api=14 insize=11209 outsize=3051 ok=1
Cmd: compileComputeKernel
  api=14 insize=11209 outsize=2961 ok=1
Cmd: compileComputeKernel
  api=14 insize=11209 outsize=3064 ok=1
Cmd: compileComputeKernel
  api=14 insize=11209 outsize=3074 ok=1
Cmd: compileComputeKernel
  api=14 insize=11209 outsize=3074 ok=1
Cmd: compileComputeKernel
  api=14 insize=11209 outsize=3078 ok=1
Cmd: compileComputeKernel
  api=14 insize=11209 outsize=3097 ok=1
Cmd: compileComputeKernel
  api=14 insize=11209 outsize=3124 ok=1
Cmd: compileComputeKernel
  api=14 insize=11209 outsize=3150 ok=1
Cmd: translateComputeKernel
  api=14 insize=2672 outsize=2445 ok=1
Cmd: translateComputeKernel
  api=14 insize=2610 outsize=2339 ok=1
Cmd: translateComputeKernel
  api=14 insize=3188 outsize=3458 ok=1
Cmd: compileComputeKernel
  api=14 insize=4497 outsize=3078 ok=1
Cmd: translateComputeKernel
  api=14 insize=3078 outsize=3670 ok=1
Cmd: translateComputeKernel
  api=14 insize=4694 outsize=8060 ok=1
