Base path: '/Applications/Unity/Hub/Editor/2019.4.40f1/Unity.app/Contents', plugins path '/Applications/Unity/Hub/Editor/2019.4.40f1/Unity.app/Contents/PlaybackEngines'
Cmd: initializeCompiler
Cmd: compileComputeKernel
  api=14 insize=1069 outsize=3217 ok=1
Cmd: translateComputeKernel
  api=14 insize=3320 outsize=3796 ok=1
Cmd: translateComputeKernel
  api=14 insize=3714 outsize=4389 ok=1
Cmd: compileComputeKernel
  api=14 insize=331 outsize=2414 ok=1
Cmd: translateComputeKernel
  api=14 insize=2574 outsize=2469 ok=1
Cmd: compileComputeKernel
  api=14 insize=759 outsize=1166 ok=1
Cmd: compileComputeKernel
  api=14 insize=759 outsize=2588 ok=1
Cmd: compileComputeKernel
  api=14 insize=759 outsize=2974 ok=1
Cmd: translateComputeKernel
  api=14 insize=2612 outsize=2376 ok=1
Cmd: translateComputeKernel
  api=14 insize=2871 outsize=2794 ok=1
Cmd: translateComputeKernel
  api=14 insize=2680 outsize=2525 ok=1
Cmd: compileComputeKernel
  api=14 insize=3405 outsize=35881 ok=1
Cmd: compileComputeKernel
  api=14 insize=3405 outsize=32130 ok=1
Cmd: translateComputeKernel
  api=14 insize=28832 outsize=60250 ok=1
Cmd: translateComputeKernel
  api=14 insize=4898 outsize=7494 ok=1
Cmd: translateComputeKernel
  api=14 insize=4898 outsize=7477 ok=1
Cmd: translateComputeKernel
  api=14 insize=3750 outsize=4825 ok=1
Cmd: translateComputeKernel
  api=14 insize=18225 outsize=34806 ok=1
Cmd: compileComputeKernel
  api=14 insize=13751 outsize=3606 ok=1
Cmd: compileComputeKernel
  api=14 insize=13751 outsize=3968 ok=1
Cmd: compileComputeKernel
  api=14 insize=13751 outsize=3308 ok=1
Cmd: translateComputeKernel
  api=14 insize=3430 outsize=3220 ok=1
Cmd: translateComputeKernel
  api=14 insize=3862 outsize=4282 ok=1
Cmd: translateComputeKernel
  api=14 insize=4530 outsize=5871 ok=1
Cmd: translateComputeKernel
  api=14 insize=5354 outsize=7557 ok=1
Cmd: translateComputeKernel
  api=14 insize=19778 outsize=37728 ok=1
Cmd: compileComputeKernel
  api=14 insize=89748 outsize=3928 ok=1
Cmd: compileComputeKernel
  api=14 insize=89748 outsize=15443 ok=1
Cmd: compileComputeKernel
  api=14 insize=89748 outsize=4305 ok=1
Cmd: compileComputeKernel
  api=14 insize=89748 outsize=3891 ok=1
Cmd: compileComputeKernel
  api=14 insize=89748 outsize=5636 ok=1
Cmd: compileComputeKernel
  api=14 insize=89748 outsize=5596 ok=1
Cmd: compileComputeKernel
  api=14 insize=89748 outsize=5597 ok=1
Cmd: compileComputeKernel
  api=14 insize=89748 outsize=5686 ok=1
Cmd: compileComputeKernel
  api=14 insize=89748 outsize=7196 ok=1
Cmd: compileComputeKernel
  api=14 insize=89748 outsize=6089 ok=1
Cmd: compileComputeKernel
  api=14 insize=89748 outsize=6140 ok=1
Cmd: compileComputeKernel
  api=14 insize=89748 outsize=5696 ok=1
Cmd: compileComputeKernel
  api=14 insize=89748 outsize=5800 ok=1
Cmd: compileComputeKernel
  api=14 insize=89748 outsize=7363 ok=1
Cmd: compileComputeKernel
  api=14 insize=89748 outsize=7363 ok=1
Cmd: compileComputeKernel
  api=14 insize=89748 outsize=7400 ok=1
Cmd: compileComputeKernel
  api=14 insize=89748 outsize=7542 ok=1
Cmd: compileComputeKernel
  api=14 insize=89748 outsize=5684 ok=1
Cmd: compileComputeKernel
  api=14 insize=89748 outsize=5810 ok=1
Cmd: compileComputeKernel
  api=14 insize=89748 outsize=5534 ok=1
Cmd: compileComputeKernel
  api=14 insize=89748 outsize=4152 ok=1
Cmd: compileComputeKernel
  api=14 insize=89748 outsize=3147 ok=1
Cmd: compileComputeKernel
  api=14 insize=89748 outsize=4151 ok=1
Cmd: compileComputeKernel
  api=14 insize=89748 outsize=6795 ok=1
Cmd: translateComputeKernel
  api=14 insize=5940 outsize=7454 ok=1
Cmd: translateComputeKernel
  api=14 insize=6461 outsize=9086 ok=1
Cmd: translateComputeKernel
  api=14 insize=4662 outsize=4579 ok=1
Cmd: translateComputeKernel
  api=14 insize=4488 outsize=4196 ok=1
Cmd: translateComputeKernel
  api=14 insize=4658 outsize=4532 ok=1
Cmd: translateComputeKernel
  api=14 insize=4363 outsize=4151 ok=1
Cmd: translateComputeKernel
  api=14 insize=6779 outsize=8929 ok=1
Cmd: translateComputeKernel
  api=14 insize=6331 outsize=8348 ok=1
Cmd: translateComputeKernel
  api=14 insize=4619 outsize=4383 ok=1
Cmd: translateComputeKernel
  api=14 insize=6564 outsize=8837 ok=1
Cmd: translateComputeKernel
  api=14 insize=6355 outsize=8326 ok=1
Cmd: translateComputeKernel
  api=14 insize=6672 outsize=9076 ok=1
Cmd: translateComputeKernel
  api=14 insize=6428 outsize=8493 ok=1
Cmd: translateComputeKernel
  api=14 insize=8025 outsize=12600 ok=1
Cmd: translateComputeKernel
  api=14 insize=8025 outsize=12604 ok=1
Cmd: translateComputeKernel
  api=14 insize=8062 outsize=12668 ok=1
Cmd: translateComputeKernel
  api=14 insize=8203 outsize=12880 ok=1
Cmd: translateComputeKernel
  api=14 insize=6416 outsize=8574 ok=1
Cmd: translateComputeKernel
  api=14 insize=9524 outsize=15945 ok=1
Cmd: translateComputeKernel
  api=14 insize=6265 outsize=8375 ok=1
Cmd: translateComputeKernel
  api=14 insize=6438 outsize=8747 ok=1
Cmd: translateComputeKernel
  api=14 insize=10455 outsize=19357 ok=1
Cmd: translateComputeKernel
  api=14 insize=5086 outsize=5863 ok=1
Cmd: translateComputeKernel
  api=14 insize=5118 outsize=5616 ok=1
Cmd: compileComputeKernel
  api=14 insize=467 outsize=5216 ok=1
Cmd: translateComputeKernel
  api=14 insize=8125 outsize=13904 ok=1
Cmd: compileComputeKernel
  api=14 insize=15390 outsize=4022 ok=1
Cmd: compileComputeKernel
  api=14 insize=15390 outsize=4022 ok=1
Cmd: compileComputeKernel
  api=14 insize=15390 outsize=4088 ok=1
Cmd: compileComputeKernel
  api=14 insize=15390 outsize=4552 ok=1
Cmd: translateComputeKernel
  api=14 insize=4605 outsize=8181 ok=1
Cmd: translateComputeKernel
  api=14 insize=4164 outsize=6174 ok=1
Cmd: compileComputeKernel
  api=14 insize=67361 outsize=31724 ok=1
Cmd: compileComputeKernel
  api=14 insize=67361 outsize=12047 ok=1
Cmd: translateComputeKernel
  api=14 insize=31789 outsize=61858 ok=1
Cmd: translateComputeKernel
  api=14 insize=6475 outsize=9014 ok=1
Cmd: compileComputeKernel
  api=14 insize=18755 outsize=19261 ok=1
Cmd: compileComputeKernel
  api=14 insize=76423 outsize=7761 ok=1
Cmd: translateComputeKernel
  api=14 insize=7068 outsize=11350 ok=1
Cmd: compileComputeKernel
  api=14 insize=467 outsize=5144 ok=1
Cmd: translateComputeKernel
  api=14 insize=5257 outsize=8236 ok=1
Cmd: compileComputeKernel
  api=14 insize=13363 outsize=5387 ok=1
Cmd: translateComputeKernel
  api=14 insize=11929 outsize=22074 ok=1
Cmd: compileComputeKernel
  api=14 insize=1069 outsize=3213 ok=1
Cmd: compileComputeKernel
  api=14 insize=1069 outsize=3359 ok=1
Cmd: compileComputeKernel
  api=14 insize=1069 outsize=3665 ok=1
Cmd: translateComputeKernel
  api=14 insize=3316 outsize=3793 ok=1
Cmd: translateComputeKernel
  api=14 insize=3353 outsize=3845 ok=1
Cmd: translateComputeKernel
  api=14 insize=3345 outsize=3836 ok=1
Cmd: translateComputeKernel
  api=14 insize=3735 outsize=4414 ok=1
Cmd: compileComputeKernel
  api=14 insize=3167 outsize=3546 ok=1
Cmd: translateComputeKernel
  api=14 insize=2296 outsize=2246 ok=1
Cmd: compileComputeKernel
  api=14 insize=776 outsize=12504 ok=1
Cmd: translateComputeKernel
  api=14 insize=12537 outsize=24251 ok=1
Cmd: compileComputeKernel
  api=14 insize=11209 outsize=1157 ok=1
Cmd: compileComputeKernel
  api=14 insize=11209 outsize=2509 ok=1
Cmd: compileComputeKernel
  api=14 insize=11209 outsize=2897 ok=1
Cmd: compileComputeKernel
  api=14 insize=11209 outsize=2441 ok=1
Cmd: compileComputeKernel
  api=14 insize=11209 outsize=1228 ok=1
Cmd: compileComputeKernel
  api=14 insize=11209 outsize=1375 ok=1
Cmd: compileComputeKernel
  api=14 insize=11209 outsize=2622 ok=1
Cmd: compileComputeKernel
  api=14 insize=11209 outsize=2417 ok=1
Cmd: compileComputeKernel
  api=14 insize=11209 outsize=2417 ok=1
Cmd: compileComputeKernel
  api=14 insize=11209 outsize=2449 ok=1
Cmd: compileComputeKernel
  api=14 insize=11209 outsize=3032 ok=1
Cmd: compileComputeKernel
  api=14 insize=11209 outsize=3636 ok=1
Cmd: compileComputeKernel
  api=14 insize=11209 outsize=3237 ok=1
Cmd: compileComputeKernel
  api=14 insize=11209 outsize=3132 ok=1
Cmd: compileComputeKernel
  api=14 insize=11209 outsize=3051 ok=1
Cmd: compileComputeKernel
  api=14 insize=11209 outsize=3028 ok=1
Cmd: compileComputeKernel
  api=14 insize=11209 outsize=3024 ok=1
Cmd: compileComputeKernel
  api=14 insize=11209 outsize=3127 ok=1
Cmd: compileComputeKernel
  api=14 insize=11209 outsize=3137 ok=1
Cmd: compileComputeKernel
  api=14 insize=11209 outsize=3114 ok=1
Cmd: compileComputeKernel
  api=14 insize=11209 outsize=3118 ok=1
Cmd: compileComputeKernel
  api=14 insize=11209 outsize=3120 ok=1
Cmd: compileComputeKernel
  api=14 insize=11209 outsize=3124 ok=1
Cmd: compileComputeKernel
  api=14 insize=11209 outsize=3150 ok=1
Cmd: translateComputeKernel
  api=14 insize=2609 outsize=2338 ok=1
Cmd: translateComputeKernel
  api=14 insize=3666 outsize=4363 ok=1
Cmd: translateComputeKernel
  api=14 insize=3222 outsize=3725 ok=1
Cmd: compileComputeKernel
  api=14 insize=4497 outsize=2873 ok=1
Cmd: translateComputeKernel
  api=14 insize=3232 outsize=4158 ok=1
Cmd: compileSnippet
  api=14 type=1 insize=2986 outsize=1050 kw= pd=UNITY_ENABLE_REFLECTION_BUFFERS UNITY_USE_DITHER_MASK_FOR_ALPHABLENDED_SHADOWS UNITY_PBS_USE_BRDF1 UNITY_SPECCUBE_BOX_PROJECTION UNITY_SPECCUBE_BLENDING UNITY_ENABLE_DETAIL_NORMALMAP SHADER_API_DESKTOP UNITY_COLORSPACE_GAMMA UNITY_LIGHT_PROBE_PROXY_VOLUME UNITY_LIGHTMAP_FULL_HDR ok=1
Cmd: compileComputeKernel
  api=14 insize=775 outsize=16216 ok=1
Cmd: translateComputeKernel
  api=14 insize=4491 outsize=6595 ok=1
Cmd: compileComputeKernel
  api=14 insize=1069 outsize=3213 ok=1
Cmd: compileComputeKernel
  api=14 insize=1069 outsize=3245 ok=1
Cmd: compileComputeKernel
  api=14 insize=1069 outsize=3364 ok=1
Cmd: translateComputeKernel
  api=14 insize=3756 outsize=4576 ok=1
Cmd: translateComputeKernel
  api=14 insize=3687 outsize=4317 ok=1
Cmd: compileComputeKernel
  api=14 insize=2847 outsize=4614 ok=1
Cmd: translateComputeKernel
  api=14 insize=4614 outsize=8000 ok=1
Cmd: compileComputeKernel
  api=14 insize=331 outsize=1150 ok=1
Cmd: translateComputeKernel
  api=14 insize=2568 outsize=2449 ok=1
Cmd: compileComputeKernel
  api=14 insize=759 outsize=2650 ok=1
Cmd: compileComputeKernel
  api=14 insize=759 outsize=1305 ok=1
Cmd: compileComputeKernel
  api=14 insize=759 outsize=2612 ok=1
Cmd: translateComputeKernel
  api=14 insize=1385 outsize=1237 ok=1
Cmd: translateComputeKernel
  api=14 insize=2660 outsize=2457 ok=1
Cmd: translateComputeKernel
  api=14 insize=2714 outsize=2573 ok=1
Cmd: translateComputeKernel
  api=14 insize=2679 outsize=2511 ok=1
Cmd: compileComputeKernel
  api=14 insize=3405 outsize=28798 ok=1
Cmd: translateComputeKernel
  api=14 insize=23903 outsize=48190 ok=1
Cmd: translateComputeKernel
  api=14 insize=36656 outsize=71509 ok=1
Cmd: compileComputeKernel
  api=14 insize=13751 outsize=3246 ok=1
Cmd: compileComputeKernel
  api=14 insize=13751 outsize=3523 ok=1
Cmd: compileComputeKernel
  api=14 insize=13751 outsize=5058 ok=1
Cmd: translateComputeKernel
  api=14 insize=3908 outsize=4170 ok=1
Cmd: translateComputeKernel
  api=14 insize=3862 outsize=4282 ok=1
Cmd: compileComputeKernel
  api=14 insize=20821 outsize=45733 ok=1
Cmd: translateComputeKernel
  api=14 insize=45733 outsize=87578 ok=1
Cmd: compileComputeKernel
  api=14 insize=89748 outsize=5334 ok=1
Cmd: compileComputeKernel
  api=14 insize=89748 outsize=5855 ok=1
Cmd: compileComputeKernel
  api=14 insize=89748 outsize=3858 ok=1
Cmd: compileComputeKernel
  api=14 insize=89748 outsize=4706 ok=1
Cmd: compileComputeKernel
  api=14 insize=89748 outsize=3685 ok=1
Cmd: compileComputeKernel
  api=14 insize=89748 outsize=4465 ok=1
Cmd: compileComputeKernel
  api=14 insize=89748 outsize=6113 ok=1
Cmd: compileComputeKernel
  api=14 insize=89748 outsize=5599 ok=1
Cmd: compileComputeKernel
  api=14 insize=89748 outsize=5622 ok=1
Cmd: compileComputeKernel
  api=14 insize=89748 outsize=5704 ok=1
Cmd: compileComputeKernel
  api=14 insize=89748 outsize=5757 ok=1
Cmd: compileComputeKernel
  api=14 insize=89748 outsize=5623 ok=1
Cmd: compileComputeKernel
  api=14 insize=89748 outsize=5908 ok=1
Cmd: compileComputeKernel
  api=14 insize=89748 outsize=5709 ok=1
Cmd: compileComputeKernel
  api=14 insize=89748 outsize=5692 ok=1
Cmd: compileComputeKernel
  api=14 insize=89748 outsize=6199 ok=1
Cmd: compileComputeKernel
  api=14 insize=89748 outsize=7367 ok=1
Cmd: compileComputeKernel
  api=14 insize=89748 outsize=7363 ok=1
Cmd: compileComputeKernel
  api=14 insize=89748 outsize=7400 ok=1
Cmd: compileComputeKernel
  api=14 insize=89748 outsize=7542 ok=1
Cmd: compileComputeKernel
  api=14 insize=89748 outsize=5684 ok=1
Cmd: compileComputeKernel
  api=14 insize=89748 outsize=5533 ok=1
Cmd: compileComputeKernel
  api=14 insize=89748 outsize=5534 ok=1
Cmd: compileComputeKernel
  api=14 insize=89748 outsize=4274 ok=1
Cmd: compileComputeKernel
  api=14 insize=89748 outsize=3147 ok=1
Cmd: compileComputeKernel
  api=14 insize=89748 outsize=4151 ok=1
Cmd: compileComputeKernel
  api=14 insize=89748 outsize=6795 ok=1
Cmd: translateComputeKernel
  api=14 insize=6728 outsize=9647 ok=1
Cmd: translateComputeKernel
  api=14 insize=5630 outsize=6326 ok=1
Cmd: translateComputeKernel
  api=14 insize=5510 outsize=6137 ok=1
Cmd: translateComputeKernel
  api=14 insize=4460 outsize=4244 ok=1
Cmd: translateComputeKernel
  api=14 insize=5181 outsize=5922 ok=1
Cmd: translateComputeKernel
  api=14 insize=4695 outsize=4822 ok=1
Cmd: translateComputeKernel
  api=14 insize=6983 outsize=9914 ok=1
Cmd: translateComputeKernel
  api=14 insize=6331 outsize=8346 ok=1
Cmd: translateComputeKernel
  api=14 insize=4606 outsize=4400 ok=1
Cmd: translateComputeKernel
  api=14 insize=6436 outsize=8573 ok=1
Cmd: translateComputeKernel
  api=14 insize=7858 outsize=11701 ok=1
Cmd: translateComputeKernel
  api=14 insize=6791 outsize=9153 ok=1
Cmd: translateComputeKernel
  api=14 insize=6872 outsize=9367 ok=1
Cmd: translateComputeKernel
  api=14 insize=6363 outsize=8406 ok=1
Cmd: translateComputeKernel
  api=14 insize=7390 outsize=11483 ok=1
Cmd: translateComputeKernel
  api=14 insize=8025 outsize=12494 ok=1
Cmd: translateComputeKernel
  api=14 insize=8062 outsize=12668 ok=1
Cmd: translateComputeKernel
  api=14 insize=8055 outsize=12551 ok=1
Cmd: translateComputeKernel
  api=14 insize=8204 outsize=12880 ok=1
Cmd: translateComputeKernel
  api=14 insize=9524 outsize=15945 ok=1
Cmd: translateComputeKernel
  api=14 insize=4928 outsize=4980 ok=1
Cmd: translateComputeKernel
  api=14 insize=3951 outsize=3165 ok=1
Cmd: translateComputeKernel
  api=14 insize=4894 outsize=5577 ok=1
Cmd: translateComputeKernel
  api=14 insize=5086 outsize=5863 ok=1
Cmd: compileComputeKernel
  api=14 insize=467 outsize=5063 ok=1
Cmd: translateComputeKernel
  api=14 insize=5429 outsize=8588 ok=1
Cmd: compileComputeKernel
  api=14 insize=15390 outsize=4022 ok=1
Cmd: compileComputeKernel
  api=14 insize=15390 outsize=4022 ok=1
Cmd: compileComputeKernel
  api=14 insize=15390 outsize=4075 ok=1
Cmd: compileComputeKernel
  api=14 insize=15390 outsize=5286 ok=1
Cmd: translateComputeKernel
  api=14 insize=4163 outsize=6253 ok=1
Cmd: translateComputeKernel
  api=14 insize=4605 outsize=8097 ok=1
Cmd: translateComputeKernel
  api=14 insize=4229 outsize=6292 ok=1
Cmd: translateComputeKernel
  api=14 insize=4581 outsize=8006 ok=1
Cmd: compileComputeKernel
  api=14 insize=67361 outsize=4460 ok=1
Cmd: compileComputeKernel
  api=14 insize=67361 outsize=18519 ok=1
Cmd: translateComputeKernel
  api=14 insize=30573 outsize=58267 ok=1
Cmd: translateComputeKernel
  api=14 insize=10867 outsize=20104 ok=1
Cmd: compileComputeKernel
  api=14 insize=4587 outsize=5864 ok=1
Cmd: translateComputeKernel
  api=14 insize=6133 outsize=8536 ok=1
Cmd: compileComputeKernel
  api=14 insize=18755 outsize=19293 ok=1
Cmd: translateComputeKernel
  api=14 insize=19261 outsize=36958 ok=1
Cmd: compileComputeKernel
  api=14 insize=76423 outsize=15079 ok=1
Cmd: translateComputeKernel
  api=14 insize=9908 outsize=17864 ok=1
Cmd: compileComputeKernel
  api=14 insize=467 outsize=7753 ok=1
Cmd: translateComputeKernel
  api=14 insize=4367 outsize=5772 ok=1
Cmd: compileComputeKernel
  api=14 insize=13363 outsize=12799 ok=1
Cmd: translateComputeKernel
  api=14 insize=12799 outsize=23955 ok=1
Cmd: compileComputeKernel
  api=14 insize=1069 outsize=3213 ok=1
Cmd: compileComputeKernel
  api=14 insize=1069 outsize=3242 ok=1
Cmd: compileComputeKernel
  api=14 insize=1069 outsize=3617 ok=1
Cmd: translateComputeKernel
  api=14 insize=3316 outsize=3797 ok=1
Cmd: translateComputeKernel
  api=14 insize=3350 outsize=3842 ok=1
Cmd: compileComputeKernel
  api=14 insize=3167 outsize=3546 ok=1
Cmd: translateComputeKernel
  api=14 insize=3239 outsize=4658 ok=1
Cmd: compileComputeKernel
  api=14 insize=776 outsize=6092 ok=1
Cmd: compileComputeKernel
  api=14 insize=11209 outsize=1157 ok=1
Cmd: compileComputeKernel
  api=14 insize=11209 outsize=2510 ok=1
Cmd: compileComputeKernel
  api=14 insize=11209 outsize=2763 ok=1
Cmd: compileComputeKernel
  api=14 insize=11209 outsize=2499 ok=1
Cmd: compileComputeKernel
  api=14 insize=11209 outsize=2597 ok=1
Cmd: compileComputeKernel
  api=14 insize=11209 outsize=2622 ok=1
Cmd: compileComputeKernel
  api=14 insize=11209 outsize=3053 ok=1
Cmd: compileComputeKernel
  api=14 insize=11209 outsize=2522 ok=1
Cmd: compileComputeKernel
  api=14 insize=11209 outsize=2621 ok=1
Cmd: compileComputeKernel
  api=14 insize=11209 outsize=3032 ok=1
Cmd: compileComputeKernel
  api=14 insize=11209 outsize=3264 ok=1
Cmd: compileComputeKernel
  api=14 insize=11209 outsize=3109 ok=1
Cmd: compileComputeKernel
  api=14 insize=11209 outsize=3103 ok=1
Cmd: compileComputeKernel
  api=14 insize=11209 outsize=3205 ok=1
Cmd: compileComputeKernel
  api=14 insize=11209 outsize=3051 ok=1
Cmd: compileComputeKernel
  api=14 insize=11209 outsize=3024 ok=1
Cmd: compileComputeKernel
  api=14 insize=11209 outsize=3127 ok=1
Cmd: compileComputeKernel
  api=14 insize=11209 outsize=3114 ok=1
Cmd: compileComputeKernel
  api=14 insize=11209 outsize=3568 ok=1
Cmd: compileComputeKernel
  api=14 insize=11209 outsize=3118 ok=1
Cmd: compileComputeKernel
  api=14 insize=11209 outsize=3027 ok=1
Cmd: compileComputeKernel
  api=14 insize=11209 outsize=3036 ok=1
Cmd: translateComputeKernel
  api=14 insize=1410 outsize=1222 ok=1
Cmd: translateComputeKernel
  api=14 insize=2670 outsize=2450 ok=1
Cmd: translateComputeKernel
  api=14 insize=2962 outsize=2861 ok=1
Cmd: translateComputeKernel
  api=14 insize=2724 outsize=2530 ok=1
Cmd: translateComputeKernel
  api=14 insize=2921 outsize=2809 ok=1
Cmd: translateComputeKernel
  api=14 insize=2722 outsize=2499 ok=1
Cmd: translateComputeKernel
  api=14 insize=2726 outsize=2489 ok=1
Cmd: translateComputeKernel
  api=14 insize=1410 outsize=1226 ok=1
Cmd: translateComputeKernel
  api=14 insize=2612 outsize=2336 ok=1
Cmd: translateComputeKernel
  api=14 insize=2610 outsize=2923 ok=1
Cmd: translateComputeKernel
  api=14 insize=3159 outsize=3614 ok=1
Cmd: translateComputeKernel
  api=14 insize=3421 outsize=3805 ok=1
Cmd: translateComputeKernel
  api=14 insize=3207 outsize=3695 ok=1
Cmd: translateComputeKernel
  api=14 insize=3201 outsize=3688 ok=1
Cmd: translateComputeKernel
  api=14 insize=3336 outsize=3698 ok=1
Cmd: translateComputeKernel
  api=14 insize=3189 outsize=3637 ok=1
Cmd: translateComputeKernel
  api=14 insize=3185 outsize=3460 ok=1
Cmd: translateComputeKernel
  api=14 insize=3177 outsize=3649 ok=1
Cmd: translateComputeKernel
  api=14 insize=3474 outsize=4092 ok=1
Cmd: translateComputeKernel
  api=14 insize=3466 outsize=4105 ok=1
Cmd: translateComputeKernel
  api=14 insize=3302 outsize=3627 ok=1
Cmd: translateComputeKernel
  api=14 insize=3125 outsize=3574 ok=1
Cmd: translateComputeKernel
  api=14 insize=3125 outsize=3574 ok=1
Cmd: translateComputeKernel
  api=14 insize=3220 outsize=3565 ok=1
Cmd: compileComputeKernel
  api=14 insize=4497 outsize=3078 ok=1
Cmd: translateComputeKernel
  api=14 insize=3166 outsize=4039 ok=1
Cmd: compileComputeKernel
  api=14 insize=1900 outsize=4694 ok=1
Cmd: translateComputeKernel
  api=14 insize=4694 outsize=8060 ok=1
Cmd: compileSnippet
  api=14 type=1 insize=16577 outsize=1879 kw=_SUNDISK_SIMPLE pd=UNITY_NO_DXT5nm UNITY_ENABLE_REFLECTION_BUFFERS UNITY_NO_SCREENSPACE_SHADOWS UNITY_PBS_USE_BRDF2 SHADER_API_DESKTOP UNITY_HARDWARE_TIER3 UNITY_COLORSPACE_GAMMA UNITY_LIGHTMAP_DLDR_ENCODING ok=1
Cmd: shutdown

Quitting shader compiler process
