Base path: '/Applications/Unity/Hub/Editor/2019.4.40f1/Unity.app/Contents', plugins path '/Applications/Unity/Hub/Editor/2019.4.40f1/Unity.app/Contents/PlaybackEngines'
Cmd: initializeCompiler
Cmd: compileComputeKernel
  api=14 insize=775 outsize=16216 ok=1
Cmd: translateComputeKernel
  api=14 insize=6092 outsize=9953 ok=1
Cmd: compileComputeKernel
  api=14 insize=1069 outsize=3213 ok=1
Cmd: compileComputeKernel
  api=14 insize=1069 outsize=3247 ok=1
Cmd: compileComputeKernel
  api=14 insize=1069 outsize=3665 ok=1
Cmd: translateComputeKernel
  api=14 insize=3316 outsize=3793 ok=1
Cmd: translateComputeKernel
  api=14 insize=3353 outsize=3845 ok=1
Cmd: translateComputeKernel
  api=14 insize=3467 outsize=4052 ok=1
Cmd: compileComputeKernel
  api=14 insize=2847 outsize=4634 ok=1
Cmd: translateComputeKernel
  api=14 insize=4634 outsize=8122 ok=1
Cmd: compileComputeKernel
  api=14 insize=331 outsize=2544 ok=1
Cmd: translateComputeKernel
  api=14 insize=2508 outsize=2338 ok=1
Cmd: translateComputeKernel
  api=14 insize=2599 outsize=2532 ok=1
Cmd: compileComputeKernel
  api=14 insize=759 outsize=1622 ok=1
Cmd: compileComputeKernel
  api=14 insize=759 outsize=2489 ok=1
Cmd: translateComputeKernel
  api=14 insize=1442 outsize=1304 ok=1
Cmd: translateComputeKernel
  api=14 insize=1524 outsize=1450 ok=1
Cmd: translateComputeKernel
  api=14 insize=2619 outsize=2396 ok=1
Cmd: compileComputeKernel
  api=14 insize=3405 outsize=23869 ok=1
Cmd: compileComputeKernel
  api=14 insize=3405 outsize=4864 ok=1
Cmd: compileComputeKernel
  api=14 insize=3405 outsize=5525 ok=1
Cmd: compileComputeKernel
  api=14 insize=3405 outsize=3577 ok=1
Cmd: compileComputeKernel
  api=14 insize=3405 outsize=6967 ok=1
Cmd: translateComputeKernel
  api=14 insize=27024 outsize=55461 ok=1
Cmd: translateComputeKernel
  api=14 insize=5559 outsize=9294 ok=1
Cmd: compileComputeKernel
  api=14 insize=13751 outsize=3174 ok=1
Cmd: compileComputeKernel
  api=14 insize=13751 outsize=3523 ok=1
Cmd: compileComputeKernel
  api=14 insize=13751 outsize=3529 ok=1
Cmd: translateComputeKernel
  api=14 insize=3908 outsize=4170 ok=1
Cmd: translateComputeKernel
  api=14 insize=4221 outsize=4643 ok=1
Cmd: translateComputeKernel
  api=14 insize=3648 outsize=3709 ok=1
Cmd: translateComputeKernel
  api=14 insize=4193 outsize=5404 ok=1
Cmd: compileComputeKernel
  api=14 insize=20821 outsize=19744 ok=1
Cmd: compileComputeKernel
  api=14 insize=89748 outsize=3960 ok=1
Cmd: compileComputeKernel
  api=14 insize=89748 outsize=5207 ok=1
Cmd: compileComputeKernel
  api=14 insize=89748 outsize=4411 ok=1
Cmd: compileComputeKernel
  api=14 insize=89748 outsize=3858 ok=1
Cmd: compileComputeKernel
  api=14 insize=89748 outsize=3713 ok=1
Cmd: compileComputeKernel
  api=14 insize=89748 outsize=3685 ok=1
Cmd: compileComputeKernel
  api=14 insize=89748 outsize=3559 ok=1
Cmd: compileComputeKernel
  api=14 insize=89748 outsize=6113 ok=1
Cmd: compileComputeKernel
  api=14 insize=89748 outsize=5599 ok=1
Cmd: compileComputeKernel
  api=14 insize=89748 outsize=5597 ok=1
Cmd: compileComputeKernel
  api=14 insize=89748 outsize=3778 ok=1
Cmd: compileComputeKernel
  api=14 insize=89748 outsize=5695 ok=1
Cmd: compileComputeKernel
  api=14 insize=89748 outsize=5623 ok=1
Cmd: compileComputeKernel
  api=14 insize=89748 outsize=5623 ok=1
Cmd: compileComputeKernel
  api=14 insize=89748 outsize=5940 ok=1
Cmd: compileComputeKernel
  api=14 insize=89748 outsize=5599 ok=1
Cmd: compileComputeKernel
  api=14 insize=89748 outsize=5631 ok=1
Cmd: compileComputeKernel
  api=14 insize=89748 outsize=5699 ok=1
Cmd: compileComputeKernel
  api=14 insize=89748 outsize=7367 ok=1
Cmd: compileComputeKernel
  api=14 insize=89748 outsize=7363 ok=1
Cmd: compileComputeKernel
  api=14 insize=89748 outsize=7392 ok=1
Cmd: compileComputeKernel
  api=14 insize=89748 outsize=7542 ok=1
Cmd: compileComputeKernel
  api=14 insize=89748 outsize=8932 ok=1
Cmd: compileComputeKernel
  api=14 insize=89748 outsize=5653 ok=1
Cmd: compileComputeKernel
  api=14 insize=89748 outsize=4498 ok=1
Cmd: compileComputeKernel
  api=14 insize=89748 outsize=5979 ok=1
Cmd: compileComputeKernel
  api=14 insize=89748 outsize=4490 ok=1
Cmd: compileComputeKernel
  api=14 insize=89748 outsize=4314 ok=1
Cmd: translateComputeKernel
  api=14 insize=6764 outsize=9758 ok=1
Cmd: translateComputeKernel
  api=14 insize=5114 outsize=5829 ok=1
Cmd: translateComputeKernel
  api=14 insize=4662 outsize=4587 ok=1
Cmd: translateComputeKernel
  api=14 insize=4488 outsize=4214 ok=1
Cmd: translateComputeKernel
  api=14 insize=4460 outsize=4245 ok=1
Cmd: translateComputeKernel
  api=14 insize=4658 outsize=4540 ok=1
Cmd: translateComputeKernel
  api=14 insize=5181 outsize=5922 ok=1
Cmd: translateComputeKernel
  api=14 insize=4459 outsize=4331 ok=1
Cmd: translateComputeKernel
  api=14 insize=6779 outsize=8851 ok=1
Cmd: translateComputeKernel
  api=14 insize=6983 outsize=9832 ok=1
Cmd: translateComputeKernel
  api=14 insize=4619 outsize=4383 ok=1
Cmd: translateComputeKernel
  api=14 insize=6359 outsize=8451 ok=1
Cmd: translateComputeKernel
  api=14 insize=6640 outsize=9015 ok=1
Cmd: translateComputeKernel
  api=14 insize=6872 outsize=9449 ok=1
Cmd: translateComputeKernel
  api=14 insize=6331 outsize=8266 ok=1
Cmd: translateComputeKernel
  api=14 insize=6931 outsize=9635 ok=1
Cmd: translateComputeKernel
  api=14 insize=8025 outsize=12490 ok=1
Cmd: translateComputeKernel
  api=14 insize=8062 outsize=12558 ok=1
Cmd: translateComputeKernel
  api=14 insize=6175 outsize=7685 ok=1
Cmd: translateComputeKernel
  api=14 insize=7834 outsize=11027 ok=1
Cmd: compileComputeKernel
  api=14 insize=467 outsize=8037 ok=1
Cmd: translateComputeKernel
  api=14 insize=4271 outsize=5560 ok=1
Cmd: compileComputeKernel
  api=14 insize=15390 outsize=4087 ok=1
Cmd: compileComputeKernel
  api=14 insize=15390 outsize=4087 ok=1
Cmd: compileComputeKernel
  api=14 insize=15390 outsize=4075 ok=1
Cmd: compileComputeKernel
  api=14 insize=15390 outsize=4581 ok=1
Cmd: translateComputeKernel
  api=14 insize=4163 outsize=6253 ok=1
Cmd: translateComputeKernel
  api=14 insize=4605 outsize=8097 ok=1
Cmd: translateComputeKernel
  api=14 insize=4649 outsize=7030 ok=1
Cmd: compileComputeKernel
  api=14 insize=67361 outsize=30508 ok=1
Cmd: compileComputeKernel
  api=14 insize=67361 outsize=11153 ok=1
Cmd: compileComputeKernel
  api=14 insize=67361 outsize=10967 ok=1
Cmd: translateComputeKernel
  api=14 insize=4494 outsize=6279 ok=1
Cmd: translateComputeKernel
  api=14 insize=18584 outsize=37941 ok=1
Cmd: translateComputeKernel
  api=14 insize=11383 outsize=20909 ok=1
Cmd: translateComputeKernel
  api=14 insize=11221 outsize=20541 ok=1
Cmd: translateComputeKernel
  api=14 insize=6007 outsize=8023 ok=1
Cmd: compileComputeKernel
  api=14 insize=18755 outsize=50184 ok=1
Cmd: translateComputeKernel
  api=14 insize=8990 outsize=16025 ok=1
Cmd: compileComputeKernel
  api=14 insize=76423 outsize=9908 ok=1
Cmd: translateComputeKernel
  api=14 insize=14337 outsize=27054 ok=1
Cmd: compileComputeKernel
  api=14 insize=467 outsize=4257 ok=1
Cmd: translateComputeKernel
  api=14 insize=7555 outsize=12543 ok=1
Cmd: compileComputeKernel
  api=14 insize=13363 outsize=11929 ok=1
Cmd: translateComputeKernel
  api=14 insize=12719 outsize=23711 ok=1
Cmd: compileComputeKernel
  api=14 insize=1069 outsize=3213 ok=1
Cmd: compileComputeKernel
  api=14 insize=1069 outsize=3250 ok=1
Cmd: compileComputeKernel
  api=14 insize=1069 outsize=3276 ok=1
Cmd: translateComputeKernel
  api=14 insize=3320 outsize=3796 ok=1
Cmd: translateComputeKernel
  api=14 insize=3346 outsize=3838 ok=1
Cmd: compileComputeKernel
  api=14 insize=776 outsize=16504 ok=1
Cmd: translateComputeKernel
  api=14 insize=4491 outsize=6631 ok=1
Cmd: compileComputeKernel
  api=14 insize=11209 outsize=2417 ok=1
Cmd: compileComputeKernel
  api=14 insize=11209 outsize=2510 ok=1
Cmd: compileComputeKernel
  api=14 insize=11209 outsize=2763 ok=1
Cmd: compileComputeKernel
  api=14 insize=11209 outsize=2499 ok=1
Cmd: compileComputeKernel
  api=14 insize=11209 outsize=2597 ok=1
Cmd: compileComputeKernel
  api=14 insize=11209 outsize=1838 ok=1
Cmd: compileComputeKernel
  api=14 insize=11209 outsize=2531 ok=1
Cmd: compileComputeKernel
  api=14 insize=11209 outsize=2617 ok=1
Cmd: compileComputeKernel
  api=14 insize=11209 outsize=3017 ok=1
Cmd: compileComputeKernel
  api=14 insize=11209 outsize=3038 ok=1
Cmd: compileComputeKernel
  api=14 insize=11209 outsize=3260 ok=1
Cmd: compileComputeKernel
  api=14 insize=11209 outsize=3132 ok=1
Cmd: compileComputeKernel
  api=14 insize=11209 outsize=3114 ok=1
Cmd: compileComputeKernel
  api=14 insize=11209 outsize=3142 ok=1
Cmd: compileComputeKernel
  api=14 insize=11209 outsize=3051 ok=1
Cmd: compileComputeKernel
  api=14 insize=11209 outsize=2988 ok=1
Cmd: compileComputeKernel
  api=14 insize=11209 outsize=3127 ok=1
Cmd: compileComputeKernel
  api=14 insize=11209 outsize=3273 ok=1
Cmd: compileComputeKernel
  api=14 insize=11209 outsize=3137 ok=1
Cmd: compileComputeKernel
  api=14 insize=11209 outsize=3141 ok=1
Cmd: compileComputeKernel
  api=14 insize=11209 outsize=2964 ok=1
Cmd: compileComputeKernel
  api=14 insize=11209 outsize=3004 ok=1
Cmd: compileComputeKernel
  api=14 insize=11209 outsize=3036 ok=1
Cmd: translateComputeKernel
  api=14 insize=2612 outsize=2334 ok=1
Cmd: translateComputeKernel
  api=14 insize=3188 outsize=3458 ok=1
Cmd: translateComputeKernel
  api=14 insize=3725 outsize=4533 ok=1
Cmd: compileComputeKernel
  api=14 insize=4497 outsize=3108 ok=1
Cmd: translateComputeKernel
  api=14 insize=3232 outsize=4131 ok=1
Cmd: compileSnippet
  api=14 type=0 insize=2986 outsize=2718 kw= pd=UNITY_ENABLE_REFLECTION_BUFFERS UNITY_USE_DITHER_MASK_FOR_ALPHABLENDED_SHADOWS UNITY_PBS_USE_BRDF1 UNITY_SPECCUBE_BOX_PROJECTION UNITY_SPECCUBE_BLENDING UNITY_ENABLE_DETAIL_NORMALMAP SHADER_API_DESKTOP UNITY_COLORSPACE_GAMMA UNITY_LIGHT_PROBE_PROXY_VOLUME UNITY_LIGHTMAP_FULL_HDR ok=1
Cmd: compileComputeKernel
  api=14 insize=775 outsize=4491 ok=1
Cmd: compileComputeKernel
  api=14 insize=1069 outsize=3213 ok=1
Cmd: compileComputeKernel
  api=14 insize=1069 outsize=3243 ok=1
Cmd: translateComputeKernel
  api=14 insize=3316 outsize=3797 ok=1
Cmd: compileComputeKernel
  api=14 insize=2847 outsize=4634 ok=1
Cmd: translateComputeKernel
  api=14 insize=4634 outsize=8122 ok=1
Cmd: compileComputeKernel
  api=14 insize=331 outsize=2509 ok=1
Cmd: compileComputeKernel
  api=14 insize=331 outsize=2599 ok=1
Cmd: translateComputeKernel
  api=14 insize=2574 outsize=2469 ok=1
Cmd: compileComputeKernel
  api=14 insize=759 outsize=2422 ok=1
Cmd: compileComputeKernel
  api=14 insize=759 outsize=2594 ok=1
Cmd: compileComputeKernel
  api=14 insize=759 outsize=2577 ok=1
Cmd: translateComputeKernel
  api=14 insize=2811 outsize=2651 ok=1
Cmd: translateComputeKernel
  api=14 insize=2680 outsize=2525 ok=1
Cmd: compileComputeKernel
  api=14 insize=3405 outsize=26561 ok=1
Cmd: translateComputeKernel
  api=14 insize=35915 outsize=70138 ok=1
Cmd: compileComputeKernel
  api=14 insize=13751 outsize=3174 ok=1
Cmd: compileComputeKernel
  api=14 insize=13751 outsize=4099 ok=1
Cmd: compileComputeKernel
  api=14 insize=13751 outsize=3308 ok=1
Cmd: translateComputeKernel
  api=14 insize=3377 outsize=3146 ok=1
Cmd: translateComputeKernel
  api=14 insize=4222 outsize=4451 ok=1
Cmd: translateComputeKernel
  api=14 insize=4762 outsize=5810 ok=1
Cmd: translateComputeKernel
  api=14 insize=5354 outsize=7557 ok=1
Cmd: translateComputeKernel
  api=14 insize=19810 outsize=37799 ok=1
Cmd: compileComputeKernel
  api=14 insize=89748 outsize=6230 ok=1
Cmd: compileComputeKernel
  api=14 insize=89748 outsize=3803 ok=1
Cmd: compileComputeKernel
  api=14 insize=89748 outsize=4703 ok=1
Cmd: compileComputeKernel
  api=14 insize=89748 outsize=3713 ok=1
Cmd: compileComputeKernel
  api=14 insize=89748 outsize=3913 ok=1
Cmd: compileComputeKernel
  api=14 insize=89748 outsize=3871 ok=1
Cmd: compileComputeKernel
  api=14 insize=89748 outsize=5636 ok=1
Cmd: compileComputeKernel
  api=14 insize=89748 outsize=5597 ok=1
Cmd: compileComputeKernel
  api=14 insize=89748 outsize=5681 ok=1
Cmd: compileComputeKernel
  api=14 insize=89748 outsize=5686 ok=1
Cmd: compileComputeKernel
  api=14 insize=89748 outsize=5671 ok=1
Cmd: compileComputeKernel
  api=14 insize=89748 outsize=5623 ok=1
Cmd: compileComputeKernel
  api=14 insize=89748 outsize=5908 ok=1
Cmd: compileComputeKernel
  api=14 insize=89748 outsize=6140 ok=1
Cmd: compileComputeKernel
  api=14 insize=89748 outsize=5692 ok=1
Cmd: compileComputeKernel
  api=14 insize=89748 outsize=6199 ok=1
Cmd: compileComputeKernel
  api=14 insize=89748 outsize=7363 ok=1
Cmd: compileComputeKernel
  api=14 insize=89748 outsize=7803 ok=1
Cmd: compileComputeKernel
  api=14 insize=89748 outsize=7518 ok=1
Cmd: compileComputeKernel
  api=14 insize=89748 outsize=7393 ok=1
Cmd: compileComputeKernel
  api=14 insize=89748 outsize=8932 ok=1
Cmd: compileComputeKernel
  api=14 insize=89748 outsize=5653 ok=1
Cmd: compileComputeKernel
  api=14 insize=89748 outsize=3878 ok=1
Cmd: compileComputeKernel
  api=14 insize=89748 outsize=4274 ok=1
Cmd: compileComputeKernel
  api=14 insize=89748 outsize=3147 ok=1
Cmd: compileComputeKernel
  api=14 insize=89748 outsize=5862 ok=1
Cmd: compileComputeKernel
  api=14 insize=89748 outsize=7055 ok=1
Cmd: translateComputeKernel
  api=14 insize=6764 outsize=9758 ok=1
Cmd: translateComputeKernel
  api=14 insize=4578 outsize=4520 ok=1
Cmd: translateComputeKernel
  api=14 insize=5478 outsize=6048 ok=1
Cmd: translateComputeKernel
  api=14 insize=8139 outsize=11357 ok=1
Cmd: translateComputeKernel
  api=14 insize=4459 outsize=4331 ok=1
Cmd: translateComputeKernel
  api=14 insize=6779 outsize=8851 ok=1
Cmd: translateComputeKernel
  api=14 insize=6331 outsize=8348 ok=1
Cmd: translateComputeKernel
  api=14 insize=6331 outsize=8264 ok=1
Cmd: translateComputeKernel
  api=14 insize=4619 outsize=4383 ok=1
Cmd: translateComputeKernel
  api=14 insize=4606 outsize=4400 ok=1
Cmd: translateComputeKernel
  api=14 insize=6359 outsize=8369 ok=1
Cmd: translateComputeKernel
  api=14 insize=6532 outsize=8684 ok=1
Cmd: translateComputeKernel
  api=14 insize=6640 outsize=8933 ok=1
Cmd: translateComputeKernel
  api=14 insize=6872 outsize=9449 ok=1
Cmd: translateComputeKernel
  api=14 insize=6532 outsize=9179 ok=1
Cmd: translateComputeKernel
  api=14 insize=8025 outsize=12600 ok=1
Cmd: translateComputeKernel
  api=14 insize=8025 outsize=12604 ok=1
Cmd: translateComputeKernel
  api=14 insize=8054 outsize=12549 ok=1
Cmd: translateComputeKernel
  api=14 insize=6522 outsize=9129 ok=1
Cmd: translateComputeKernel
  api=14 insize=6385 outsize=8606 ok=1
Cmd: translateComputeKernel
  api=14 insize=6438 outsize=8747 ok=1
Cmd: translateComputeKernel
  api=14 insize=4453 outsize=4154 ok=1
Cmd: translateComputeKernel
  api=14 insize=5050 outsize=5153 ok=1
Cmd: translateComputeKernel
  api=14 insize=10103 outsize=18245 ok=1
Cmd: translateComputeKernel
  api=14 insize=5082 outsize=5593 ok=1
Cmd: compileComputeKernel
  api=14 insize=467 outsize=5216 ok=1
Cmd: translateComputeKernel
  api=14 insize=4271 outsize=5560 ok=1
Cmd: compileComputeKernel
  api=14 insize=15390 outsize=4532 ok=1
Cmd: compileComputeKernel
  api=14 insize=15390 outsize=4088 ok=1
Cmd: translateComputeKernel
  api=14 insize=4163 outsize=6257 ok=1
Cmd: translateComputeKernel
  api=14 insize=4228 outsize=6291 ok=1
Cmd: translateComputeKernel
  api=14 insize=4633 outsize=8133 ok=1
Cmd: compileComputeKernel
  api=14 insize=67361 outsize=31724 ok=1
Cmd: compileComputeKernel
  api=14 insize=67361 outsize=12223 ok=1
Cmd: compileComputeKernel
  api=14 insize=67361 outsize=10967 ok=1
Cmd: translateComputeKernel
  api=14 insize=7537 outsize=13347 ok=1
Cmd: translateComputeKernel
  api=14 insize=18528 outsize=37971 ok=1
Cmd: translateComputeKernel
  api=14 insize=12257 outsize=23875 ok=1
Cmd: compileComputeKernel
  api=14 insize=4587 outsize=5956 ok=1
Cmd: translateComputeKernel
  api=14 insize=5593 outsize=7405 ok=1
Cmd: compileComputeKernel
  api=14 insize=18755 outsize=44800 ok=1
Cmd: translateComputeKernel
  api=14 insize=44800 outsize=84824 ok=1
Cmd: compileComputeKernel
  api=14 insize=76423 outsize=9488 ok=1
Cmd: translateComputeKernel
  api=14 insize=8135 outsize=14106 ok=1
Cmd: compileComputeKernel
  api=14 insize=467 outsize=4999 ok=1
Cmd: translateComputeKernel
  api=14 insize=5257 outsize=8236 ok=1
Cmd: compileComputeKernel
  api=14 insize=13363 outsize=5387 ok=1
Cmd: translateComputeKernel
  api=14 insize=11929 outsize=22074 ok=1
Cmd: compileComputeKernel
  api=14 insize=1069 outsize=3217 ok=1
Cmd: compileComputeKernel
  api=14 insize=1069 outsize=3247 ok=1
Cmd: translateComputeKernel
  api=14 insize=3316 outsize=3793 ok=1
Cmd: translateComputeKernel
  api=14 insize=3345 outsize=3836 ok=1
Cmd: translateComputeKernel
  api=14 insize=3735 outsize=4414 ok=1
Cmd: translateComputeKernel
  api=14 insize=2296 outsize=2246 ok=1
Cmd: compileComputeKernel
  api=14 insize=776 outsize=9580 ok=1
Cmd: translateComputeKernel
  api=14 insize=9580 outsize=18248 ok=1
Cmd: compileComputeKernel
  api=14 insize=11209 outsize=2417 ok=1
Cmd: compileComputeKernel
  api=14 insize=11209 outsize=2509 ok=1
Cmd: compileComputeKernel
  api=14 insize=11209 outsize=2772 ok=1
Cmd: compileComputeKernel
  api=14 insize=11209 outsize=2536 ok=1
Cmd: compileComputeKernel
  api=14 insize=11209 outsize=2502 ok=1
Cmd: compileComputeKernel
  api=14 insize=11209 outsize=2527 ok=1
Cmd: compileComputeKernel
  api=14 insize=11209 outsize=1157 ok=1
Cmd: compileComputeKernel
  api=14 insize=11209 outsize=2417 ok=1
Cmd: compileComputeKernel
  api=14 insize=11209 outsize=3017 ok=1
Cmd: compileComputeKernel
  api=14 insize=11209 outsize=3061 ok=1
Cmd: compileComputeKernel
  api=14 insize=11209 outsize=3224 ok=1
Cmd: compileComputeKernel
  api=14 insize=11209 outsize=3046 ok=1
Cmd: compileComputeKernel
  api=14 insize=11209 outsize=3114 ok=1
Cmd: compileComputeKernel
  api=14 insize=11209 outsize=3142 ok=1
Cmd: compileComputeKernel
  api=14 insize=11209 outsize=3051 ok=1
Cmd: compileComputeKernel
  api=14 insize=11209 outsize=3109 ok=1
Cmd: compileComputeKernel
  api=14 insize=11209 outsize=3137 ok=1
Cmd: compileComputeKernel
  api=14 insize=11209 outsize=3137 ok=1
Cmd: compileComputeKernel
  api=14 insize=11209 outsize=3568 ok=1
Cmd: compileComputeKernel
  api=14 insize=11209 outsize=3004 ok=1
Cmd: compileComputeKernel
  api=14 insize=11209 outsize=3027 ok=1
Cmd: compileComputeKernel
  api=14 insize=11209 outsize=3059 ok=1
Cmd: translateComputeKernel
  api=14 insize=2612 outsize=2336 ok=1
Cmd: translateComputeKernel
  api=14 insize=1404 outsize=1232 ok=1
Cmd: translateComputeKernel
  api=14 insize=3067 outsize=2969 ok=1
Cmd: translateComputeKernel
  api=14 insize=1458 outsize=1300 ok=1
Cmd: translateComputeKernel
  api=14 insize=2770 outsize=2609 ok=1
Cmd: translateComputeKernel
  api=14 insize=2722 outsize=2500 ok=1
Cmd: translateComputeKernel
  api=14 insize=2782 outsize=2626 ok=1
Cmd: translateComputeKernel
  api=14 insize=2672 outsize=2447 ok=1
Cmd: translateComputeKernel
  api=14 insize=2721 outsize=2490 ok=1
Cmd: translateComputeKernel
  api=14 insize=3212 outsize=3288 ok=1
Cmd: translateComputeKernel
  api=14 insize=3222 outsize=3502 ok=1
Cmd: translateComputeKernel
  api=14 insize=3326 outsize=3839 ok=1
Cmd: translateComputeKernel
  api=14 insize=3293 outsize=3611 ok=1
Cmd: translateComputeKernel
  api=14 insize=3241 outsize=3714 ok=1
Cmd: translateComputeKernel
  api=14 insize=3336 outsize=3698 ok=1
Cmd: translateComputeKernel
  api=14 insize=3212 outsize=3499 ok=1
Cmd: translateComputeKernel
  api=14 insize=3240 outsize=3541 ok=1
Cmd: translateComputeKernel
  api=14 insize=3166 outsize=3634 ok=1
Cmd: translateComputeKernel
  api=14 insize=3529 outsize=4010 ok=1
Cmd: translateComputeKernel
  api=14 insize=3729 outsize=4279 ok=1
Cmd: translateComputeKernel
  api=14 insize=3188 outsize=3458 ok=1
Cmd: translateComputeKernel
  api=14 insize=3188 outsize=3458 ok=1
Cmd: translateComputeKernel
  api=14 insize=3222 outsize=3725 ok=1
Cmd: translateComputeKernel
  api=14 insize=3725 outsize=4533 ok=1
Cmd: compileComputeKernel
  api=14 insize=4497 outsize=3174 ok=1
Cmd: translateComputeKernel
  api=14 insize=2931 outsize=3337 ok=1
Cmd: compileSnippet
  api=14 type=0 insize=16577 outsize=10165 kw=_SUNDISK_SIMPLE pd=UNITY_NO_DXT5nm UNITY_ENABLE_REFLECTION_BUFFERS UNITY_NO_SCREENSPACE_SHADOWS UNITY_PBS_USE_BRDF2 SHADER_API_DESKTOP UNITY_HARDWARE_TIER3 UNITY_COLORSPACE_GAMMA UNITY_LIGHTMAP_DLDR_ENCODING ok=1
Cmd: compileSnippet
  api=14 type=0 insize=731 outsize=1755 kw=ETC1_EXTERNAL_ALPHA pd=UNITY_NO_DXT5nm UNITY_ENABLE_REFLECTION_BUFFERS UNITY_NO_SCREENSPACE_SHADOWS UNITY_PBS_USE_BRDF2 SHADER_API_DESKTOP UNITY_HARDWARE_TIER3 UNITY_COLORSPACE_GAMMA UNITY_LIGHTMAP_DLDR_ENCODING ok=1
Cmd: shutdown

Quitting shader compiler process
