Base path: 'C:/Users/Tairo Kageyama/Documents/UnityFile/2019.4.40f1/Editor/Data', plugins path 'C:/Users/Tairo Kageyama/Documents/UnityFile/2019.4.40f1/Editor/Data/PlaybackEngines'
Cmd: initializeCompiler
Cmd: compileComputeKernel
  api=4 insize=1069 outsize=1497 ok=1
Cmd: compileComputeKernel
  api=4 insize=331 outsize=769 ok=1
Cmd: compileComputeKernel
  api=4 insize=759 outsize=759 ok=1
Cmd: compileComputeKernel
  api=4 insize=759 outsize=848 ok=1
Cmd: compileComputeKernel
  api=4 insize=3405 outsize=35257 ok=1
Cmd: compileComputeKernel
  api=4 insize=13751 outsize=1848 ok=1
Cmd: compileComputeKernel
  api=4 insize=13751 outsize=2218 ok=1
Cmd: compileComputeKernel
  api=4 insize=20821 outsize=43617 ok=1
Cmd: compileComputeKernel
  api=4 insize=89748 outsize=1686 ok=1
Cmd: compileComputeKernel
  api=4 insize=89748 outsize=1579 ok=1
Cmd: compileComputeKernel
  api=4 insize=89748 outsize=5708 ok=1
Cmd: compileComputeKernel
  api=4 insize=89748 outsize=2261 ok=1
Cmd: compileComputeKernel
  api=4 insize=89748 outsize=3685 ok=1
Cmd: compileComputeKernel
  api=4 insize=89748 outsize=3373 ok=1
Cmd: compileComputeKernel
  api=4 insize=89748 outsize=3480 ok=1
Cmd: compileComputeKernel
  api=4 insize=89748 outsize=4872 ok=1
Cmd: compileComputeKernel
  api=4 insize=89748 outsize=3684 ok=1
Cmd: compileComputeKernel
  api=4 insize=89748 outsize=3375 ok=1
Cmd: compileComputeKernel
  api=4 insize=89748 outsize=3475 ok=1
Cmd: compileComputeKernel
  api=4 insize=89748 outsize=5039 ok=1
Cmd: compileComputeKernel
  api=4 insize=89748 outsize=5071 ok=1
Cmd: compileComputeKernel
  api=4 insize=89748 outsize=5218 ok=1
Cmd: compileComputeKernel
  api=4 insize=89748 outsize=3554 ok=1
Cmd: compileComputeKernel
  api=4 insize=89748 outsize=1684 ok=1
Cmd: compileComputeKernel
  api=4 insize=89748 outsize=923 ok=1
Cmd: compileComputeKernel
  api=4 insize=89748 outsize=3638 ok=1
Cmd: compileComputeKernel
  api=4 insize=467 outsize=3192 ok=1
Cmd: compileComputeKernel
  api=4 insize=15390 outsize=2375 ok=1
Cmd: compileComputeKernel
  api=4 insize=15390 outsize=2885 ok=1
Cmd: compileComputeKernel
  api=4 insize=67361 outsize=13979 ok=1
Cmd: compileComputeKernel
  api=4 insize=67361 outsize=9613 ok=1
Cmd: compileComputeKernel
  api=4 insize=4587 outsize=2680 ok=1
Cmd: compileComputeKernel
  api=4 insize=76423 outsize=14067 ok=1
Cmd: compileComputeKernel
  api=4 insize=13363 outsize=10417 ok=1
Cmd: compileComputeKernel
  api=4 insize=1069 outsize=1465 ok=1
Cmd: compileComputeKernel
  api=4 insize=1069 outsize=1499 ok=1
Cmd: compileComputeKernel
  api=4 insize=3167 outsize=2302 ok=1
Cmd: compileComputeKernel
  api=4 insize=11209 outsize=674 ok=1
Cmd: compileComputeKernel
  api=4 insize=11209 outsize=770 ok=1
Cmd: compileComputeKernel
  api=4 insize=11209 outsize=831 ok=1
Cmd: compileComputeKernel
  api=4 insize=11209 outsize=1246 ok=1
Cmd: compileComputeKernel
  api=4 insize=11209 outsize=1313 ok=1
Cmd: compileComputeKernel
  api=4 insize=11209 outsize=677 ok=1
Cmd: compileComputeKernel
  api=4 insize=11209 outsize=1292 ok=1
Cmd: compileComputeKernel
  api=4 insize=11209 outsize=1457 ok=1
Cmd: compileComputeKernel
  api=4 insize=11209 outsize=1363 ok=1
Cmd: compileComputeKernel
  api=4 insize=11209 outsize=1336 ok=1
Cmd: compileComputeKernel
  api=4 insize=11209 outsize=1284 ok=1
Cmd: compileComputeKernel
  api=4 insize=11209 outsize=1596 ok=1
Cmd: compileComputeKernel
  api=4 insize=11209 outsize=1374 ok=1
Cmd: compileComputeKernel
  api=4 insize=11209 outsize=1378 ok=1
Cmd: compileComputeKernel
  api=4 insize=11209 outsize=1287 ok=1
Cmd: compileComputeKernel
  api=4 insize=11209 outsize=1864 ok=1
Cmd: shutdown
