Base path: 'C:/Users/Tairo Kageyama/Documents/UnityFile/2019.4.40f1/Editor/Data', plugins path 'C:/Users/Tairo Kageyama/Documents/UnityFile/2019.4.40f1/Editor/Data/PlaybackEngines'
Cmd: initializeCompiler
Cmd: compileComputeKernel
  api=4 insize=775 outsize=4420 ok=1
Cmd: compileComputeKernel
  api=4 insize=1069 outsize=1465 ok=1
Cmd: compileComputeKernel
  api=4 insize=1069 outsize=1611 ok=1
Cmd: compileComputeKernel
  api=4 insize=2847 outsize=3554 ok=1
Cmd: compileComputeKernel
  api=4 insize=759 outsize=791 ok=1
Cmd: compileComputeKernel
  api=4 insize=759 outsize=777 ok=1
Cmd: compileComputeKernel
  api=4 insize=3405 outsize=22181 ok=1
Cmd: compileComputeKernel
  api=4 insize=13751 outsize=1027 ok=1
Cmd: compileComputeKernel
  api=4 insize=13751 outsize=1971 ok=1
Cmd: compileComputeKernel
  api=4 insize=13751 outsize=2218 ok=1
Cmd: compileComputeKernel
  api=4 insize=89748 outsize=10239 ok=1
Cmd: compileComputeKernel
  api=4 insize=89748 outsize=3412 ok=1
Cmd: compileComputeKernel
  api=4 insize=89748 outsize=3373 ok=1
Cmd: compileComputeKernel
  api=4 insize=89748 outsize=3471 ok=1
Cmd: compileComputeKernel
  api=4 insize=89748 outsize=3635 ok=1
Cmd: compileComputeKernel
  api=4 insize=89748 outsize=3485 ok=1
Cmd: compileComputeKernel
  api=4 insize=89748 outsize=3468 ok=1
Cmd: compileComputeKernel
  api=4 insize=89748 outsize=1364 ok=1
Cmd: compileComputeKernel
  api=4 insize=89748 outsize=5043 ok=1
Cmd: compileComputeKernel
  api=4 insize=89748 outsize=5194 ok=1
Cmd: compileComputeKernel
  api=4 insize=89748 outsize=5217 ok=1
Cmd: compileComputeKernel
  api=4 insize=89748 outsize=3554 ok=1
Cmd: compileComputeKernel
  api=4 insize=89748 outsize=3430 ok=1
Cmd: compileComputeKernel
  api=4 insize=89748 outsize=923 ok=1
Cmd: compileComputeKernel
  api=4 insize=89748 outsize=3638 ok=1
Cmd: compileComputeKernel
  api=4 insize=467 outsize=5681 ok=1
Cmd: compileComputeKernel
  api=4 insize=15390 outsize=2375 ok=1
Cmd: compileComputeKernel
  api=4 insize=15390 outsize=2340 ok=1
Cmd: compileComputeKernel
  api=4 insize=15390 outsize=2275 ok=1
Cmd: compileComputeKernel
  api=4 insize=67361 outsize=5975 ok=1
Cmd: compileComputeKernel
  api=4 insize=67361 outsize=9793 ok=1
Cmd: compileComputeKernel
  api=4 insize=67361 outsize=9427 ok=1
Cmd: compileComputeKernel
  api=4 insize=4587 outsize=2528 ok=1
Cmd: compileComputeKernel
  api=4 insize=76423 outsize=11599 ok=1
Cmd: compileComputeKernel
  api=4 insize=1069 outsize=1465 ok=1
Cmd: compileComputeKernel
  api=4 insize=1069 outsize=1495 ok=1
Cmd: compileComputeKernel
  api=4 insize=3167 outsize=2266 ok=1
Cmd: compileComputeKernel
  api=4 insize=11209 outsize=622 ok=1
Cmd: compileComputeKernel
  api=4 insize=11209 outsize=937 ok=1
Cmd: compileComputeKernel
  api=4 insize=11209 outsize=677 ok=1
Cmd: compileComputeKernel
  api=4 insize=11209 outsize=847 ok=1
Cmd: compileComputeKernel
  api=4 insize=11209 outsize=791 ok=1
Cmd: compileComputeKernel
  api=4 insize=11209 outsize=877 ok=1
Cmd: compileComputeKernel
  api=4 insize=11209 outsize=1372 ok=1
Cmd: compileComputeKernel
  api=4 insize=11209 outsize=1137 ok=1
Cmd: compileComputeKernel
  api=4 insize=11209 outsize=1369 ok=1
Cmd: compileComputeKernel
  api=4 insize=11209 outsize=1374 ok=1
Cmd: compileComputeKernel
  api=4 insize=11209 outsize=1311 ok=1
Cmd: compileComputeKernel
  api=4 insize=11209 outsize=1306 ok=1
Cmd: compileComputeKernel
  api=4 insize=11209 outsize=1605 ok=1
Cmd: compileComputeKernel
  api=4 insize=11209 outsize=1401 ok=1
Cmd: compileComputeKernel
  api=4 insize=11209 outsize=1224 ok=1
Cmd: compileComputeKernel
  api=4 insize=11209 outsize=1514 ok=1
Cmd: compileComputeKernel
  api=4 insize=1900 outsize=3122 ok=1
Cmd: shutdown
