Base path: '/Applications/Unity/Hub/Editor/2019.4.40f1/Unity.app/Contents', plugins path '/Applications/Unity/Hub/Editor/2019.4.40f1/Unity.app/Contents/PlaybackEngines'
Cmd: initializeCompiler
Cmd: translateComputeKernel
  api=14 insize=4491 outsize=6595 ok=1
Cmd: compileComputeKernel
  api=14 insize=1069 outsize=3213 ok=1
Cmd: translateComputeKernel
  api=14 insize=3316 outsize=3797 ok=1
Cmd: translateComputeKernel
  api=14 insize=3687 outsize=4317 ok=1
Cmd: compileComputeKernel
  api=14 insize=2847 outsize=4614 ok=1
Cmd: translateComputeKernel
  api=14 insize=4634 outsize=8122 ok=1
Cmd: compileComputeKernel
  api=14 insize=331 outsize=1150 ok=1
Cmd: compileComputeKernel
  api=14 insize=331 outsize=2599 ok=1
Cmd: translateComputeKernel
  api=14 insize=2514 outsize=2358 ok=1
Cmd: translateComputeKernel
  api=14 insize=2613 outsize=2613 ok=1
Cmd: compileComputeKernel
  api=14 insize=759 outsize=2451 ok=1
Cmd: compileComputeKernel
  api=14 insize=759 outsize=2499 ok=1
Cmd: compileComputeKernel
  api=14 insize=759 outsize=2545 ok=1
Cmd: translateComputeKernel
  api=14 insize=1841 outsize=1817 ok=1
Cmd: translateComputeKernel
  api=14 insize=2714 outsize=2573 ok=1
Cmd: translateComputeKernel
  api=14 insize=2679 outsize=2511 ok=1
Cmd: compileComputeKernel
  api=14 insize=3405 outsize=26561 ok=1
Cmd: translateComputeKernel
  api=14 insize=23903 outsize=48190 ok=1
Cmd: translateComputeKernel
  api=14 insize=5559 outsize=9311 ok=1
Cmd: translateComputeKernel
  api=14 insize=7099 outsize=10835 ok=1
Cmd: compileComputeKernel
  api=14 insize=13751 outsize=3147 ok=1
Cmd: compileComputeKernel
  api=14 insize=13751 outsize=4575 ok=1
Cmd: translateComputeKernel
  api=14 insize=3449 outsize=3293 ok=1
Cmd: translateComputeKernel
  api=14 insize=4222 outsize=4451 ok=1
Cmd: translateComputeKernel
  api=14 insize=4914 outsize=6088 ok=1
Cmd: translateComputeKernel
  api=14 insize=3648 outsize=3719 ok=1
Cmd: compileComputeKernel
  api=14 insize=20821 outsize=45733 ok=1
Cmd: translateComputeKernel
  api=14 insize=15714 outsize=30501 ok=1
Cmd: compileComputeKernel
  api=14 insize=89748 outsize=5334 ok=1
Cmd: compileComputeKernel
  api=14 insize=89748 outsize=5855 ok=1
Cmd: compileComputeKernel
  api=14 insize=89748 outsize=7436 ok=1
Cmd: compileComputeKernel
  api=14 insize=89748 outsize=3713 ok=1
Cmd: compileComputeKernel
  api=14 insize=89748 outsize=4485 ok=1
Cmd: compileComputeKernel
  api=14 insize=89748 outsize=6113 ok=1
Cmd: compileComputeKernel
  api=14 insize=89748 outsize=5599 ok=1
Cmd: compileComputeKernel
  api=14 insize=89748 outsize=5681 ok=1
Cmd: compileComputeKernel
  api=14 insize=89748 outsize=3778 ok=1
Cmd: compileComputeKernel
  api=14 insize=89748 outsize=5704 ok=1
Cmd: compileComputeKernel
  api=14 insize=89748 outsize=5757 ok=1
Cmd: compileComputeKernel
  api=14 insize=89748 outsize=5859 ok=1
Cmd: compileComputeKernel
  api=14 insize=89748 outsize=5908 ok=1
Cmd: compileComputeKernel
  api=14 insize=89748 outsize=5709 ok=1
Cmd: compileComputeKernel
  api=14 insize=89748 outsize=5692 ok=1
Cmd: compileComputeKernel
  api=14 insize=89748 outsize=6199 ok=1
Cmd: compileComputeKernel
  api=14 insize=89748 outsize=7363 ok=1
Cmd: compileComputeKernel
  api=14 insize=89748 outsize=7363 ok=1
Cmd: compileComputeKernel
  api=14 insize=89748 outsize=7400 ok=1
Cmd: compileComputeKernel
  api=14 insize=89748 outsize=7393 ok=1
Cmd: compileComputeKernel
  api=14 insize=89748 outsize=5638 ok=1
Cmd: compileComputeKernel
  api=14 insize=89748 outsize=5790 ok=1
Cmd: compileComputeKernel
  api=14 insize=89748 outsize=5654 ok=1
Cmd: compileComputeKernel
  api=14 insize=89748 outsize=4498 ok=1
Cmd: compileComputeKernel
  api=14 insize=89748 outsize=5979 ok=1
Cmd: compileComputeKernel
  api=14 insize=89748 outsize=5338 ok=1
Cmd: compileComputeKernel
  api=14 insize=89748 outsize=7055 ok=1
Cmd: translateComputeKernel
  api=14 insize=4632 outsize=4259 ok=1
Cmd: translateComputeKernel
  api=14 insize=5813 outsize=6947 ok=1
Cmd: translateComputeKernel
  api=14 insize=5114 outsize=5783 ok=1
Cmd: translateComputeKernel
  api=14 insize=5478 outsize=6048 ok=1
Cmd: translateComputeKernel
  api=14 insize=5662 outsize=6415 ok=1
Cmd: translateComputeKernel
  api=14 insize=4488 outsize=4206 ok=1
Cmd: translateComputeKernel
  api=14 insize=5021 outsize=5745 ok=1
Cmd: translateComputeKernel
  api=14 insize=4435 outsize=4274 ok=1
Cmd: translateComputeKernel
  api=14 insize=6370 outsize=7699 ok=1
Cmd: translateComputeKernel
  api=14 insize=6331 outsize=8346 ok=1
Cmd: translateComputeKernel
  api=14 insize=6354 outsize=8281 ok=1
Cmd: translateComputeKernel
  api=14 insize=6427 outsize=8439 ok=1
Cmd: translateComputeKernel
  api=14 insize=6441 outsize=8598 ok=1
Cmd: translateComputeKernel
  api=14 insize=6441 outsize=8515 ok=1
Cmd: translateComputeKernel
  api=14 insize=6445 outsize=8588 ok=1
Cmd: translateComputeKernel
  api=14 insize=6428 outsize=8575 ok=1
Cmd: translateComputeKernel
  api=14 insize=6931 outsize=9717 ok=1
Cmd: translateComputeKernel
  api=14 insize=4608 outsize=4824 ok=1
Cmd: translateComputeKernel
  api=14 insize=8025 outsize=12600 ok=1
Cmd: translateComputeKernel
  api=14 insize=8110 outsize=12811 ok=1
Cmd: translateComputeKernel
  api=14 insize=8055 outsize=12661 ok=1
Cmd: translateComputeKernel
  api=14 insize=6370 outsize=8417 ok=1
Cmd: translateComputeKernel
  api=14 insize=6522 outsize=9129 ok=1
Cmd: translateComputeKernel
  api=14 insize=6385 outsize=8606 ok=1
Cmd: translateComputeKernel
  api=14 insize=6266 outsize=8361 ok=1
Cmd: compileComputeKernel
  api=14 insize=467 outsize=5063 ok=1
Cmd: translateComputeKernel
  api=14 insize=7899 outsize=13321 ok=1
Cmd: compileComputeKernel
  api=14 insize=15390 outsize=4507 ok=1
Cmd: compileComputeKernel
  api=14 insize=15390 outsize=4533 ok=1
Cmd: translateComputeKernel
  api=14 insize=4580 outsize=8085 ok=1
Cmd: translateComputeKernel
  api=14 insize=4606 outsize=8098 ok=1
Cmd: translateComputeKernel
  api=14 insize=5117 outsize=9060 ok=1
Cmd: compileComputeKernel
  api=14 insize=67361 outsize=7503 ok=1
Cmd: compileComputeKernel
  api=14 insize=67361 outsize=18463 ok=1
Cmd: translateComputeKernel
  api=14 insize=15441 outsize=29231 ok=1
Cmd: translateComputeKernel
  api=14 insize=12267 outsize=24087 ok=1
Cmd: translateComputeKernel
  api=14 insize=11029 outsize=20127 ok=1
Cmd: compileComputeKernel
  api=14 insize=4587 outsize=5956 ok=1
Cmd: translateComputeKernel
  api=14 insize=5593 outsize=7405 ok=1
Cmd: compileComputeKernel
  api=14 insize=18755 outsize=44800 ok=1
Cmd: translateComputeKernel
  api=14 insize=19293 outsize=36988 ok=1
Cmd: compileComputeKernel
  api=14 insize=76423 outsize=9488 ok=1
Cmd: translateComputeKernel
  api=14 insize=8135 outsize=14106 ok=1
Cmd: compileComputeKernel
  api=14 insize=467 outsize=7753 ok=1
Cmd: translateComputeKernel
  api=14 insize=7841 outsize=13018 ok=1
Cmd: compileComputeKernel
  api=14 insize=13363 outsize=12482 ok=1
Cmd: translateComputeKernel
  api=14 insize=12482 outsize=23230 ok=1
Cmd: compileComputeKernel
  api=14 insize=1069 outsize=3217 ok=1
Cmd: compileComputeKernel
  api=14 insize=1069 outsize=3242 ok=1
Cmd: translateComputeKernel
  api=14 insize=3316 outsize=3797 ok=1
Cmd: translateComputeKernel
  api=14 insize=3379 outsize=3876 ok=1
Cmd: compileComputeKernel
  api=14 insize=3167 outsize=3510 ok=1
Cmd: compileComputeKernel
  api=14 insize=776 outsize=6092 ok=1
Cmd: translateComputeKernel
  api=14 insize=16504 outsize=32458 ok=1
Cmd: compileComputeKernel
  api=14 insize=11209 outsize=1150 ok=1
Cmd: compileComputeKernel
  api=14 insize=11209 outsize=2415 ok=1
Cmd: compileComputeKernel
  api=14 insize=11209 outsize=2617 ok=1
Cmd: compileComputeKernel
  api=14 insize=11209 outsize=2536 ok=1
Cmd: compileComputeKernel
  api=14 insize=11209 outsize=1326 ok=1
Cmd: compileComputeKernel
  api=14 insize=11209 outsize=2622 ok=1
Cmd: compileComputeKernel
  api=14 insize=11209 outsize=3053 ok=1
Cmd: compileComputeKernel
  api=14 insize=11209 outsize=2522 ok=1
Cmd: compileComputeKernel
  api=14 insize=11209 outsize=2621 ok=1
Cmd: compileComputeKernel
  api=14 insize=11209 outsize=2969 ok=1
Cmd: compileComputeKernel
  api=14 insize=11209 outsize=3287 ok=1
Cmd: compileComputeKernel
  api=14 insize=11209 outsize=3197 ok=1
Cmd: compileComputeKernel
  api=14 insize=11209 outsize=3109 ok=1
Cmd: compileComputeKernel
  api=14 insize=11209 outsize=3114 ok=1
Cmd: compileComputeKernel
  api=14 insize=11209 outsize=3099 ok=1
Cmd: compileComputeKernel
  api=14 insize=11209 outsize=3051 ok=1
Cmd: compileComputeKernel
  api=14 insize=11209 outsize=3109 ok=1
Cmd: compileComputeKernel
  api=14 insize=11209 outsize=3313 ok=1
Cmd: compileComputeKernel
  api=14 insize=11209 outsize=3345 ok=1
Cmd: compileComputeKernel
  api=14 insize=11209 outsize=3568 ok=1
Cmd: compileComputeKernel
  api=14 insize=11209 outsize=3004 ok=1
Cmd: compileComputeKernel
  api=14 insize=11209 outsize=2964 ok=1
Cmd: compileComputeKernel
  api=14 insize=11209 outsize=2996 ok=1
Cmd: translateComputeKernel
  api=14 insize=1410 outsize=1222 ok=1
Cmd: translateComputeKernel
  api=14 insize=2669 outsize=2449 ok=1
Cmd: translateComputeKernel
  api=14 insize=2670 outsize=2450 ok=1
Cmd: translateComputeKernel
  api=14 insize=1615 outsize=1495 ok=1
Cmd: translateComputeKernel
  api=14 insize=2962 outsize=2861 ok=1
Cmd: translateComputeKernel
  api=14 insize=1458 outsize=1302 ok=1
Cmd: translateComputeKernel
  api=14 insize=2770 outsize=2609 ok=1
Cmd: translateComputeKernel
  api=14 insize=2757 outsize=2656 ok=1
Cmd: translateComputeKernel
  api=14 insize=2921 outsize=2809 ok=1
Cmd: translateComputeKernel
  api=14 insize=2782 outsize=2627 ok=1
Cmd: translateComputeKernel
  api=14 insize=3013 outsize=2999 ok=1
Cmd: translateComputeKernel
  api=14 insize=3153 outsize=3093 ok=1
Cmd: translateComputeKernel
  api=14 insize=2786 outsize=2616 ok=1
Cmd: translateComputeKernel
  api=14 insize=2672 outsize=2447 ok=1
Cmd: translateComputeKernel
  api=14 insize=2612 outsize=2336 ok=1
Cmd: translateComputeKernel
  api=14 insize=2721 outsize=2490 ok=1
Cmd: translateComputeKernel
  api=14 insize=1474 outsize=1386 ok=1
Cmd: translateComputeKernel
  api=14 insize=2610 outsize=2923 ok=1
Cmd: translateComputeKernel
  api=14 insize=3222 outsize=3502 ok=1
Cmd: translateComputeKernel
  api=14 insize=3763 outsize=4545 ok=1
Cmd: translateComputeKernel
  api=14 insize=3389 outsize=3751 ok=1
Cmd: translateComputeKernel
  api=14 insize=3358 outsize=3889 ok=1
Cmd: translateComputeKernel
  api=14 insize=3247 outsize=3721 ok=1
Cmd: translateComputeKernel
  api=14 insize=3270 outsize=3737 ok=1
Cmd: translateComputeKernel
  api=14 insize=3264 outsize=3584 ok=1
Cmd: translateComputeKernel
  api=14 insize=3216 outsize=3543 ok=1
Cmd: translateComputeKernel
  api=14 insize=3336 outsize=3698 ok=1
Cmd: translateComputeKernel
  api=14 insize=3230 outsize=3536 ok=1
Cmd: translateComputeKernel
  api=14 insize=3212 outsize=3499 ok=1
Cmd: translateComputeKernel
  api=14 insize=3189 outsize=3638 ok=1
Cmd: translateComputeKernel
  api=14 insize=3240 outsize=3541 ok=1
Cmd: translateComputeKernel
  api=14 insize=3229 outsize=3522 ok=1
Cmd: translateComputeKernel
  api=14 insize=3497 outsize=3967 ok=1
Cmd: translateComputeKernel
  api=14 insize=3275 outsize=3764 ok=1
Cmd: translateComputeKernel
  api=14 insize=3529 outsize=4010 ok=1
Cmd: translateComputeKernel
  api=14 insize=3275 outsize=3763 ok=1
Cmd: translateComputeKernel
  api=14 insize=3729 outsize=4279 ok=1
Cmd: translateComputeKernel
  api=14 insize=3239 outsize=3727 ok=1
Cmd: translateComputeKernel
  api=14 insize=3125 outsize=3574 ok=1
Cmd: translateComputeKernel
  api=14 insize=3188 outsize=3458 ok=1
Cmd: translateComputeKernel
  api=14 insize=3125 outsize=3574 ok=1
Cmd: translateComputeKernel
  api=14 insize=3262 outsize=3765 ok=1
Cmd: translateComputeKernel
  api=14 insize=3197 outsize=3699 ok=1
Cmd: translateComputeKernel
  api=14 insize=3311 outsize=3654 ok=1
Cmd: compileComputeKernel
  api=14 insize=4497 outsize=3174 ok=1
Cmd: translateComputeKernel
  api=14 insize=2931 outsize=3347 ok=1
Cmd: translateComputeKernel
  api=14 insize=13061 outsize=22949 ok=1
Cmd: compileComputeKernel
  api=14 insize=1069 outsize=3213 ok=1
Cmd: compileComputeKernel
  api=14 insize=1069 outsize=3242 ok=1
Cmd: translateComputeKernel
  api=14 insize=3316 outsize=3793 ok=1
Cmd: translateComputeKernel
  api=14 insize=3353 outsize=3845 ok=1
Cmd: translateComputeKernel
  api=14 insize=3379 outsize=3876 ok=1
Cmd: compileComputeKernel
  api=14 insize=331 outsize=2504 ok=1
Cmd: translateComputeKernel
  api=14 insize=1302 outsize=1229 ok=1
Cmd: compileComputeKernel
  api=14 insize=759 outsize=1223 ok=1
Cmd: compileComputeKernel
  api=14 insize=759 outsize=2489 ok=1
Cmd: translateComputeKernel
  api=14 insize=2672 outsize=2491 ok=1
Cmd: translateComputeKernel
  api=14 insize=1524 outsize=1450 ok=1
Cmd: translateComputeKernel
  api=14 insize=2713 outsize=2578 ok=1
Cmd: compileComputeKernel
  api=14 insize=3405 outsize=36306 ok=1
Cmd: compileComputeKernel
  api=14 insize=3405 outsize=32130 ok=1
Cmd: translateComputeKernel
  api=14 insize=28447 outsize=59214 ok=1
Cmd: translateComputeKernel
  api=14 insize=7099 outsize=10835 ok=1
Cmd: compileComputeKernel
  api=14 insize=13751 outsize=3606 ok=1
Cmd: compileComputeKernel
  api=14 insize=13751 outsize=4162 ok=1
Cmd: compileComputeKernel
  api=14 insize=13751 outsize=3860 ok=1
Cmd: translateComputeKernel
  api=14 insize=3908 outsize=4170 ok=1
Cmd: translateComputeKernel
  api=14 insize=4914 outsize=6088 ok=1
Cmd: compileComputeKernel
  api=14 insize=89748 outsize=3960 ok=1
Cmd: compileComputeKernel
  api=14 insize=89748 outsize=5207 ok=1
Cmd: compileComputeKernel
  api=14 insize=89748 outsize=3803 ok=1
Cmd: compileComputeKernel
  api=14 insize=89748 outsize=4855 ok=1
Cmd: compileComputeKernel
  api=14 insize=89748 outsize=3858 ok=1
Cmd: compileComputeKernel
  api=14 insize=89748 outsize=3713 ok=1
Cmd: compileComputeKernel
  api=14 insize=89748 outsize=4269 ok=1
Cmd: compileComputeKernel
  api=14 insize=89748 outsize=3655 ok=1
Cmd: compileComputeKernel
  api=14 insize=89748 outsize=6310 ok=1
Cmd: compileComputeKernel
  api=14 insize=89748 outsize=5597 ok=1
Cmd: compileComputeKernel
  api=14 insize=89748 outsize=3778 ok=1
Cmd: compileComputeKernel
  api=14 insize=89748 outsize=5704 ok=1
Cmd: compileComputeKernel
  api=14 insize=89748 outsize=5757 ok=1
Cmd: compileComputeKernel
  api=14 insize=89748 outsize=5623 ok=1
Cmd: compileComputeKernel
  api=14 insize=89748 outsize=6089 ok=1
Cmd: compileComputeKernel
  api=14 insize=89748 outsize=6140 ok=1
Cmd: compileComputeKernel
  api=14 insize=89748 outsize=5599 ok=1
Cmd: compileComputeKernel
  api=14 insize=89748 outsize=5800 ok=1
Cmd: compileComputeKernel
  api=14 insize=89748 outsize=7367 ok=1
Cmd: compileComputeKernel
  api=14 insize=89748 outsize=7363 ok=1
Cmd: compileComputeKernel
  api=14 insize=89748 outsize=7392 ok=1
Cmd: compileComputeKernel
  api=14 insize=89748 outsize=7541 ok=1
Cmd: compileComputeKernel
  api=14 insize=89748 outsize=5638 ok=1
Cmd: compileComputeKernel
  api=14 insize=89748 outsize=5810 ok=1
Cmd: compileComputeKernel
  api=14 insize=89748 outsize=5706 ok=1
Cmd: compileComputeKernel
  api=14 insize=89748 outsize=3677 ok=1
Cmd: compileComputeKernel
  api=14 insize=89748 outsize=5979 ok=1
Cmd: compileComputeKernel
  api=14 insize=89748 outsize=4490 ok=1
Cmd: compileComputeKernel
  api=14 insize=89748 outsize=5862 ok=1
Cmd: compileComputeKernel
  api=14 insize=89748 outsize=7189 ok=1
Cmd: translateComputeKernel
  api=14 insize=4632 outsize=4259 ok=1
Cmd: translateComputeKernel
  api=14 insize=16260 outsize=28764 ok=1
Cmd: translateComputeKernel
  api=14 insize=6564 outsize=8755 ok=1
Cmd: translateComputeKernel
  api=14 insize=6532 outsize=8766 ok=1
Cmd: translateComputeKernel
  api=14 insize=6328 outsize=8350 ok=1
Cmd: translateComputeKernel
  api=14 insize=6672 outsize=9076 ok=1
Cmd: translateComputeKernel
  api=14 insize=6331 outsize=8348 ok=1
Cmd: translateComputeKernel
  api=14 insize=6372 outsize=8348 ok=1
Cmd: translateComputeKernel
  api=14 insize=8025 outsize=12600 ok=1
Cmd: translateComputeKernel
  api=14 insize=8110 outsize=12811 ok=1
Cmd: translateComputeKernel
  api=14 insize=8059 outsize=12665 ok=1
Cmd: translateComputeKernel
  api=14 insize=8204 outsize=12990 ok=1
Cmd: translateComputeKernel
  api=14 insize=6522 outsize=9129 ok=1
Cmd: translateComputeKernel
  api=14 insize=6265 outsize=8376 ok=1
Cmd: translateComputeKernel
  api=14 insize=6265 outsize=8360 ok=1
Cmd: translateComputeKernel
  api=14 insize=4453 outsize=4154 ok=1
Cmd: translateComputeKernel
  api=14 insize=4928 outsize=4980 ok=1
Cmd: translateComputeKernel
  api=14 insize=6243 outsize=7822 ok=1
Cmd: translateComputeKernel
  api=14 insize=6070 outsize=7795 ok=1
Cmd: translateComputeKernel
  api=14 insize=7407 outsize=10694 ok=1
Cmd: compileComputeKernel
  api=14 insize=467 outsize=4161 ok=1
Cmd: translateComputeKernel
  api=14 insize=5385 outsize=8479 ok=1
Cmd: compileComputeKernel
  api=14 insize=15390 outsize=4507 ok=1
Cmd: compileComputeKernel
  api=14 insize=15390 outsize=4023 ok=1
Cmd: translateComputeKernel
  api=14 insize=4580 outsize=8085 ok=1
Cmd: translateComputeKernel
  api=14 insize=4649 outsize=7030 ok=1
Cmd: compileComputeKernel
  api=14 insize=67361 outsize=7503 ok=1
Cmd: compileComputeKernel
  api=14 insize=67361 outsize=18463 ok=1
Cmd: translateComputeKernel
  api=14 insize=15441 outsize=29231 ok=1
Cmd: translateComputeKernel
  api=14 insize=12267 outsize=24087 ok=1
Cmd: compileComputeKernel
  api=14 insize=4587 outsize=5160 ok=1
Cmd: translateComputeKernel
  api=14 insize=5228 outsize=6615 ok=1
Cmd: translateComputeKernel
  api=14 insize=19293 outsize=36988 ok=1
Cmd: compileComputeKernel
  api=14 insize=76423 outsize=8135 ok=1
Cmd: translateComputeKernel
  api=14 insize=7068 outsize=11350 ok=1
Cmd: compileComputeKernel
  api=14 insize=467 outsize=4161 ok=1
Cmd: translateComputeKernel
  api=14 insize=7555 outsize=12543 ok=1
Cmd: compileComputeKernel
  api=14 insize=13363 outsize=12482 ok=1
Cmd: translateComputeKernel
  api=14 insize=12719 outsize=23711 ok=1
Cmd: compileComputeKernel
  api=14 insize=1069 outsize=3213 ok=1
Cmd: compileComputeKernel
  api=14 insize=1069 outsize=3359 ok=1
Cmd: translateComputeKernel
  api=14 insize=3316 outsize=3797 ok=1
Cmd: translateComputeKernel
  api=14 insize=3462 outsize=4031 ok=1
Cmd: compileComputeKernel
  api=14 insize=3167 outsize=3510 ok=1
Cmd: compileComputeKernel
  api=14 insize=11209 outsize=2512 ok=1
Cmd: compileComputeKernel
  api=14 insize=11209 outsize=2897 ok=1
Cmd: compileComputeKernel
  api=14 insize=11209 outsize=1205 ok=1
Cmd: compileComputeKernel
  api=14 insize=11209 outsize=2571 ok=1
Cmd: compileComputeKernel
  api=14 insize=11209 outsize=1774 ok=1
Cmd: compileComputeKernel
  api=14 insize=11209 outsize=2853 ok=1
Cmd: compileComputeKernel
  api=14 insize=11209 outsize=2531 ok=1
Cmd: compileComputeKernel
  api=14 insize=11209 outsize=2512 ok=1
Cmd: compileComputeKernel
  api=14 insize=11209 outsize=3112 ok=1
Cmd: compileComputeKernel
  api=14 insize=11209 outsize=2998 ok=1
Cmd: compileComputeKernel
  api=14 insize=11209 outsize=3260 ok=1
Cmd: compileComputeKernel
  api=14 insize=11209 outsize=3086 ok=1
Cmd: compileComputeKernel
  api=14 insize=11209 outsize=3040 ok=1
Cmd: compileComputeKernel
  api=14 insize=11209 outsize=3099 ok=1
Cmd: compileComputeKernel
  api=14 insize=11209 outsize=3051 ok=1
Cmd: compileComputeKernel
  api=14 insize=11209 outsize=3109 ok=1
Cmd: compileComputeKernel
  api=14 insize=11209 outsize=3336 ok=1
Cmd: compileComputeKernel
  api=14 insize=11209 outsize=3305 ok=1
Cmd: compileComputeKernel
  api=14 insize=11209 outsize=3141 ok=1
Cmd: compileComputeKernel
  api=14 insize=11209 outsize=2964 ok=1
Cmd: compileComputeKernel
  api=14 insize=11209 outsize=3124 ok=1
Cmd: compileComputeKernel
  api=14 insize=11209 outsize=3150 ok=1
Cmd: translateComputeKernel
  api=14 insize=2672 outsize=2447 ok=1
Cmd: translateComputeKernel
  api=14 insize=2610 outsize=2339 ok=1
Cmd: translateComputeKernel
  api=14 insize=2777 outsize=2600 ok=1
Cmd: translateComputeKernel
  api=14 insize=1458 outsize=1302 ok=1
Cmd: translateComputeKernel
  api=14 insize=2651 outsize=2383 ok=1
Cmd: translateComputeKernel
  api=14 insize=2027 outsize=2133 ok=1
Cmd: translateComputeKernel
  api=14 insize=2091 outsize=2211 ok=1
Cmd: translateComputeKernel
  api=14 insize=1636 outsize=1511 ok=1
Cmd: translateComputeKernel
  api=14 insize=1619 outsize=1508 ok=1
Cmd: translateComputeKernel
  api=14 insize=2781 outsize=2617 ok=1
Cmd: translateComputeKernel
  api=14 insize=3193 outsize=3464 ok=1
Cmd: translateComputeKernel
  api=14 insize=3366 outsize=3865 ok=1
Cmd: translateComputeKernel
  api=14 insize=3247 outsize=3721 ok=1
Cmd: translateComputeKernel
  api=14 insize=3264 outsize=3584 ok=1
Cmd: translateComputeKernel
  api=14 insize=3193 outsize=3681 ok=1
Cmd: translateComputeKernel
  api=14 insize=3207 outsize=3674 ok=1
Cmd: translateComputeKernel
  api=14 insize=3185 outsize=3460 ok=1
Cmd: translateComputeKernel
  api=14 insize=3229 outsize=3522 ok=1
Cmd: translateComputeKernel
  api=14 insize=3434 outsize=4066 ok=1
Cmd: translateComputeKernel
  api=14 insize=3506 outsize=4131 ok=1
Cmd: translateComputeKernel
  api=14 insize=3279 outsize=3753 ok=1
Cmd: translateComputeKernel
  api=14 insize=3188 outsize=3458 ok=1
Cmd: translateComputeKernel
  api=14 insize=3262 outsize=3765 ok=1
Cmd: translateComputeKernel
  api=14 insize=3765 outsize=4556 ok=1
Cmd: compileComputeKernel
  api=14 insize=4497 outsize=3174 ok=1
Cmd: translateComputeKernel
  api=14 insize=3078 outsize=3670 ok=1
Cmd: compileSnippet
  api=14 type=1 insize=731 outsize=1407 kw=ETC1_EXTERNAL_ALPHA pd=UNITY_NO_DXT5nm UNITY_ENABLE_REFLECTION_BUFFERS UNITY_NO_SCREENSPACE_SHADOWS UNITY_PBS_USE_BRDF2 SHADER_API_DESKTOP UNITY_HARDWARE_TIER3 UNITY_COLORSPACE_GAMMA UNITY_LIGHTMAP_DLDR_ENCODING ok=1
Cmd: shutdown

Quitting shader compiler process
